------------------------------
  Elements     Atomic Weight  
------------------------------
  1.	H          1.00800002
  2.	O         15.99899960
  3.	N         14.00699997
  4.	AR        39.94800186
  5.	HE         4.00299978
------------------------------


------------------------------------------------------------------------------------------------------------------
                                                Molecular        Temperature        Elements
  Species                  Phase  Charge         weight         Low      High       H       O       N      AR      HE
------------------------------------------------------------------------------------------------------------------
    1. HE                    G      0            4.003000    300.00   5000.00       0       0       0       0       1
    2. AR                    G      0           39.948002    300.00   5000.00       0       0       0       1       0
    3. N2                    G      0           28.014000    300.00   5000.00       0       0       2       0       0
    4. O2                    G      0           31.997999    300.00   5000.00       0       2       0       0       0
    5. H2                    G      0            2.016000    300.00   5000.00       2       0       0       0       0
    6. H2O                   G      0           18.015000    300.00   5000.00       2       1       0       0       0
    7. H2O2                  G      0           34.013999    300.00   5000.00       2       2       0       0       0
    8. O                     G      0           15.999000    300.00   5000.00       0       1       0       0       0
    9. H                     G      0            1.008000    300.00   5000.00       1       0       0       0       0
   10. OH                    G      0           17.007000    300.00   5000.00       1       1       0       0       0
   11. HO2                   G      0           33.005999    300.00   5000.00       1       2       0       0       0
------------------------------------------------------------------------------------------------------------------

------------------------------------------------------------------------------------------------------------------
  Species                  Shape       eps/kb          sigma             mu           alfa        zRot298         
------------------------------------------------------------------------------------------------------------------
    1. HE                    0        10.2000         2.5760         0.0000         0.0000         0.0000
    2. AR                    0       136.5000         3.3300         0.0000         0.0000         0.0000
    3. N2                    1        97.5300         3.6210         0.0000         1.7600         4.0000
    4. O2                    1       107.4000         3.4580         0.0000         1.6000         3.8000
    5. H2                    1        38.0000         2.9200         0.0000         0.7900       280.0000
    6. H2O                   2       572.4000         2.6050         1.8440         0.0000         4.0000
    7. H2O2                  2       107.4000         3.4580         0.0000         0.0000         3.8000
    8. O                     0        80.0000         2.7500         0.0000         0.0000         0.0000
    9. H                     0       145.0000         2.0500         0.0000         0.0000         0.0000
   10. OH                    1        80.0000         2.7500         0.0000         0.0000         0.0000
   11. HO2                   2       107.4000         3.4580         0.0000         0.0000         1.0000
------------------------------------------------------------------------


-----------------------------------------------------------------
                        CHEMICAL REACTIONS                       
-----------------------------------------------------------------

  Number of Reactions:                                  24
  Number of Reversible Reactions:                       18
  Number of Irreversible Reactions:                     6
  Number of Explicit Reverse Rate Reactions:            0
  Number of Fall-Off Reactions:                         2
  Number of Chemically-Activated Bimolecular Reactions: 0
  Number of Landau-Teller Reactions:                    0
  Number of Janev-Langer Reactions:                     0
  Number of Power-Series Reactions:                     0
  Number of Chebichev Polynomial Expansion Reactions:   0
  Number of Duplicate Reactions:                        0
  Number of Global Reactions:                           0
  Number of Bimolecular Coll. Reaction:                 0

  Fall-Off Reactions
    Number of Lindemann Reactions:      0
    Number of Troe Reactions:           2
    Number of SRI Reactions:            0

-----------------------------------------------------------------


      1. H+O2=OH+O
         k:       2.210000e+11	    0.00      16650.00


      2. O+H2=OH+H
         k:       4.330000e+10	    0.00      10000.00


      3. H+O2+M=HO2+M
         Fall-Off Reaction
         k0:      7.000000e+11	   -0.80          0.00
         kInf:    4.650000e+09	    0.40          0.00
         Troe Parameters
         a	5.00e-01
         b	1.00e-30
         c	1.00e+30
         d	0.00e+00
         H2O                 	enhanced by	  18.000
         H2                  	enhanced by	   2.500
         N2                  	enhanced by	   1.260
         AR                  	enhanced by	   0.800
         HE                  	enhanced by	   0.800
         O2                  	enhanced by	   0.000


      4. H+2O2=HO2+O2
         k:       8.900000e+08	    0.00      -2822.00


      5. OH+HO2=H2O+O2
         k:       5.000000e+10	    0.00       1000.00


      6. H+HO2=2OH
         k:       2.500000e+11	    0.00       1900.00


      7. O+HO2=O2+OH
         k:       3.250000e+10	    0.00          0.00


      8. 2OH=O+H2O
         k:       3.570000e+01	    2.40      -2110.00


      9. H2+M=2H+M
         k:       2.230000e+11	    0.00      96081.00
         H2                  	enhanced by	   2.500
         H2O                 	enhanced by	  12.000
         AR                  	enhanced by	   0.500
         HE                  	enhanced by	   0.500


     10. O2+M=2O+M
         k:       1.550000e+11	    0.00     115120.00
         H2                  	enhanced by	   2.500
         H2O                 	enhanced by	  12.000
         AR                  	enhanced by	   0.200
         HE                  	enhanced by	   0.200


     11. H+OH+M=H2O+M
         k:       4.500000e+16	   -2.00          0.00
         H2O                 	enhanced by	  16.000
         H2                  	enhanced by	   2.000


     12. H+HO2=H2+O2
         k:       2.500000e+10	    0.00        700.00


     13. 2HO2=H2O2+O2
         k:       2.110000e+09	    0.00          0.00


     14. 2OH+M=H2O2+M
         Fall-Off Reaction
         k0:      2.300000e+12	   -0.90      -1700.00
         kInf:    7.400000e+10	   -0.37          0.00
         Troe Parameters
         a	7.35e-01
         b	9.40e+01
         c	1.76e+03
         d	5.18e+03
         H2                  	enhanced by	   2.000
         H2O                 	enhanced by	   6.000
         AR                  	enhanced by	   0.700
         HE                  	enhanced by	   0.700


     15. O+OH+M=HO2+M
         k:       1.000000e+10	    0.00          0.00


     16. H+H2O=H2+OH
         k:       4.000000e+07	    1.00      19000.00


     17. H2O2+H=H2O+OH
         k:       2.410000e+10	    0.00       3970.00


     18. H2O2+H=H2+HO2
         k:       6.025000e+10	    0.00       7950.00


     19. H+H2=>H2+H
         k:       3.369000e+04	    2.00       7658.60


     20. OH+H2O=>H2O+OH
         k:       3.994000e+03	    2.00       2223.39


     21. HO2+H2O=>H2O2+OH
         k:       5.388000e+02	    2.00      28780.05


     22. OH+H2O2=>H2O+HO2
         k:       3.195000e+02	    2.00      -4169.95


     23. O+H2O2=>OH+HO2
         k:       1.083000e+03	    2.00      -1657.32


     24. HO2+H2O2=>H2O2+HO2
         k:       4.310000e+01	    2.00       5529.49


