 ----------------------------------------------------------------------------------------------------------------------------------------------------------------------------------------------------------------------------------------------------------
                     SPECIFIC HEAT COEFFICIENTS                                                                     

             Cp = A + B*T + C*T^2 + D*T^3 + E*T^4  [J/kg/K]                                                         

    Species                      Cp(298K)         Cp(1000K)          LT-HT            A(LT)            B(LT)            C(LT)            D(LT)            E(LT)             A(HT)           B(HT)            C(HT)            D(HT)           E(HT)      
 ----------------------------------------------------------------------------------------------------------------------------------------------------------------------------------------------------------------------------------------------------------

    1. HE                       5.192651e+03     5.192651e+03     1.000000e+03     5.192651e+03     0.000000e+00     0.000000e+00     0.000000e+00     0.000000e+00     5.192651e+03     0.000000e+00     0.000000e+00     0.000000e+00     0.000000e+00
    2. AR                       5.203309e+02     5.203309e+02     1.000000e+03     5.203309e+02     0.000000e+00     0.000000e+00     0.000000e+00     0.000000e+00     5.203309e+02     0.000000e+00     0.000000e+00     0.000000e+00     0.000000e+00
    3. N2                       1.037720e+03     1.169486e+03     1.000000e+03     9.790376e+02     4.179614e-01    -1.176272e-03     1.674385e-06    -7.256254e-10     9.790376e+02     4.179614e-01    -1.176272e-03     1.674385e-06    -7.256254e-10
    4. O2                       9.161211e+02     1.091818e+03     1.000000e+03     8.348605e+02     2.929699e-01    -1.495698e-04     3.414024e-07    -2.278452e-10     8.348605e+02     2.929699e-01    -1.495698e-04     3.414024e-07    -2.278452e-10
    5. H2                       1.432101e+04     1.496069e+04     1.000000e+03     1.360226e+04     3.402269e+00    -3.358376e-03    -3.907898e-07     1.705321e-09     1.360226e+04     3.402269e+00    -3.358376e-03    -3.907898e-07     1.705321e-09
    6. H2O                      1.856604e+03     2.293401e+03     1.000000e+03     1.563131e+03     1.603810e+00    -2.932886e-03     3.216213e-06    -1.156867e-09     1.563131e+03     1.603810e+00    -2.932886e-03     3.216213e-06    -1.156867e-09
    7. H2O2                     1.278501e+03     1.871254e+03     1.000000e+03     8.283558e+02     1.605799e+00    -3.630003e-05    -1.130744e-06     6.041435e-10     8.283558e+02     1.605799e+00    -3.630003e-05    -1.130744e-06     6.041435e-10
    8. O                        1.368805e+03     1.307283e+03     1.000000e+03     1.531220e+03    -8.513336e-01     1.258178e-03    -8.329767e-07     2.021944e-10     1.531220e+03    -8.513336e-01     1.258178e-03    -8.329767e-07     2.021944e-10
    9. H                        2.062121e+04     2.062121e+04     1.000000e+03     2.062121e+04     0.000000e+00     0.000000e+00     0.000000e+00     0.000000e+00     2.062121e+04     0.000000e+00     0.000000e+00     0.000000e+00     0.000000e+00
   10. OH                       1.708936e+03     1.806009e+03     1.710000e+03     1.671480e+03     1.560795e-01    -1.507198e-04     1.781535e-07    -4.898410e-11     1.671480e+03     1.560795e-01    -1.507198e-04     1.781535e-07    -4.898410e-11
   11. HO2                      1.057091e+03     1.442633e+03     1.000000e+03     1.083657e+03    -1.196341e+00     5.329940e-03    -6.115414e-06     2.340792e-09     1.083657e+03    -1.196341e+00     5.329940e-03    -6.115414e-06     2.340792e-09

 ----------------------------------------------------------------------------------------------------------------------------------------------------------------------------------------------------------------------------------------------------------


 -------------------------------------------------------------------------------------------------------------------------------------------------------------------------------------------------------------------------------------------------------------------------------------------
                           ENTHALPY COEFFICIENTS                                                                     

             H/(RT) = A + B*T + C*T^2 + D*T^3 + E*T^4 + F/T  [-]                                                         

    Species                   H(298K)[J/kmol]  H(1000K)[J/kmol]      LT-HT            A(LT)            B(LT)            C(LT)            D(LT)            E(LT)           F(LT)             A(HT)            B(HT)            C(HT)           D(HT)             E(HT)            F(HT)      
 -------------------------------------------------------------------------------------------------------------------------------------------------------------------------------------------------------------------------------------------------------------------------------------------

    1. HE                      -3.117927e+03     1.458878e+07     1.000000e+03     2.500000e+00     0.000000e+00     0.000000e+00     0.000000e+00     0.000000e+00    -7.453750e+02     2.500000e+00     0.000000e+00     0.000000e+00     0.000000e+00     0.000000e+00    -7.453750e+02
    2. AR                      -3.118759e+03     1.458878e+07     1.000000e+03     2.500000e+00     0.000000e+00     0.000000e+00     0.000000e+00     0.000000e+00    -7.453751e+02     3.125000e+00    -7.031252e-04     3.125002e-07    -3.906252e-11     0.000000e+00    -9.406876e+02
    3. N2                      -2.931732e+03     2.146989e+07     1.000000e+03     3.298677e+00     7.041200e-04    -1.321074e-06     1.410379e-09    -4.889708e-13    -1.020900e+03     2.926638e+00     7.439885e-04    -1.894920e-07     2.524260e-11    -1.350670e-15    -9.227954e+02
    4. O2                      -5.244973e+03     2.272060e+07     1.000000e+03     3.212936e+00     5.637431e-04    -1.918717e-07     3.284693e-10    -1.753711e-13    -1.005249e+03     3.697577e+00     3.067598e-04    -4.196140e-08     4.438203e-12    -2.272870e-16    -1.233930e+03
    5. H2                      -1.882894e+03     2.066687e+07     1.000000e+03     3.298124e+00     4.124721e-04    -2.714338e-07    -2.368859e-11     8.269744e-14    -1.012521e+03     2.991422e+00     3.500322e-04    -1.877943e-08    -2.307895e-12     3.165504e-16    -8.350335e+02
    6. H2O                     -2.418516e+08    -2.158535e+08     1.000000e+03     3.386842e+00     1.737491e-03    -2.118232e-06     1.742145e-09    -5.013176e-13    -3.020811e+04     2.672146e+00     1.528146e-03    -2.910087e-07     3.002490e-11    -1.278324e-15    -2.989921e+04
    7. H2O2                    -1.361152e+08    -9.729116e+07     1.000000e+03     3.388753e+00     3.284613e-03    -4.950040e-08    -1.156451e-09     4.943028e-13    -1.766314e+04     4.573166e+00     2.168068e-03    -4.915630e-07     5.872257e-11    -2.863308e-15    -1.800695e+04
    8. O                        2.491957e+08     2.640601e+08     1.000000e+03     2.946428e+00    -8.190830e-04     8.070103e-07    -4.007107e-10     7.781392e-14     2.914764e+04     2.542059e+00    -1.377531e-05    -1.034268e-09     1.137767e-12    -8.736102e-17     2.923080e+04
    9. H                        2.179774e+08     2.325693e+08     1.000000e+03     2.500000e+00     0.000000e+00     0.000000e+00     0.000000e+00     0.000000e+00     2.547162e+04     2.500000e+00     0.000000e+00     0.000000e+00     0.000000e+00     0.000000e+00     2.547162e+04
   10. OH                       3.727896e+07     5.819742e+07     1.710000e+03     3.418962e+00     1.596279e-04    -1.027642e-07     9.110187e-11    -2.003910e-14     3.452644e+03     2.853760e+00     5.149717e-04    -7.755549e-08     4.843768e-12    -6.315197e-17     3.699497e+03
   11. HO2                      1.254671e+07     4.210583e+07     1.000000e+03     4.301798e+00    -2.374560e-03     7.052763e-06    -6.069097e-09     1.858450e-12     2.948080e+02     4.017211e+00     1.119910e-03    -2.112194e-07     2.856159e-11    -2.158171e-15     1.118567e+02

 -------------------------------------------------------------------------------------------------------------------------------------------------------------------------------------------------------------------------------------------------------------------------------------------


 -------------------------------------------------------------------------------------------------------------------------------------------------------------------------------------------------------------------------------------------------------------------------------------------
                             ENTROPY COEFFICIENTS                                                                     

             S/R = A*lnT + B*T + C*T^2 + D*T^3 + E*T^4 + F  [-]                                                         

    Species                 S(298K)[J/kmol/K] S(1000K)[J/kmol/K]     LT-HT            A(LT)            B(LT)            C(LT)            D(LT)            E(LT)           F(LT)             A(HT)            B(HT)            C(HT)           D(HT)             E(HT)            F(HT)      
 -------------------------------------------------------------------------------------------------------------------------------------------------------------------------------------------------------------------------------------------------------------------------------------------

    1. HE                       1.261427e+05     1.513077e+05     1.000000e+03     2.500000e+00     0.000000e+00     0.000000e+00     0.000000e+00     0.000000e+00     9.287240e-01     2.500000e+00     0.000000e+00     0.000000e+00     0.000000e+00     0.000000e+00     9.287240e-01
    2. AR                       1.547218e+05     1.798868e+05     1.000000e+03     2.500000e+00     0.000000e+00     0.000000e+00     0.000000e+00     0.000000e+00     4.366001e+00     3.125000e+00    -1.406250e-03     4.687502e-07    -5.208336e-11     0.000000e+00     1.038237e+00
    3. N2                       1.914978e+05     2.280888e+05     1.000000e+03     3.298677e+00     1.408240e-03    -1.981611e-06     1.880505e-09    -6.112135e-13     3.950372e+00     2.926638e+00     1.487977e-03    -2.842380e-07     3.365680e-11    -1.688338e-15     5.980540e+00
    4. O2                       2.050301e+05     2.435088e+05     1.000000e+03     3.212936e+00     1.127486e-03    -2.878075e-07     4.379590e-10    -2.192138e-13     6.034739e+00     3.697577e+00     6.135197e-04    -6.294210e-08     5.917603e-12    -2.841088e-16     3.189171e+00
    5. H2                       1.305811e+05     1.661075e+05     1.000000e+03     3.298124e+00     8.249441e-04    -4.071507e-07    -3.158478e-11     1.033718e-13    -3.294094e+00     2.991422e+00     7.000644e-04    -2.816914e-08    -3.077193e-12     3.956880e-16    -1.355106e+00
    6. H2O                      1.886994e+05     2.326352e+05     1.000000e+03     3.386842e+00     3.474982e-03    -3.177348e-06     2.322860e-09    -6.266470e-13     2.590232e+00     2.672146e+00     3.056293e-03    -4.365130e-07     4.003320e-11    -1.597904e-15     6.862811e+00
    7. H2O2                     2.328593e+05     2.973667e+05     1.000000e+03     3.388753e+00     6.569226e-03    -7.425060e-08    -1.541935e-09     6.178785e-13     6.785363e+00     4.573166e+00     4.336136e-03    -7.373445e-07     7.829677e-11    -3.579135e-15     5.011379e-01
    8. O                        1.609351e+05     1.866810e+05     1.000000e+03     2.946428e+00    -1.638166e-03     1.210515e-06    -5.342810e-10     9.726740e-14     2.963995e+00     2.542059e+00    -2.755061e-05    -1.551401e-09     1.517022e-12    -1.092013e-16     4.920309e+00
    9. H                        1.145952e+05     1.397602e+05     1.000000e+03     2.500000e+00     0.000000e+00     0.000000e+00     0.000000e+00     0.000000e+00    -4.601176e-01     2.500000e+00     0.000000e+00     0.000000e+00     0.000000e+00     0.000000e+00    -4.601176e-01
   10. OH                       1.838076e+05     2.196951e+05     1.710000e+03     3.418962e+00     3.192558e-04    -1.541464e-07     1.214692e-10    -2.504887e-14     2.544334e+00     2.853760e+00     1.029943e-03    -1.163332e-07     6.458357e-12    -7.893996e-17     5.787568e+00
   11. HO2                      2.290871e+05     2.784798e+05     1.000000e+03     4.301798e+00    -4.749121e-03     1.057914e-05    -8.092130e-09     2.323063e-12     3.716662e+00     4.017211e+00     2.239820e-03    -3.168291e-07     3.808212e-11    -2.697713e-15     3.785102e+00

 -------------------------------------------------------------------------------------------------------------------------------------------------------------------------------------------------------------------------------------------------------------------------------------------


