 ----------------------------------------------------------------------------------------------------------------------------------
                       VISCOSITY FITTING COEFFICIENTS    

             mu = exp( A + B*logT + C*(logT)^2 + D*(logT)^3 )  [kg/m/s]      

    Species                         A                 B              C                 D              mu(298K)        mu(1000K)    
 ----------------------------------------------------------------------------------------------------------------------------------

    1. HE                      -1.336000e+01     1.737931e-01     6.283735e-02    -2.701053e-03     1.979992e-05     4.312615e-05
    2. AR                      -2.050642e+01     3.095535e+00    -3.196496e-01     1.389074e-02     2.306575e-05     5.559968e-05
    3. N2                      -1.827967e+01     2.125205e+00    -1.952096e-01     8.570178e-03     1.803205e-05     4.152479e-05
    4. O2                      -1.879199e+01     2.380632e+00    -2.283131e-01     9.999971e-03     2.059330e-05     4.794608e-05
    5. H2                      -1.575919e+01     8.343508e-01    -2.547445e-02     1.137929e-03     8.964651e-06     1.967459e-05
    6. H2O                     -2.142721e+01     2.514308e+00    -1.409672e-01     2.183081e-03     1.269061e-05     4.250236e-05
    7. H2O2                    -1.876144e+01     2.380632e+00    -2.283131e-01     9.999971e-03     2.123212e-05     4.943341e-05
    8. CO                      -1.833347e+01     2.139597e+00    -1.970793e-01     8.651155e-03     1.771877e-05     4.082823e-05
    9. CO2                     -2.565100e+01     4.853602e+00    -5.316061e-01     2.241380e-02     1.497217e-05     4.098897e-05
   10. O                       -1.682542e+01     1.671352e+00    -1.357822e-01     5.976904e-03     2.478074e-05     5.605595e-05
   11. H                       -2.184883e+01     3.269415e+00    -3.413818e-01     1.479672e-02     9.475612e-06     2.306982e-05
   12. OH                      -1.679487e+01     1.671352e+00    -1.357822e-01     5.976904e-03     2.554946e-05     5.779485e-05
   13. HO2                     -1.877648e+01     2.380632e+00    -2.283131e-01     9.999971e-03     2.091515e-05     4.869543e-05
   14. HCO                     -2.434500e+01     3.675783e+00    -3.112234e-01     1.027679e-02     9.122430e-06     2.992420e-05

 ----------------------------------------------------------------------------------------------------------------------------------


 ----------------------------------------------------------------------------------------------------------------------------------
                     THERMAL CONDUCTIVITY FITTING COEFFICIENTS                                                                     

             lambda = exp( A + B*logT + C*(logT)^2 + D*(logT)^3 )  [W/m/K]                                                         

    Species                         A                 B              C                 D           lambda(298K)     lambda(1000K)  
 ----------------------------------------------------------------------------------------------------------------------------------

    1. HE                      -4.399536e+00     1.737931e-01     6.283735e-02    -2.701053e-03     1.542211e-01     3.359086e-01
    2. AR                      -1.384649e+01     3.095535e+00    -3.196496e-01     1.389074e-02     1.800273e-02     4.339535e-02
    3. N2                      -1.404725e+00    -2.277762e+00     4.619742e-01    -2.300982e-02     2.620370e-02     6.860845e-02
    4. O2                      -1.409841e+01     3.186808e+00    -3.155297e-01     1.373753e-02     2.615354e-02     7.333323e-02
    5. H2                       1.132894e+00    -2.003913e+00     3.447816e-01    -1.390148e-02     1.894607e-01     4.317744e-01
    6. H2O                      3.527987e+00    -5.158742e+00     9.773771e-01    -5.012587e-02     3.310695e-02     1.364026e-01
    7. H2O2                    -9.972179e+00     1.038481e+00     6.070369e-02    -6.555694e-03     3.696387e-02     1.270880e-01
    8. CO                      -3.150885e+00    -1.592803e+00     3.721224e-01    -1.910993e-02     2.519989e-02     6.747779e-02
    9. CO2                     -2.445287e+01     6.593031e+00    -6.749044e-01     2.561308e-02     1.723300e-02     6.913051e-02
   10. O                       -9.250433e+00     1.671352e+00    -1.357822e-01     5.976904e-03     4.829337e-02     1.092433e-01
   11. H                       -1.150929e+01     3.269415e+00    -3.413818e-01     1.479672e-02     2.930979e-01     7.135913e-01
   12. OH                       2.912358e+00    -3.513355e+00     5.953643e-01    -2.736923e-02     5.838309e-02     1.395435e-01
   13. HO2                     -8.454851e+00     4.866885e-01     1.086264e-01    -7.411021e-03     2.939770e-02     9.514082e-02
   14. HCO                     -1.316788e+01     1.327512e+00     1.114454e-01    -1.234633e-02     1.397189e-02     6.396156e-02

 ----------------------------------------------------------------------------------------------------------------------------------


 -------------------------------------------------------------------------------------------------------------------------------------------------------------
                     BINARY DIFFUSIVITY FITTING COEFFICIENTS                                                                                                  

             Djk = ( exp( A + B*logT + C*(logT)^2 + D*(logT)^3 ) ) / P    [m2/s]  (P in bar)                                                                  

             Species             Species                      A                 B              C                 D             Djk(298K)        Djk(1000K)    
 -------------------------------------------------------------------------------------------------------------------------------------------------------------

    1    2   HE                  AR                      -1.956861e+01     1.922741e+00    -3.613166e-02     1.617472e-03     7.573943e-05     5.655350e-04
    1    3   HE                  N2                      -1.928528e+01     1.784226e+00    -1.705284e-02     7.433801e-04     7.217629e-05     5.372959e-04
    1    4   HE                  O2                      -1.923837e+01     1.778421e+00    -1.597950e-02     6.827291e-04     7.493104e-05     5.581237e-04
    1    5   HE                  H2                      -1.916185e+01     2.098129e+00    -6.546562e-02     3.203733e-03     1.598901e-04     1.187016e-03
    1    6   HE                  H2O                     -2.114564e+01     2.614015e+00    -1.254563e-01     5.459796e-03     8.999962e-05     6.923427e-04
    1    7   HE                  H2O2                    -1.924168e+01     1.778421e+00    -1.597950e-02     6.827291e-04     7.468373e-05     5.562815e-04
    1    8   HE                  CO                      -1.928813e+01     1.781074e+00    -1.658198e-02     7.202748e-04     7.147230e-05     5.320688e-04
    1    9   HE                  CO2                     -2.071937e+01     2.317945e+00    -9.022702e-02     4.079431e-03     6.202427e-05     4.674145e-04
    1   10   HE                  O                       -1.897456e+01     1.810829e+00    -2.138017e-02     9.712120e-04     1.038629e-04     7.725135e-04
    1   11   HE                  H                       -1.843192e+01     1.965284e+00    -4.207628e-02     1.893741e-03     2.609951e-04     1.950310e-03
    1   12   HE                  OH                      -1.898052e+01     1.810829e+00    -2.138017e-02     9.712120e-04     1.032450e-04     7.679182e-04
    1   13   HE                  HO2                     -1.924007e+01     1.778421e+00    -1.597950e-02     6.827291e-04     7.480371e-05     5.571752e-04
    1   14   HE                  HCO                     -2.122251e+01     2.496492e+00    -1.098756e-01     4.769794e-03     6.227212e-05     4.769564e-04

    2    3   AR                  N2                      -2.469665e+01     3.415936e+00    -2.280948e-01     9.845492e-03     2.002632e-05     1.602185e-04
    2    4   AR                  O2                      -2.495170e+01     3.511446e+00    -2.399398e-01     1.033576e-02     1.993204e-05     1.603947e-04
    2    5   AR                  H2                      -2.098942e+01     2.512852e+00    -1.120473e-01     4.866151e-03     8.187009e-05     6.274432e-04
    2    6   AR                  H2O                     -3.005985e+01     5.422393e+00    -4.646429e-01     1.915710e-02     2.239901e-05     2.117360e-04
    2    7   AR                  H2O2                    -2.496844e+01     3.511446e+00    -2.399398e-01     1.033576e-02     1.960132e-05     1.577334e-04
    2    8   AR                  CO                      -2.472029e+01     3.421451e+00    -2.287761e-01     9.873565e-03     1.984427e-05     1.588166e-04
    2    9   AR                  CO2                     -2.792511e+01     4.519279e+00    -3.638614e-01     1.542836e-02     1.458813e-05     1.254031e-04
    2   10   AR                  O                       -2.367321e+01     3.205102e+00    -2.014742e-01     8.723376e-03     3.232647e-05     2.556952e-04
    2   11   AR                  H                       -2.404551e+01     3.878857e+00    -2.858293e-01     1.225002e-02     1.285395e-04     1.056886e-03
    2   12   AR                  OH                      -2.369483e+01     3.205102e+00    -2.014742e-01     8.723376e-03     3.163504e-05     2.502261e-04
    2   13   AR                  HO2                     -2.496026e+01     3.511446e+00    -2.399398e-01     1.033576e-02     1.976232e-05     1.590290e-04
    2   14   AR                  HCO                     -3.014424e+01     5.312043e+00    -4.538824e-01     1.882776e-02     1.464800e-05     1.361258e-04

    3    4   N2                  O2                      -2.398514e+01     3.157841e+00    -1.954201e-01     8.464549e-03     2.097508e-05     1.655295e-04
    3    5   N2                  H2                      -2.039944e+01     2.257618e+00    -7.831538e-02     3.377532e-03     7.830356e-05     5.943403e-04
    3    6   N2                  H2O                     -2.912868e+01     5.133837e+00    -4.352233e-01     1.819219e-02     2.387188e-05     2.168052e-04
    3    7   N2                  H2O2                    -2.399917e+01     3.157841e+00    -1.954201e-01     8.464549e-03     2.068288e-05     1.632235e-04
    3    8   N2                  CO                      -2.376186e+01     3.067328e+00    -1.839113e-01     7.976123e-03     2.078411e-05     1.632643e-04
    3    9   N2                  CO2                     -2.667636e+01     4.081117e+00    -3.104646e-01     1.325245e-02     1.585460e-05     1.321972e-04
    3   10   N2                  O                       -2.280236e+01     2.866800e+00    -1.580844e-01     6.865192e-03     3.259291e-05     2.536277e-04
    3   11   N2                  H                       -2.303271e+01     3.472390e+00    -2.350542e-01     1.013168e-02     1.226893e-04     9.850626e-04
    3   12   N2                  OH                      -2.282159e+01     2.866800e+00    -1.580844e-01     6.865192e-03     3.197222e-05     2.487977e-04
    3   13   N2                  HO2                     -2.399232e+01     3.157841e+00    -1.954201e-01     8.464549e-03     2.082503e-05     1.643453e-04
    3   14   N2                  HCO                     -2.911880e+01     4.985453e+00    -4.186872e-01     1.758165e-02     1.581629e-05     1.414139e-04

    4    5   O2                  H2                      -2.052397e+01     2.321692e+00    -8.669941e-02     3.743578e-03     8.117973e-05     6.177750e-04
    4    6   O2                  H2O                     -2.936079e+01     5.213147e+00    -4.433163e-01     1.845738e-02     2.401793e-05     2.205207e-04
    4    7   O2                  H2O2                    -2.427554e+01     3.264963e+00    -2.090957e-01     9.047303e-03     2.063750e-05     1.637351e-04
    4    8   O2                  CO                      -2.401075e+01     3.164365e+00    -1.962551e-01     8.500215e-03     2.078831e-05     1.641077e-04
    4    9   O2                  CO2                     -2.702334e+01     4.207146e+00    -3.258634e-01     1.388095e-02     1.565667e-05     1.316663e-04
    4   10   O2                  O                       -2.302542e+01     2.961427e+00    -1.703283e-01     7.394278e-03     3.313428e-05     2.589463e-04
    4   11   O2                  H                       -2.329034e+01     3.587962e+00    -2.496196e-01     1.074475e-02     1.278765e-04     1.033264e-03
    4   12   O2                  OH                      -2.304557e+01     2.961427e+00    -1.703283e-01     7.394278e-03     3.247307e-05     2.537788e-04
    4   13   O2                  HO2                     -2.426819e+01     3.264963e+00    -2.090957e-01     9.047303e-03     2.078969e-05     1.649426e-04
    4   14   O2                  HCO                     -2.942859e+01     5.092390e+00    -4.307431e-01     1.803307e-02     1.568432e-05     1.417584e-04

    5    6   H2                  H2O                     -2.464616e+01     3.972356e+00    -2.971324e-01     1.270627e-02     9.053689e-05     7.494460e-04
    5    7   H2                  H2O2                    -2.052573e+01     2.321692e+00    -8.669941e-02     3.743578e-03     8.103701e-05     6.166890e-04
    5    8   H2                  CO                      -2.041771e+01     2.261112e+00    -7.876932e-02     3.397204e-03     7.756690e-05     5.888371e-04
    5    9   H2                  CO2                     -2.252000e+01     3.037082e+00    -1.800533e-01     7.811805e-03     6.659036e-05     5.222876e-04
    5   10   H2                  O                       -1.991095e+01     2.198683e+00    -7.126404e-02     3.098823e-03     1.089251e-04     8.234011e-04
    5   11   H2                  H                       -2.013105e+01     2.560566e+00    -1.183904e-01     5.147928e-03     2.173617e-04     1.668744e-03
    5   12   H2                  OH                      -1.991428e+01     2.198683e+00    -7.126404e-02     3.098823e-03     1.085633e-04     8.206659e-04
    5   13   H2                  HO2                     -2.052488e+01     2.321692e+00    -8.669941e-02     3.743578e-03     8.110622e-05     6.172157e-04
    5   14   H2                  HCO                     -2.462119e+01     3.832501e+00    -2.802104e-01     1.202281e-02     6.386795e-05     5.234325e-04

    6    7   H2O                 H2O2                    -2.938922e+01     5.213147e+00    -4.433163e-01     1.845738e-02     2.334463e-05     2.143388e-04
    6    8   H2O                 CO                      -2.915498e+01     5.139761e+00    -4.358702e-01     1.821547e-02     2.365245e-05     2.149563e-04
    6    9   H2O                 CO2                     -3.075944e+01     5.447941e+00    -4.480897e-01     1.768558e-02     1.677940e-05     1.702163e-04
    6   10   H2O                 O                       -2.805399e+01     4.914467e+00    -4.104931e-01     1.726630e-02     3.767848e-05     3.346918e-04
    6   11   H2O                 H                       -2.840603e+01     5.449802e+00    -4.664252e-01     1.916604e-02     1.293851e-04     1.232001e-03
    6   12   H2O                 OH                      -2.806993e+01     4.914467e+00    -4.104931e-01     1.726630e-02     3.708238e-05     3.293967e-04
    6   13   H2O                 HO2                     -2.938396e+01     5.213147e+00    -4.433163e-01     1.845738e-02     2.346773e-05     2.154691e-04
    6   14   H2O                 HCO                     -2.859567e+01     4.315331e+00    -2.663563e-01     8.527338e-03     1.543109e-05     1.690361e-04

    7    8   H2O2                CO                      -2.402478e+01     3.164365e+00    -1.962551e-01     8.500215e-03     2.049874e-05     1.618217e-04
    7    9   H2O2                CO2                     -2.704080e+01     4.207146e+00    -3.258634e-01     1.388095e-02     1.538567e-05     1.293873e-04
    7   10   H2O2                O                       -2.303539e+01     2.961427e+00    -1.703283e-01     7.394278e-03     3.280534e-05     2.563756e-04
    7   11   H2O2                H                       -2.329124e+01     3.587962e+00    -2.496196e-01     1.074475e-02     1.277607e-04     1.032328e-03
    7   12   H2O2                OH                      -2.305597e+01     2.961427e+00    -1.703283e-01     7.394278e-03     3.213736e-05     2.511552e-04
    7   13   H2O2                HO2                     -2.428347e+01     3.264963e+00    -2.090957e-01     9.047303e-03     2.047448e-05     1.624417e-04
    7   14   H2O2                HCO                     -2.944288e+01     5.092390e+00    -4.307431e-01     1.803307e-02     1.546169e-05     1.397462e-04

    8    9   CO                  CO2                     -2.670497e+01     4.088549e+00    -3.113704e-01     1.328932e-02     1.571484e-05     1.310986e-04
    8   10   CO                  O                       -2.282684e+01     2.872628e+00    -1.588422e-01     6.898092e-03     3.227546e-05     2.512210e-04
    8   11   CO                  H                       -2.305765e+01     3.477651e+00    -2.357003e-01     1.015815e-02     1.213415e-04     9.745730e-04
    8   12   CO                  OH                      -2.284607e+01     2.872628e+00    -1.588422e-01     6.898092e-03     3.166085e-05     2.464371e-04
    8   13   CO                  HO2                     -2.401793e+01     3.164365e+00    -1.962551e-01     8.500215e-03     2.063961e-05     1.629338e-04
    8   14   CO                  HCO                     -2.914837e+01     4.992826e+00    -4.195470e-01     1.761514e-02     1.567032e-05     1.402001e-04

    9   10   CO2                 O                       -2.562741e+01     3.864730e+00    -2.841196e-01     1.218099e-02     2.544658e-05     2.090189e-04
    9   11   CO2                 H                       -2.619894e+01     4.588443e+00    -3.720437e-01     1.575184e-02     9.895376e-05     8.554771e-04
    9   12   CO2                 OH                      -2.564963e+01     3.864730e+00    -2.841196e-01     1.218099e-02     2.488738e-05     2.044257e-04
    9   13   CO2                 HO2                     -2.703226e+01     4.207146e+00    -3.258634e-01     1.388095e-02     1.551762e-05     1.304970e-04
    9   14   CO2                 HCO                     -3.118752e+01     5.486001e+00    -4.582054e-01     1.831750e-02     1.099483e-05     1.096723e-04

   10   11   O                   H                       -2.213410e+01     3.271208e+00    -2.098882e-01     9.080879e-03     1.785056e-04     1.416700e-03
   10   12   O                   OH                      -2.194873e+01     2.697837e+00    -1.363669e-01     5.933782e-03     4.978847e-05     3.843797e-04
   10   13   O                   HO2                     -2.303053e+01     2.961427e+00    -1.703283e-01     7.394278e-03     3.296520e-05     2.576249e-04
   10   14   O                   HCO                     -2.801773e+01     4.754688e+00    -3.920573e-01     1.655785e-02     2.508915e-05     2.196277e-04

   11   12   H                   OH                      -2.213586e+01     3.271208e+00    -2.098882e-01     9.080879e-03     1.781918e-04     1.414209e-03
   11   13   H                   HO2                     -2.329080e+01     3.587962e+00    -2.496196e-01     1.074475e-02     1.278168e-04     1.032782e-03
   11   14   H                   HCO                     -2.848661e+01     5.365775e+00    -4.594000e-01     1.901093e-02     9.027374e-05     8.451217e-04

   12   13   OH                  HO2                     -2.305090e+01     2.961427e+00    -1.703283e-01     7.394278e-03     3.230052e-05     2.524304e-04
   12   14   OH                  HCO                     -2.803721e+01     4.754688e+00    -3.920573e-01     1.655785e-02     2.460521e-05     2.153914e-04

   13   14   HO2                 HCO                     -2.943590e+01     5.092390e+00    -4.307431e-01     1.803307e-02     1.557001e-05     1.407252e-04


 -------------------------------------------------------------------------------------------------------------------------------------------------------------


 -------------------------------------------------------------------------------------------------------------------------------------------------------------
                   THERMAL DIFFUSION RATIOS FITTING COEFFICIENTS                                                                                                  

                       Teta_jk = A + B*T + C*T^2 + D*T^3   [-]                                                                  

             Species             Species                      A                 B              C                 D          Tetajk(298K)      Tetajk(1000K)   
 -------------------------------------------------------------------------------------------------------------------------------------------------------------

    1    1   HE                  HE                       0.000000e+00     0.000000e+00     0.000000e+00     0.000000e+00     0.000000e+00     0.000000e+00
    1    2   HE                  AR                      -4.599940e-01     3.965643e-05    -3.572218e-08     7.102131e-12    -4.511607e-01    -4.489576e-01
    1    3   HE                  N2                      -4.127489e-01     1.684373e-05    -2.733113e-08     7.165297e-12    -4.099669e-01    -4.160710e-01
    1    4   HE                  O2                      -4.315514e-01     2.549866e-05    -3.123942e-08     7.382300e-12    -4.265316e-01    -4.299099e-01
    1    5   HE                  H2                       1.561237e-01     6.238669e-05    -2.692413e-08     5.236155e-14     1.723254e-01     1.916386e-01
    1    6   HE                  H2O                     -2.972557e-01    -8.125846e-05     3.812242e-08    -5.631723e-12    -3.182343e-01    -3.460234e-01
    1    7   HE                  H2O2                    -4.380960e-01     2.588535e-05    -3.171318e-08     7.494254e-12    -4.330001e-01    -4.364295e-01
    1    8   HE                  CO                      -4.129581e-01     1.736023e-05    -2.752877e-08     7.165706e-12    -4.100398e-01    -4.159609e-01
    1    9   HE                  CO2                     -4.616614e-01     2.394179e-05    -1.904780e-08     2.982744e-12    -4.561393e-01    -4.537846e-01
    1   10   HE                  O                       -3.228913e-01    -3.551815e-06    -1.455881e-08     5.484985e-12    -3.250974e-01    -3.355169e-01
    1   11   HE                  H                        3.367263e-01    -3.000356e-05     2.590479e-08    -4.987562e-12     3.299537e-01     3.276400e-01
    1   12   HE                  OH                      -3.332300e-01    -3.665542e-06    -1.502498e-08     5.660611e-12    -3.355069e-01    -3.462600e-01
    1   13   HE                  HO2                     -4.349128e-01     2.569727e-05    -3.148275e-08     7.439802e-12    -4.298539e-01    -4.332585e-01
    1   14   HE                  HCO                     -3.691673e-01    -7.103895e-05     3.303808e-08    -5.002176e-12    -3.875354e-01    -4.121703e-01

    2    1   H2                  HE                      -1.561237e-01    -6.238669e-05     2.692413e-08    -5.236155e-14    -1.723254e-01    -1.916386e-01
    2    2   H2                  AR                      -4.378792e-01    -8.921449e-05     4.159103e-08    -6.271221e-12    -4.609376e-01    -4.917739e-01
    2    3   H2                  N2                      -4.541338e-01    -2.424898e-05     8.719766e-09    -1.514693e-12    -4.606257e-01    -4.711777e-01
    2    4   H2                  O2                      -4.534768e-01    -4.085384e-05     1.740681e-08    -2.810962e-12    -4.641798e-01    -4.797348e-01
    2    5   H2                  H2                       0.000000e+00     0.000000e+00     0.000000e+00     0.000000e+00     0.000000e+00     0.000000e+00
    2    6   H2                  H2O                     -9.225314e-02    -4.742262e-04     1.957500e-07    -2.499692e-11    -2.168507e-01    -3.957262e-01
    2    7   H2                  H2O2                    -4.568890e-01    -4.116125e-05     1.753779e-08    -2.832113e-12    -4.676726e-01    -4.833446e-01
    2    8   H2                  CO                      -4.536239e-01    -2.516711e-05     9.211717e-09    -1.588819e-12    -4.603477e-01    -4.711681e-01
    2    9   H2                  CO2                     -3.511160e-01    -2.336558e-04     1.072249e-07    -1.496807e-11    -4.116195e-01    -4.925150e-01
    2   10   H2                  O                       -4.204667e-01     3.287477e-06    -6.103079e-09     8.093488e-13    -4.200076e-01    -4.224730e-01
    2   11   H2                  H                        1.585931e-01     3.775349e-05    -1.768016e-08     2.636753e-12     1.683433e-01     1.813031e-01
    2   12   H2                  OH                      -4.268911e-01     3.337707e-06    -6.196329e-09     8.217150e-13    -4.264250e-01    -4.289280e-01
    2   13   H2                  HO2                     -4.552320e-01    -4.101197e-05     1.747418e-08    -2.821842e-12    -4.659765e-01    -4.815916e-01
    2   14   H2                  HCO                     -1.939606e-01    -4.119931e-04     1.773313e-07    -2.332675e-11    -3.016041e-01    -4.519491e-01

    3    1   H                   HE                      -3.367263e-01     3.000356e-05    -2.590479e-08     4.987562e-12    -3.299537e-01    -3.276400e-01
    3    2   H                   AR                      -2.014048e-01    -4.628740e-04     1.983779e-07    -2.601127e-11    -3.224129e-01    -4.919122e-01
    3    3   H                   N2                      -2.725428e-01    -3.581102e-04     1.584132e-07    -2.130267e-11    -3.657557e-01    -4.935425e-01
    3    4   H                   O2                      -2.536881e-01    -3.891600e-04     1.706158e-07    -2.277126e-11    -3.551090e-01    -4.950035e-01
    3    5   H                   H2                      -1.585931e-01    -3.775349e-05     1.768016e-08    -2.636753e-12    -1.683433e-01    -1.813031e-01
    3    6   H                   H2O                      1.112916e-01    -6.841360e-04     2.506072e-07    -2.969310e-11    -7.111177e-02    -3.519303e-01
    3    7   H                   H2O2                    -2.546381e-01    -3.906173e-04     1.712547e-07    -2.285653e-11    -3.564388e-01    -4.968572e-01
    3    8   H                   CO                      -2.712773e-01    -3.597770e-04     1.590651e-07    -2.138041e-11    -3.649310e-01    -4.933696e-01
    3    9   H                   CO2                     -6.305111e-02    -6.132150e-04     2.480816e-07    -3.126308e-11    -2.245859e-01    -4.594476e-01
    3   10   H                   O                       -2.976847e-01    -2.854568e-04     1.285535e-07    -1.757501e-11    -3.717998e-01    -4.721630e-01
    3   11   H                   H                        0.000000e+00     0.000000e+00     0.000000e+00     0.000000e+00     0.000000e+00     0.000000e+00
    3   12   H                   OH                      -2.999246e-01    -2.876048e-04     1.295208e-07    -1.770725e-11    -3.745975e-01    -4.757159e-01
    3   13   H                   HO2                     -2.541772e-01    -3.899103e-04     1.709448e-07    -2.281516e-11    -3.557936e-01    -4.959578e-01
    3   14   H                   HCO                      9.099850e-02    -7.056888e-04     2.632819e-07    -3.154684e-11    -9.675111e-02    -3.829552e-01

 -------------------------------------------------------------------------------------------------------------------------------------------------------------


