 ----------------------------------------------------------------------------------------------------------------------------------------------------------------------------------------------------------------------------------------------------------
                     SPECIFIC HEAT COEFFICIENTS                                                                     

             Cp = A + B*T + C*T^2 + D*T^3 + E*T^4  [J/kg/K]                                                         

    Species                      Cp(298K)         Cp(1000K)          LT-HT            A(LT)            B(LT)            C(LT)            D(LT)            E(LT)             A(HT)           B(HT)            C(HT)            D(HT)           E(HT)      
 ----------------------------------------------------------------------------------------------------------------------------------------------------------------------------------------------------------------------------------------------------------

    1. HE                       5.192651e+03     5.192651e+03     1.000000e+03     5.192651e+03     0.000000e+00     0.000000e+00     0.000000e+00     0.000000e+00     5.192651e+03     0.000000e+00     0.000000e+00     0.000000e+00     0.000000e+00
    2. AR                       5.203309e+02     5.203309e+02     1.000000e+03     5.203309e+02     0.000000e+00     0.000000e+00     0.000000e+00     0.000000e+00     5.203309e+02     0.000000e+00     0.000000e+00     0.000000e+00     0.000000e+00
    3. N2                       1.037720e+03     1.169486e+03     1.000000e+03     9.790376e+02     4.179614e-01    -1.176272e-03     1.674385e-06    -7.256254e-10     9.790376e+02     4.179614e-01    -1.176272e-03     1.674385e-06    -7.256254e-10
    4. NO                       9.907336e+02     1.135641e+03     1.000000e+03     9.356181e+02     3.472158e-01    -9.151711e-04     1.445822e-06    -6.778437e-10     9.356181e+02     3.472158e-01    -9.151711e-04     1.445822e-06    -6.778437e-10
    5. N2O                      8.789691e+02     1.247651e+03     1.000000e+03     4.804075e+02     1.793165e+00    -1.849948e-03     1.183299e-06    -3.592728e-10     4.804075e+02     1.793165e+00    -1.849948e-03     1.183299e-06    -3.592728e-10
    6. O2                       9.161211e+02     1.091818e+03     1.000000e+03     8.348605e+02     2.929699e-01    -1.495698e-04     3.414024e-07    -2.278452e-10     8.348605e+02     2.929699e-01    -1.495698e-04     3.414024e-07    -2.278452e-10
    7. NO2                      8.015606e+02     1.136212e+03     1.000000e+03     4.826569e+02     1.416650e+00    -1.457380e-03     1.113605e-06    -4.193201e-10     4.826569e+02     1.416650e+00    -1.457380e-03     1.113605e-06    -4.193201e-10
    8. HNO                      1.112120e+03     1.549188e+03     1.000000e+03     7.464640e+02     1.771965e+00    -2.493275e-03     2.530207e-06    -1.006172e-09     7.464640e+02     1.771965e+00    -2.493275e-03     2.530207e-06    -1.006172e-09
    9. HNNO                     9.927808e+02     1.553837e+03     1.500000e+03     4.133686e+02     2.510169e+00    -2.178988e-03     9.959732e-07    -1.866853e-10     4.133686e+02     2.510169e+00    -2.178988e-03     9.959732e-07    -1.866853e-10
   10. HNO2                     8.005994e+02     1.403938e+03     1.500000e+03     3.421853e+02     1.786297e+00    -8.780159e-04     1.538834e-07    -4.110343e-13     3.421853e+02     1.786297e+00    -8.780159e-04     1.538834e-07    -4.110343e-13
   11. HONO                     9.657859e+02     1.473693e+03     1.000000e+03     4.050704e+02     2.493514e+00    -2.419147e-03     1.326195e-06    -3.319396e-10     4.050704e+02     2.493514e+00    -2.419147e-03     1.326195e-06    -3.319396e-10
   12. HONO2                    8.162744e+02     1.440774e+03     1.500000e+03     1.039463e+02     3.143498e+00    -2.910783e-03     1.364433e-06    -2.603197e-10     1.039463e+02     3.143498e+00    -2.910783e-03     1.364433e-06    -2.603197e-10
   13. H2                       1.432101e+04     1.496069e+04     1.000000e+03     1.360226e+04     3.402269e+00    -3.358376e-03    -3.907898e-07     1.705321e-09     1.360226e+04     3.402269e+00    -3.358376e-03    -3.907898e-07     1.705321e-09
   14. N2H2                     1.208280e+03     2.072791e+03     1.000000e+03     4.479791e+02     3.616815e+00    -4.750327e-03     4.445482e-06    -1.687159e-09     4.479791e+02     3.616815e+00    -4.750327e-03     4.445482e-06    -1.687159e-09
   15. H2O                      1.856604e+03     2.293401e+03     1.000000e+03     1.563131e+03     1.603810e+00    -2.932886e-03     3.216213e-06    -1.156867e-09     1.563131e+03     1.603810e+00    -2.932886e-03     3.216213e-06    -1.156867e-09
   16. H2O2                     1.278501e+03     1.871254e+03     1.000000e+03     8.283558e+02     1.605799e+00    -3.630003e-05    -1.130744e-06     6.041435e-10     8.283558e+02     1.605799e+00    -3.630003e-05    -1.130744e-06     6.041435e-10
   17. NH3                      2.078889e+03     3.324765e+03     1.000000e+03     1.076156e+03     4.937989e+00    -7.153370e-03     7.065349e-06    -2.601359e-09     1.076156e+03     4.937989e+00    -7.153370e-03     7.065349e-06    -2.601359e-09
   18. N2H4                     1.585466e+03     3.008978e+03     1.000000e+03     1.671562e+01     7.134292e+00    -7.522750e-03     4.528100e-06    -1.147380e-09     1.671562e+01     7.134292e+00    -7.522750e-03     4.528100e-06    -1.147380e-09
   19. CO                       1.037897e+03     1.187248e+03     1.000000e+03     9.684241e+02     4.488037e-01    -1.152258e-03     1.656941e-06    -7.346630e-10     9.684241e+02     4.488037e-01    -1.152258e-03     1.656941e-06    -7.346630e-10
   20. CO2                      8.450974e+02     1.235220e+03     1.000000e+03     4.299449e+02     1.874544e+00    -1.966558e-03     1.297300e-06    -4.000106e-10     4.299449e+02     1.874544e+00    -1.966558e-03     1.297300e-06    -4.000106e-10
   21. HCN                      1.329476e+03     1.859355e+03     1.000000e+03     7.661836e+02     2.649236e+00    -3.171947e-03     2.301662e-06    -6.857791e-10     7.661836e+02     2.649236e+00    -3.171947e-03     2.301662e-06    -6.857791e-10
   22. HNCO                     1.080686e+03     1.582292e+03     1.000000e+03     7.138675e+02     1.286494e+00    -9.767632e-06    -6.712279e-07     2.629265e-10     7.138675e+02     1.286494e+00    -9.767632e-06    -6.712279e-07     2.629265e-10
   23. HCNO                     1.128508e+03     1.685145e+03     1.000000e+03     6.154657e+02     1.884610e+00    -2.473960e-04    -1.191004e-06     6.234695e-10     6.154657e+02     1.884610e+00    -2.473960e-04    -1.191004e-06     6.234695e-10
   24. HOCN                     1.014548e+03     1.474180e+03     1.000000e+03     7.011582e+02     1.094589e+00    -2.261393e-05    -4.538683e-07     1.549149e-10     7.011582e+02     1.094589e+00    -2.261393e-05    -4.538683e-07     1.549149e-10
   25. CH2O                     1.167530e+03     2.073929e+03     1.000000e+03     4.576562e+02     3.497761e+00    -5.228509e-03     5.676722e-06    -2.329702e-09     4.576562e+02     3.497761e+00    -5.228509e-03     5.676722e-06    -2.329702e-09
   26. CH3NO                    1.115667e+03     2.135165e+03     1.500000e+03     3.894932e+02     2.801867e+00    -1.305437e-03     2.788556e-07    -2.961326e-11     3.894932e+02     2.801867e+00    -1.305437e-03     2.788556e-07    -2.961326e-11
   27. CH3ONO                   1.053306e+03     1.964818e+03     1.500000e+03     2.030051e+02     3.603437e+00    -2.877281e-03     1.282368e-06    -2.467106e-10     2.030051e+02     3.603437e+00    -2.877281e-03     1.282368e-06    -2.467106e-10
   28. CH3NO2                   8.768365e+02     1.900197e+03     1.382000e+03    -5.050457e+01     3.864415e+00    -2.837867e-03     1.101941e-06    -1.777873e-10    -5.050457e+01     3.864415e+00    -2.837867e-03     1.101941e-06    -1.777873e-10
   29. CH3ONO2                  9.578911e+02     1.847703e+03     1.500000e+03     8.421809e+01     3.727967e+00    -3.046012e-03     1.329992e-06    -2.484622e-10     8.421809e+01     3.727967e+00    -3.046012e-03     1.329992e-06    -2.484622e-10
   30. CH4                      2.189943e+03     4.498046e+03     1.000000e+03     4.035920e+02     9.057494e+00    -1.442534e-02     1.580547e-05    -6.343165e-09     4.035920e+02     9.057494e+00    -1.442534e-02     1.580547e-05    -6.343165e-09
   31. CH3OH                    1.367694e+03     2.794425e+03     1.000000e+03     6.902644e+02     1.905024e+00     1.860533e-03    -2.281717e-06     6.203211e-10     6.902644e+02     1.905024e+00     1.860533e-03    -2.281717e-06     6.203211e-10
   32. CH3OOH                   1.518812e+03     2.341587e+03     1.000000e+03     1.015689e+03     1.868163e+00    -6.309331e-04     9.368145e-08    -5.013578e-12     1.015689e+03     1.868163e+00    -6.309331e-04     9.368145e-08    -5.013578e-12
   33. C2H2                     1.702024e+03     2.620686e+03     1.000000e+03     6.429720e+02     4.850625e+00    -5.161241e-03     2.899110e-06    -6.107794e-10     6.429720e+02     4.850625e+00    -5.161241e-03     2.899110e-06    -6.107794e-10
   34. CH2CO                    1.233764e+03     2.014999e+03     1.000000e+03     5.884177e+02     2.396952e+00    -4.638252e-04    -1.279042e-06     7.724959e-10     5.884177e+02     2.396952e+00    -4.638252e-04    -1.279042e-06     7.724959e-10
   35. CH3CN                    1.268566e+03     2.400052e+03     1.000000e+03     5.103261e+02     2.747833e+00    -5.218004e-04    -6.256961e-07     2.893892e-10     5.103261e+02     2.747833e+00    -5.218004e-04    -6.256961e-07     2.893892e-10
   36. C2H4                     1.518042e+03     3.357028e+03     1.000000e+03    -2.553225e+02     8.287093e+00    -1.004315e-02     8.254463e-06    -2.886053e-09    -2.553225e+02     8.287093e+00    -1.004315e-02     8.254463e-06    -2.886053e-09
   37. C2H4O                    1.076379e+03     2.610342e+03     1.000000e+03    -2.460869e+02     5.331124e+00    -3.219745e-03     7.450496e-07     0.000000e+00    -2.460869e+02     5.331124e+00    -3.219745e-03     7.450496e-07     0.000000e+00
   38. CH3CHO                   1.253200e+03     2.553572e+03     1.000000e+03     4.729197e+02     2.523409e+00     8.817748e-04    -2.129228e-06     8.046967e-10     4.729197e+02     2.523409e+00     8.817748e-04    -2.129228e-06     8.046967e-10
   39. C2-OQOOH                 1.258026e+03     2.051164e+03     1.380000e+03     6.039065e+02     2.646474e+00    -1.671608e-03     5.485275e-07    -7.613643e-11     6.039065e+02     2.646474e+00    -1.671608e-03     5.485275e-07    -7.613643e-11
   40. C2H6                     1.741030e+03     4.077233e+03     1.000000e+03     4.043977e+02     4.284337e+00     1.598333e-03    -3.477955e-06     1.268121e-09     4.043977e+02     4.284337e+00     1.598333e-03    -3.477955e-06     1.268121e-09
   41. C2H5OH                   1.419910e+03     3.070501e+03     1.000000e+03     1.040524e+02     5.223977e+00    -2.905743e-03     6.482146e-07     0.000000e+00     1.040524e+02     5.223977e+00    -2.905743e-03     6.482146e-07     0.000000e+00
   42. C2H5OOH                  1.349546e+03     2.616436e+03     1.000000e+03     3.000625e+02     4.164929e+00    -2.289785e-03     4.412288e-07     0.000000e+00     3.000625e+02     4.164929e+00    -2.289785e-03     4.412288e-07     0.000000e+00
   43. C3H2                     1.638859e+03     2.170939e+03     1.000000e+03     6.919907e+02     5.424920e+00    -1.003365e-02     9.326481e-06    -3.238800e-09     6.919907e+02     5.424920e+00    -1.003365e-02     9.326481e-06    -3.238800e-09
   44. PC3H4                    1.510434e+03     2.913529e+03     1.400000e+03     6.287435e+02     3.110713e+00    -2.902231e-04    -8.237935e-07     2.880892e-10     6.287435e+02     3.110713e+00    -2.902231e-04    -8.237935e-07     2.880892e-10
   45. AC3H4                    1.482014e+03     2.944985e+03     1.400000e+03     5.270773e+02     3.389783e+00    -3.662705e-04    -9.644425e-07     3.588372e-10     5.270773e+02     3.389783e+00    -3.662705e-04    -9.644425e-07     3.588372e-10
   46. C2H3CHO                  1.268459e+03     2.488445e+03     1.393000e+03     4.335722e+01     5.254701e+00    -4.374001e-03     1.899766e-06    -3.353790e-10     4.335722e+01     5.254701e+00    -4.374001e-03     1.899766e-06    -3.353790e-10
   47. C3H6                     1.529734e+03     3.432858e+03     1.000000e+03     2.950514e+02     4.134449e+00     8.865123e-04    -3.297479e-06     1.414325e-09     2.950514e+02     4.134449e+00     8.865123e-04    -3.297479e-06     1.414325e-09
   48. C2H5CHO                  1.389445e+03     2.823704e+03     1.378000e+03     3.096575e+02     4.230264e+00    -2.182352e-03     5.003342e-07    -3.419937e-11     3.096575e+02     4.230264e+00    -2.182352e-03     5.003342e-07    -3.419937e-11
   49. CH3COCH3                 1.284634e+03     2.823769e+03     1.374000e+03     1.872004e+02     4.180452e+00    -1.704204e-03     9.335888e-08     6.696116e-11     1.872004e+02     4.180452e+00    -1.704204e-03     9.335888e-08     6.696116e-11
   50. C3H8                     1.667365e+03     3.959831e+03     1.000000e+03     1.691141e+02     5.032363e+00     1.024093e-03    -4.008565e-06     1.742826e-09     1.691141e+02     5.032363e+00     1.024093e-03    -4.008565e-06     1.742826e-09
   51. C4H2                     1.478996e+03     2.224208e+03     1.000000e+03     6.652227e+02     3.290246e+00    -1.638625e-03    -1.102034e-06     1.009398e-09     6.652227e+02     3.290246e+00    -1.638625e-03    -1.102034e-06     1.009398e-09
   52. C4H4                     1.398987e+03     2.708779e+03     1.000000e+03    -3.057890e+02     8.422222e+00    -1.144061e-02     8.792882e-06    -2.759924e-09    -3.057890e+02     8.422222e+00    -1.144061e-02     8.792882e-06    -2.759924e-09
   53. C4H6                     1.429805e+03     3.194053e+03     1.000000e+03     2.969096e+02     3.810513e+00     4.639072e-04    -1.774866e-06     3.975894e-10     2.969096e+02     3.810513e+00     4.639072e-04    -1.774866e-06     3.975894e-10
   54. NC4H8                    1.580830e+03     3.521865e+03     1.000000e+03     5.372336e+02     3.283095e+00     1.417700e-03    -2.536937e-06     8.207736e-10     5.372336e+02     3.283095e+00     1.417700e-03    -2.536937e-06     8.207736e-10
   55. IC4H8                    1.601198e+03     3.498350e+03     1.388000e+03     1.390635e+02     5.787400e+00    -3.207316e-03     8.702531e-07    -9.105131e-11     1.390635e+02     5.787400e+00    -3.207316e-03     8.702531e-07    -9.105131e-11
   56. CYC5H6                   1.046538e+03     2.854736e+03     1.000000e+03    -4.020876e+02     5.133559e+00     8.573838e-05    -3.946313e-06     1.983840e-09    -4.020876e+02     5.133559e+00     8.573838e-05    -3.946313e-06     1.983840e-09
   57. C6H6                     1.058640e+03     2.734400e+03     1.000000e+03    -3.340107e+02     5.027282e+00    -3.152980e-04    -3.472952e-06     1.829379e-09    -3.340107e+02     5.027282e+00    -3.152980e-04    -3.472952e-06     1.829379e-09
   58. CYC6H8                   1.162088e+03     3.109338e+03     1.384000e+03    -7.466447e+02     8.100481e+00    -6.433285e-03     2.628411e-06    -4.396249e-10    -7.466447e+02     8.100481e+00    -6.433285e-03     2.628411e-06    -4.396249e-10
   59. INDENE                   1.058798e+03     2.643121e+03     1.000000e+03    -4.048698e+02     5.983696e+00    -3.878454e-03     9.427490e-07     0.000000e+00    -4.048698e+02     5.983696e+00    -3.878454e-03     9.427490e-07     0.000000e+00
   60. C10H8                    1.058009e+03     2.575951e+03     1.401000e+03    -5.732091e+02     7.090179e+00    -6.196258e-03     2.735171e-06    -4.799317e-10    -5.732091e+02     7.090179e+00    -6.196258e-03     2.735171e-06    -4.799317e-10
   61. N                        1.484020e+03     1.483985e+03     1.000000e+03     1.485808e+03    -1.294046e-02     3.217594e-05    -3.352358e-08     1.246491e-11     1.485808e+03    -1.294046e-02     3.217594e-05    -3.352358e-08     1.246491e-11
   62. O                        1.368805e+03     1.307283e+03     1.000000e+03     1.531220e+03    -8.513336e-01     1.258178e-03    -8.329767e-07     2.021944e-10     1.531220e+03    -8.513336e-01     1.258178e-03    -8.329767e-07     2.021944e-10
   63. NO3                      7.603885e+02     1.232943e+03     1.000000e+03     1.637411e+02     2.519387e+00    -1.802677e-03     1.709186e-07     1.815737e-10     1.637411e+02     2.519387e+00    -1.802677e-03     1.709186e-07     1.815737e-10
   64. H                        2.062121e+04     2.062121e+04     1.000000e+03     2.062121e+04     0.000000e+00     0.000000e+00     0.000000e+00     0.000000e+00     2.062121e+04     0.000000e+00     0.000000e+00     0.000000e+00     0.000000e+00
   65. NH                       1.939459e+03     2.083361e+03     1.000000e+03     1.849372e+03     6.938467e-01    -1.933479e-03     2.336144e-06    -8.625222e-10     1.849372e+03     6.938467e-01    -1.933479e-03     2.336144e-06    -8.625222e-10
   66. NNH                      1.198206e+03     1.660771e+03     1.000000e+03     1.003095e+03     5.883290e-01     2.054240e-04     1.409910e-07    -2.770680e-10     1.003095e+03     5.883290e-01     2.054240e-04     1.409910e-07    -2.770680e-10
   67. OH                       1.708936e+03     1.806009e+03     1.710000e+03     1.671480e+03     1.560795e-01    -1.507198e-04     1.781535e-07    -4.898410e-11     1.671480e+03     1.560795e-01    -1.507198e-04     1.781535e-07    -4.898410e-11
   68. HO2                      1.057091e+03     1.442633e+03     1.000000e+03     1.083657e+03    -1.196341e+00     5.329940e-03    -6.115414e-06     2.340792e-09     1.083657e+03    -1.196341e+00     5.329940e-03    -6.115414e-06     2.340792e-09
   69. NH2                      2.089966e+03     2.665806e+03     1.000000e+03     1.781150e+03     1.712160e+00    -3.431854e-03     4.457916e-06    -1.853565e-09     1.781150e+03     1.712160e+00    -3.431854e-03     4.457916e-06    -1.853565e-09
   70. H2NO                     1.106114e+03     1.944473e+03     1.000000e+03     6.936283e+02     1.375679e+00     9.363895e-05    -2.184729e-07     0.000000e+00     6.936283e+02     1.375679e+00     9.363895e-05    -2.184729e-07     0.000000e+00
   71. N2H3                     1.424050e+03     2.552765e+03     1.000000e+03     8.503071e+02     1.263299e+00     3.575847e-03    -5.142460e-06     2.005772e-09     8.503071e+02     1.263299e+00     3.575847e-03    -5.142460e-06     2.005772e-09
   72. C                        1.734963e+03     1.731136e+03     1.000000e+03     1.768142e+03    -2.225807e-01     5.079590e-04    -5.068809e-07     1.844963e-10     1.768142e+03    -2.225807e-01     5.079590e-04    -5.068809e-07     1.844963e-10
   73. CN                       1.121392e+03     1.289141e+03     1.000000e+03     1.170636e+03    -3.695875e-01     6.913523e-04     5.925421e-08    -2.625139e-10     1.170636e+03    -3.695875e-01     6.913523e-04     5.925421e-08    -2.625139e-10
   74. NCO                      9.538175e+02     1.330838e+03     1.000000e+03     5.600737e+02     1.755522e+00    -1.770194e-03     1.162945e-06    -3.775091e-10     5.600737e+02     1.755522e+00    -1.770194e-03     1.162945e-06    -3.775091e-10
   75. CH                       2.234145e+03     2.501560e+03     1.000000e+03     2.043781e+03     1.323824e+00    -3.279060e-03     3.661899e-06    -1.248884e-09     2.043781e+03     1.323824e+00    -3.279060e-03     3.661899e-06    -1.248884e-09
   76. HCO                      1.187210e+03     1.661220e+03     1.000000e+03     8.304527e+02     1.776230e+00    -2.757284e-03     3.122655e-06    -1.310833e-09     8.304527e+02     1.776230e+00    -2.757284e-03     3.122655e-06    -1.310833e-09
   77. CH2                      2.458409e+03     3.152146e+03     1.000000e+03     2.230057e+03     6.874801e-01     1.475696e-04     5.216676e-07    -4.346284e-10     2.230057e+03     6.874801e-01     1.475696e-04     5.216676e-07    -4.346284e-10
   78. CH2S                     2.407757e+03     3.164093e+03     1.000000e+03     2.353958e+03    -1.007131e-01     6.077851e-04     1.477453e-06    -1.174391e-09     2.353958e+03    -1.007131e-01     6.077851e-04     1.477453e-06    -1.174391e-09
   79. H2CN                     1.364046e+03     2.301594e+03     1.000000e+03     8.457607e+02     1.689122e+00     3.176844e-04    -4.812429e-07    -6.973041e-11     8.457607e+02     1.689122e+00     3.176844e-04    -4.812429e-07    -6.973041e-11
   80. CH3                      2.563890e+03     3.929497e+03     1.000000e+03     1.344053e+03     6.151714e+00    -9.291748e-03     8.968841e-06    -3.243364e-09     1.344053e+03     6.151714e+00    -9.291748e-03     8.968841e-06    -3.243364e-09
   81. CH2OH                    1.522285e+03     2.533633e+03     1.000000e+03     7.669408e+02     2.683240e+00    -1.416047e-04    -1.376691e-06     6.017479e-10     7.669408e+02     2.683240e+00    -1.416047e-04    -1.376691e-06     6.017479e-10
   82. CH3O                     1.219537e+03     2.507482e+03     1.000000e+03     5.642835e+02     1.933434e+00     1.430256e-03    -1.976579e-06     5.560870e-10     5.642835e+02     1.933434e+00     1.430256e-03    -1.976579e-06     5.560870e-10
   83. CH3OO                    1.235311e+03     2.012637e+03     1.385000e+03     7.533406e+02     1.783239e+00    -5.683572e-04     3.701927e-08     7.395380e-12     7.533406e+02     1.783239e+00    -5.683572e-04     3.701927e-08     7.395380e-12
   84. C2H                      1.677796e+03     2.115530e+03     1.000000e+03     9.598872e+02     4.454525e+00    -9.459481e-03     9.792377e-06    -3.631777e-09     9.598872e+02     4.454525e+00    -9.459481e-03     9.792377e-06    -3.631777e-09
   85. HCCO                     1.288400e+03     1.716688e+03     1.000000e+03     1.022964e+03     9.024914e-01     4.596644e-05    -3.003444e-07     4.561097e-11     1.022964e+03     9.024914e-01     4.596644e-05    -3.003444e-07     4.561097e-11
   86. CH2CN                    1.356714e+03     2.153812e+03     1.000000e+03     5.252314e+02     3.761006e+00    -3.936751e-03     2.480033e-06    -6.757082e-10     5.252314e+02     3.761006e+00    -3.936751e-03     2.480033e-06    -6.757082e-10
   87. C2H3                     1.475314e+03     2.900258e+03     1.000000e+03     7.560298e+02     2.266137e+00     6.486161e-04    -4.062987e-07    -3.642259e-10     7.560298e+02     2.266137e+00     6.486161e-04    -4.062987e-07    -3.642259e-10
   88. CH2CHO                   1.255871e+03     2.405367e+03     1.500000e+03     5.412674e+01     5.293121e+00    -4.934566e-03     2.523951e-06    -5.312657e-10     5.412674e+01     5.293121e+00    -4.934566e-03     2.523951e-06    -5.312657e-10
   89. CH3CO                    1.202884e+03     2.242406e+03     1.000000e+03     6.036714e+02     1.888738e+00     8.733524e-04    -1.740247e-06     6.168910e-10     6.036714e+02     1.888738e+00     8.733524e-04    -1.740247e-06     6.168910e-10
   90. C2H5                     1.623654e+03     3.672240e+03     1.000000e+03     7.697942e+02     2.494494e+00     1.264490e-03     2.671750e-07    -1.123713e-09     7.697942e+02     2.494494e+00     1.264490e-03     2.671750e-07    -1.123713e-09
   91. C2H4OH                   1.357665e+03     2.787637e+03     1.391000e+03     2.172024e+02     4.578130e+00    -2.773265e-03     8.838438e-07    -1.182736e-10     2.172024e+02     4.578130e+00    -2.773265e-03     8.838438e-07    -1.182736e-10
   92. CH3CHOH                  1.287540e+03     2.735604e+03     1.553000e+03     3.394625e+02     3.465013e+00    -8.497775e-04    -3.932348e-07     1.741411e-10     3.394625e+02     3.465013e+00    -8.497775e-04    -3.932348e-07     1.741411e-10
   93. C2H5OO                   1.247733e+03     2.424742e+03     1.388000e+03     2.423132e+02     4.152308e+00    -2.946371e-03     1.183180e-06    -2.066887e-10     2.423132e+02     4.152308e+00    -2.946371e-03     1.183180e-06    -2.066887e-10
   94. C2-QOOH                  1.334459e+03     2.508383e+03     1.396000e+03     1.107377e+02     5.311450e+00    -4.638510e-03     2.111520e-06    -3.868147e-10     1.107377e+02     5.311450e+00    -4.638510e-03     2.111520e-06    -3.868147e-10
   95. C2-OOQOOH                1.206434e+03     2.041717e+03     1.387000e+03     5.271770e+02     2.730974e+00    -1.661018e-03     5.073774e-07    -6.279318e-11     5.271770e+02     2.730974e+00    -1.661018e-03     5.073774e-07    -6.279318e-11
   96. C3H3                     1.692677e+03     2.678936e+03     1.000000e+03     1.012076e+03     2.358775e+00     5.946439e-05    -1.166417e-06     4.150379e-10     1.012076e+03     2.358775e+00     5.946439e-05    -1.166417e-06     4.150379e-10
   97. CHCHCH3                  1.577146e+03     3.227319e+03     1.000000e+03     6.400609e+02     3.073114e+00     5.511522e-04    -1.048011e-06     1.100274e-11     6.400609e+02     3.073114e+00     5.511522e-04    -1.048011e-06     1.100274e-11
   98. CH2CHCH2                 1.629962e+03     3.350557e+03     1.000000e+03     4.608327e+02     4.019409e+00     2.275011e-04    -2.053822e-06     6.966363e-10     4.608327e+02     4.019409e+00     2.275011e-04    -2.053822e-06     6.966363e-10
   99. C2H4CHO                  1.300854e+03     2.564947e+03     1.683000e+03     4.732390e+02     3.053543e+00    -8.852714e-04    -1.680346e-07     9.147114e-11     4.732390e+02     3.053543e+00    -8.852714e-04    -1.680346e-07     9.147114e-11
  100. CH3COCH2                 1.344513e+03     2.638253e+03     1.391000e+03     2.627252e+02     4.391016e+00    -2.819065e-03     9.297533e-07    -1.261773e-10     2.627252e+02     4.391016e+00    -2.819065e-03     9.297533e-07    -1.261773e-10
  101. NC3H7                    1.749431e+03     3.718811e+03     1.000000e+03     3.709734e+02     4.783348e+00     3.493064e-04    -3.440996e-06     1.656179e-09     3.709734e+02     4.783348e+00     3.493064e-04    -3.440996e-06     1.656179e-09
  102. IC3H7                    1.740178e+03     3.730913e+03     1.000000e+03     3.305989e+02     4.906243e+00     3.050334e-04    -3.514362e-06     1.703399e-09     3.305989e+02     4.906243e+00     3.050334e-04    -3.514362e-06     1.703399e-09
  103. C4H3                     1.472086e+03     2.496119e+03     1.000000e+03     6.763008e+02     2.810599e+00    -3.890182e-05    -1.658564e-06     7.066852e-10     6.763008e+02     2.810599e+00    -3.890182e-05    -1.658564e-06     7.066852e-10
  104. C4H5                     1.521117e+03     3.065323e+03     1.000000e+03     4.691402e+02     3.584377e+00     3.094152e-04    -1.798480e-06     5.008705e-10     4.691402e+02     3.584377e+00     3.094152e-04    -1.798480e-06     5.008705e-10
  105. IC4H7                    1.659267e+03     3.577891e+03     1.000000e+03     7.197104e+02     2.530933e+00     3.214291e-03    -4.162886e-06     1.275843e-09     7.197104e+02     2.530933e+00     3.214291e-03    -4.162886e-06     1.275843e-09
  106. CH2C3H5                  1.516630e+03     3.344290e+03     1.000000e+03     4.271137e+01     5.836382e+00    -3.180017e-03     6.452135e-07     0.000000e+00     4.271137e+01     5.836382e+00    -3.180017e-03     6.452135e-07     0.000000e+00
  107. SC4H7                    1.514118e+03     3.361694e+03     1.000000e+03    -6.678712e+01     6.370306e+00    -3.843337e-03     9.015123e-07     0.000000e+00    -6.678712e+01     6.370306e+00    -3.843337e-03     9.015123e-07     0.000000e+00
  108. CYC5H5                   1.062744e+03     2.898942e+03     1.000000e+03    -4.083140e+02     5.213052e+00     8.706604e-05    -4.007422e-06     2.014560e-09    -4.083140e+02     5.213052e+00     8.706604e-05    -4.007422e-06     2.014560e-09
  109. C6H5                     1.133526e+03     2.592253e+03     1.000000e+03     1.233117e+01     3.911406e+00     1.249000e-04    -2.369024e-06     9.126398e-10     1.233117e+01     3.911406e+00     1.249000e-04    -2.369024e-06     9.126398e-10

 ----------------------------------------------------------------------------------------------------------------------------------------------------------------------------------------------------------------------------------------------------------


 -------------------------------------------------------------------------------------------------------------------------------------------------------------------------------------------------------------------------------------------------------------------------------------------
                           ENTHALPY COEFFICIENTS                                                                     

             H/(RT) = A + B*T + C*T^2 + D*T^3 + E*T^4 + F/T  [-]                                                         

    Species                   H(298K)[J/kmol]  H(1000K)[J/kmol]      LT-HT            A(LT)            B(LT)            C(LT)            D(LT)            E(LT)           F(LT)             A(HT)            B(HT)            C(HT)           D(HT)             E(HT)            F(HT)      
 -------------------------------------------------------------------------------------------------------------------------------------------------------------------------------------------------------------------------------------------------------------------------------------------

    1. HE                      -3.117927e+03     1.458878e+07     1.000000e+03     2.500000e+00     0.000000e+00     0.000000e+00     0.000000e+00     0.000000e+00    -7.453750e+02     2.500000e+00     0.000000e+00     0.000000e+00     0.000000e+00     0.000000e+00    -7.453750e+02
    2. AR                      -3.118759e+03     1.458878e+07     1.000000e+03     2.500000e+00     0.000000e+00     0.000000e+00     0.000000e+00     0.000000e+00    -7.453751e+02     3.125000e+00    -7.031252e-04     3.125002e-07    -3.906252e-11     0.000000e+00    -9.406876e+02
    3. N2                      -2.931732e+03     2.146989e+07     1.000000e+03     3.298677e+00     7.041200e-04    -1.321074e-06     1.410379e-09    -4.889708e-13    -1.020900e+03     2.926638e+00     7.439885e-04    -1.894920e-07     2.524260e-11    -1.350670e-15    -9.227954e+02
    4. NO                       9.029360e+07     1.125390e+08     1.000000e+03     3.376541e+00     6.265315e-04    -1.100917e-06     1.304453e-09    -4.892524e-13     9.817961e+03     3.245436e+00     6.345690e-04    -1.671963e-07     2.292321e-11    -1.255084e-15     9.800840e+03
    5. N2O                      8.205949e+07     1.161997e+08     1.000000e+03     2.543057e+00     4.746097e-03    -3.264258e-06     1.565961e-09    -3.803650e-13     8.765102e+03     4.718976e+00     1.436856e-03    -3.991653e-07     5.626378e-11    -3.150674e-15     8.165813e+03
    6. O2                      -5.244973e+03     2.272060e+07     1.000000e+03     3.212936e+00     5.637431e-04    -1.918717e-07     3.284693e-10    -1.753711e-13    -1.005249e+03     3.697577e+00     3.067598e-04    -4.196140e-08     4.438203e-12    -2.272870e-16    -1.233930e+03
    7. NO2                      3.309242e+07     6.547301e+07     1.000000e+03     2.670600e+00     3.919250e-03    -2.687955e-06     1.540428e-09    -4.640300e-13     2.896290e+03     4.682857e+00     1.231214e-03    -3.474197e-07     4.942255e-11    -2.783434e-15     2.261293e+03
    8. HNO                      9.958092e+07     1.290140e+08     1.000000e+03     2.784402e+00     3.304823e-03    -3.100074e-06     2.359495e-09    -7.506292e-13     1.091878e+04     3.615144e+00     1.606243e-03    -4.201123e-07     5.668243e-11    -3.072472e-15     1.066191e+04
    9. HNNO                     2.309693e+08     2.731308e+08     1.500000e+03     2.238298e+00     6.796000e-03    -3.932910e-06     1.348243e-09    -2.021718e-13     2.660259e+04     6.991219e+00     9.379850e-04    -7.081947e-08    -1.677618e-11     2.461016e-15     2.497566e+04
   10. HNO2                    -5.921987e+07    -2.127070e+07     1.500000e+03     1.934838e+00     5.050180e-03    -1.654872e-06     2.175280e-10    -4.648270e-16    -8.105484e+03     6.479628e+00     9.976370e-04    -5.801290e-08    -2.423968e-11     3.402960e-15    -9.999269e+03
   11. HONO                    -7.674369e+07    -3.452324e+07     1.000000e+03     2.290413e+00     7.049610e-03    -4.559573e-06     1.874695e-09    -3.753810e-13    -1.043195e+04     5.486890e+00     2.109033e-03    -5.497143e-07     7.429692e-11    -4.042296e-15    -1.126865e+04
   12. HONO2                   -1.262719e+08    -7.289857e+07     1.500000e+03     7.877668e-01     1.191165e-02    -7.353213e-06     2.585120e-09    -3.945714e-13    -1.630442e+04     9.756133e+00     9.504740e-04    -1.080007e-07    -9.941597e-12     2.200668e-15    -1.942242e+04
   13. H2                      -1.882894e+03     2.066687e+07     1.000000e+03     3.298124e+00     4.124721e-04    -2.714338e-07    -2.368859e-11     8.269744e-14    -1.012521e+03     2.991422e+00     3.500322e-04    -1.877943e-08    -2.307895e-12     3.165504e-16    -8.350335e+02
   14. N2H2                     2.129744e+08     2.486117e+08     1.000000e+03     1.617999e+00     6.531561e-03    -5.719037e-06     4.014020e-09    -1.218728e-12     2.467526e+04     3.371190e+00     3.019984e-03    -7.679510e-07     1.015697e-10    -5.426288e-15     2.418171e+04
   15. H2O                     -2.418516e+08    -2.158535e+08     1.000000e+03     3.386842e+00     1.737491e-03    -2.118232e-06     1.742145e-09    -5.013176e-13    -3.020811e+04     2.672146e+00     1.528146e-03    -2.910087e-07     3.002490e-11    -1.278324e-15    -2.989921e+04
   16. H2O2                    -1.361152e+08    -9.729116e+07     1.000000e+03     3.388753e+00     3.284613e-03    -4.950040e-08    -1.156451e-09     4.943028e-13    -1.766314e+04     4.573166e+00     2.168068e-03    -4.915630e-07     5.872257e-11    -2.863308e-15    -1.800695e+04
   17. NH3                     -4.591836e+07    -1.326648e+07     1.000000e+03     2.204351e+00     5.057380e-03    -4.884217e-06     3.618087e-09    -1.065702e-12    -6.525489e+03     2.461895e+00     3.029583e-03    -6.683254e-07     7.840008e-11    -3.876634e-15    -6.493265e+03
   18. N2H4                     9.535550e+07     1.503157e+08     1.000000e+03     6.442606e-02     1.374865e-02    -9.664837e-06     4.363100e-09    -8.844564e-13     1.045192e+04     4.977322e+00     4.797760e-03    -1.182546e-06     1.531075e-10    -8.059590e-15     9.341220e+03
   19. CO                      -1.105459e+08    -8.884463e+07     1.000000e+03     3.262451e+00     7.559705e-04    -1.293918e-06     1.395486e-09    -4.949902e-13    -1.431054e+04     3.025076e+00     7.213445e-04    -1.876942e-07     2.546452e-11    -1.382190e-15    -1.426835e+04
   20. CO2                     -3.935547e+08    -3.601236e+08     1.000000e+03     2.275724e+00     4.961036e-03    -3.469703e-06     1.716671e-09    -4.234560e-13    -4.837314e+04     4.453626e+00     1.570084e-03    -4.261370e-07     5.984990e-11    -3.338066e-15    -4.896695e+04
   21. HCN                      1.351568e+08     1.662247e+08     1.000000e+03     2.490462e+00     4.305640e-03    -3.436780e-06     1.870375e-09    -4.458218e-13     1.520834e+04     3.650078e+00     1.730499e-03    -4.247597e-07     5.544137e-11    -2.954354e-15     1.498391e+04
   22. HNCO                    -1.041803e+08    -6.244310e+07     1.000000e+03     3.694059e+00     3.328618e-03    -1.684823e-08    -8.683527e-10     2.721138e-13    -1.391976e+04     6.211864e+00     1.148568e-03    -7.387093e-08    -3.055110e-11     4.544812e-15    -1.477073e+04
   23. HCNO                     1.607957e+08     2.055157e+08     1.000000e+03     3.184858e+00     4.876158e-03    -4.267343e-07    -1.540776e-09     6.452550e-13     1.797907e+04     6.692412e+00     1.184180e-03    -7.905033e-08    -3.188758e-11     4.814274e-15     1.694736e+04
   24. HOCN                    -9.548995e+06     2.925547e+07     1.000000e+03     3.628292e+00     2.832092e-03    -3.900687e-08    -5.871595e-10     1.603280e-13    -2.475925e+03     5.645608e+00     1.149103e-03    -7.208763e-08    -3.037003e-11     4.477272e-15    -3.178110e+03
   25. CH2O                    -1.159214e+08    -8.105290e+07     1.000000e+03     1.652731e+00     6.315720e-03    -6.293893e-06     5.125078e-09    -1.682647e-12    -1.486540e+04     2.995609e+00     3.340661e-03    -8.763180e-07     1.184288e-10    -6.425034e-15    -1.532037e+04
   26. CH3NO                    7.929382e+07     1.328734e+08     1.500000e+03     2.109955e+00     7.589110e-03    -2.357263e-06     3.776527e-10    -3.208408e-14     8.293612e+03     8.820555e+00     1.853117e-03    -9.649137e-08    -4.744775e-11     6.475088e-15     5.362856e+03
   27. CH3ONO                  -6.381904e+07     4.506278e+06     1.500000e+03     1.490345e+00     1.322717e-02    -7.041107e-06     2.353600e-09    -3.622410e-13    -9.125782e+03     1.136127e+01     2.079674e-03    -1.381890e-07    -4.237850e-11     6.057464e-15    -1.281480e+04
   28. CH3NO2                  -7.047391e+07    -6.865222e+06     1.382000e+03    -3.707751e-01     1.418514e-02    -6.944654e-06     2.022452e-09    -2.610422e-13    -9.456815e+03     7.504071e+00     4.760610e-03    -1.092535e-06     1.271696e-10    -5.889108e-15    -1.215914e+04
   29. CH3ONO2                 -1.090271e+08    -2.818180e+07     1.500000e+03     7.803354e-01     1.727102e-02    -9.407760e-06     3.080810e-09    -4.604328e-13    -1.465346e+04     1.436187e+01     2.056121e-03    -1.704351e-07    -3.741090e-11     6.024312e-15    -1.972438e+04
   30. CH4                     -7.489943e+07    -3.666490e+07     1.000000e+03     7.787417e-01     8.738340e-03    -9.278030e-06     7.624270e-09    -2.447862e-12    -9.825228e+03     1.683466e+00     5.118620e-03    -1.291709e-06     1.696396e-10    -9.006846e-15    -1.008078e+04
   31. CH3OH                   -2.011084e+08    -1.525937e+08     1.000000e+03     2.660115e+00     3.670754e-03     2.390017e-06    -2.198298e-09     4.781140e-13    -2.535348e+04     4.029078e+00     4.688296e-03    -1.016751e-06     1.089698e-10    -4.449446e-15    -2.615792e+04
   32. CH3OOH                  -1.324483e+08    -6.607317e+07     1.000000e+03     5.868651e+00     5.397120e-03    -1.215177e-06     1.353228e-10    -5.793688e-15    -1.812689e+04     5.636950e+00     5.590739e-03    -1.231978e-06     1.017975e-10     0.000000e+00    -1.804427e+04
   33. C2H2                     2.267638e+08     2.679978e+08     1.000000e+03     2.013562e+00     7.595225e-03    -5.387730e-06     2.269748e-09    -3.825492e-13     2.612444e+04     4.436773e+00     2.688020e-03    -6.376054e-07     8.215947e-11    -4.313418e-15     2.566766e+04
   34. CH2CO                   -5.187898e+07    -1.792055e+06     1.000000e+03     2.974971e+00     6.059355e-03    -7.816820e-07    -1.616671e-09     7.811298e-13    -7.632637e+03     6.038853e+00     2.902420e-03    -6.403180e-07     6.986212e-11    -2.917736e-15    -8.583434e+03
   35. CH3CN                    8.213486e+07     1.372845e+08     1.000000e+03     2.519753e+00     6.783761e-03    -8.588026e-07    -7.723492e-10     2.857738e-13     8.553376e+03     2.392404e+00     7.809437e-03    -2.637350e-06     4.843083e-10    -3.722391e-14     8.499938e+03
   36. C2H4                     5.245839e+07     1.031999e+08     1.000000e+03    -8.614879e-01     1.398081e-02    -1.129559e-05     6.962880e-09    -1.947576e-12     5.573047e+03     3.528416e+00     5.742590e-03    -1.472795e-06     1.961150e-10    -1.053370e-14     4.428290e+03
   37. C2H4O                   -5.281903e+07     8.680874e+06     1.000000e+03    -1.303855e+00     1.412309e-02    -5.686448e-06     9.868837e-10     0.000000e+00    -7.075599e+03     3.855433e+00     7.304088e-03    -1.753738e-06     1.570289e-10     0.000000e+00    -8.518743e+03
   38. CH3CHO                  -1.653296e+08    -1.036445e+08     1.000000e+03     2.505695e+00     6.684955e-03     1.557318e-06    -2.820350e-09     8.527132e-13    -2.124588e+04     5.868691e+00     5.397120e-03    -1.215177e-06     1.353228e-10    -5.793688e-15    -2.264571e+04
   39. C2-OQOOH                -2.473145e+08    -1.554393e+08     1.380000e+03     5.523825e+00     1.210342e-02    -5.096632e-06     1.254321e-09    -1.392813e-13    -3.234068e+04     1.240643e+01     4.736169e-03    -1.093693e-06     1.284431e-10    -5.997456e-15    -3.491231e+04
   40. C2H6                    -8.386809e+07    -1.937103e+07     1.000000e+03     1.462539e+00     7.747335e-03     1.926836e-06    -3.144580e-09     9.172534e-13    -1.123918e+04     4.825976e+00     6.920215e-03    -1.519086e-06     1.681242e-10    -7.196322e-15    -1.271783e+04
   41. C2H5OH                  -2.354148e+08    -1.584379e+08     1.000000e+03     5.765358e-01     1.447256e-02    -5.366733e-06     8.979103e-10     0.000000e+00    -2.963595e+04     4.347171e+00     9.314400e-03    -2.259822e-06     2.041481e-10     0.000000e+00    -3.066157e+04
   42. C2H5OOH                 -1.637793e+08    -7.225686e+07     1.000000e+03     2.239983e+00     1.554571e-02    -5.697790e-06     8.234495e-10     0.000000e+00    -2.160185e+04     9.146119e+00     7.230570e-03    -1.517067e-06     1.189450e-10     0.000000e+00    -2.366906e+04
   43. C3H2                     5.422894e+08     5.943523e+08     1.000000e+03     3.166714e+00     1.241286e-02    -1.530546e-05     1.067005e-08    -2.964304e-12     6.350421e+04     7.670996e+00     1.374374e-03    -1.456981e-07    -1.613900e-11     3.327774e-15     6.259721e+04
   44. PC3H4                    1.915072e+08     2.563159e+08     1.400000e+03     3.029730e+00     7.494805e-03    -4.661667e-07    -9.924047e-10     2.776434e-13     2.148408e+04     9.768102e+00     2.609575e-03    -1.251047e-07    -7.480477e-11     1.021576e-14     1.860277e+04
   45. AC3H4                    1.993034e+08     2.645259e+08     1.400000e+03     2.539831e+00     8.167185e-03    -5.883167e-07    -1.161841e-09     3.458262e-13     2.251243e+04     9.776251e+00     2.651069e-03    -1.233706e-07    -7.565965e-11     1.017916e-14     1.954973e+04
   46. C2H3CHO                 -8.503839e+07    -6.025733e+06     1.393000e+03     2.923552e-01     1.771607e-02    -9.831211e-06     3.202503e-09    -4.522882e-13    -1.165216e+04     1.041846e+01     4.744817e-03    -1.097702e-06     1.290698e-10    -6.031746e-15    -1.496298e+04
   47. C3H6                     2.044521e+07     9.799159e+07     1.000000e+03     1.493307e+00     1.046258e-02     1.495598e-06    -4.172280e-09     1.431629e-12     1.074826e+03     6.732317e+00     7.454170e-03    -1.649966e-06     1.803006e-10    -7.532408e-15    -9.236231e+02
   48. C2H5CHO                 -1.862195e+08    -9.597750e+07     1.378000e+03     2.163084e+00     1.477506e-02    -5.081542e-06     8.737599e-10    -4.777933e-14    -2.422601e+04     1.024291e+01     6.982099e-03    -1.587493e-06     1.845264e-10    -8.555190e-15    -2.741451e+04
   49. CH3COCH3                -2.157607e+08    -1.275080e+08     1.374000e+03     1.307672e+00     1.460109e-02    -3.968187e-06     1.630375e-10     9.355024e-14    -2.753283e+04     9.914266e+00     7.301535e-03    -1.686953e-06     1.981707e-10    -9.254793e-15    -3.111681e+04
   50. C3H8                    -1.038662e+08    -1.138192e+07     1.000000e+03     8.969210e-01     1.334493e-02     1.810475e-06    -5.315000e-09     1.848666e-12    -1.395492e+04     7.525306e+00     9.445170e-03    -2.094641e-06     2.294843e-10    -9.624819e-15    -1.646462e+04
   51. C4H2                     4.674108e+08     5.356091e+08     1.000000e+03     4.005191e+00     9.905000e-03    -3.288626e-06    -1.658790e-09     1.215483e-12     5.424064e+04     9.031475e+00     3.023626e-03    -6.495960e-07     6.887158e-11    -2.771216e-15     5.294729e+04
   52. C4H4                     2.845076e+08     3.647080e+08     1.000000e+03    -1.915247e+00     2.637543e-02    -2.388531e-05     1.376810e-08    -3.457244e-12     3.297850e+04     6.650803e+00     8.064715e-03    -2.397962e-06     3.745445e-10    -2.372822e-14     3.119586e+04
   53. C4H6                     1.183658e+08     2.121694e+08     1.000000e+03     1.931624e+00     1.239515e-02     1.006024e-06    -2.886715e-09     5.173246e-13     1.255468e+04     1.254436e+01     4.798262e-03    -3.062337e-07    -1.357410e-10     2.010728e-14     8.597330e+03
   54. NC4H8                   -4.584143e+06     1.001979e+08     1.000000e+03     3.625378e+00     1.107754e-02     3.188989e-06    -4.279960e-09     1.107754e-12    -2.668681e+03     2.517604e+00     1.597434e-02    -4.078554e-06     3.839380e-10     0.000000e+00    -2.746300e+03
   55. IC4H8                   -1.591433e+07     9.019812e+07     1.388000e+03     9.384332e-01     1.952736e-02    -7.214572e-06     1.468168e-09    -1.228871e-13    -3.748179e+03     1.122583e+01     9.089790e-03    -2.067829e-06     2.403611e-10    -1.114176e-14    -7.699838e+03
   56. CYC5H6                   1.338782e+08     2.331275e+08     1.000000e+03    -3.196739e+00     2.040681e-02     2.272168e-07    -7.843648e-09     3.154446e-12     1.529068e+04     9.689966e+00     9.191310e-03    -2.088295e-06     2.348344e-10    -1.017542e-14     1.102112e+04
   57. C6H6                     8.289258e+07     1.967243e+08     1.000000e+03    -3.138012e+00     2.361552e-02    -9.874023e-07    -8.157048e-09     3.437382e-12     8.890030e+03     1.291091e+01     8.616480e-03    -1.674737e-06     1.473374e-10    -3.895042e-15     3.664373e+03
   58. CYC6H8                   9.338262e+07     2.250316e+08     1.384000e+03    -7.195723e+00     3.903384e-02    -2.066674e-05     6.332771e-09    -8.473694e-13     1.040826e+04     1.677972e+01     1.003742e-02    -2.369109e-06     2.823135e-10    -1.331655e-14     2.224531e+03
   59. INDENE                   1.633645e+08     3.279866e+08     1.000000e+03    -5.656509e+00     4.179965e-02    -1.806219e-05     3.292829e-09     0.000000e+00     1.807390e+04     1.299421e+01     1.725180e-02    -3.982445e-06     3.442630e-10     0.000000e+00     1.283985e+04
   60. C10H8                    1.505775e+08     3.299899e+08     1.401000e+03    -8.836460e+00     5.465028e-02    -3.184003e-05     1.054119e-08    -1.479703e-12     1.665334e+04     2.340232e+01     1.212172e-02    -2.787607e-06     3.265503e-10    -1.522307e-14     6.519413e+03
   61. N                        4.726296e+08     4.872215e+08     1.000000e+03     2.503071e+00    -1.090009e-05     1.806843e-08    -1.411890e-11     4.199808e-15     5.609889e+04     2.450268e+00     5.330730e-05    -2.488446e-08     4.699130e-12    -2.051968e-16     5.611603e+04
   62. O                        2.491957e+08     2.640601e+08     1.000000e+03     2.946428e+00    -8.190830e-04     8.070103e-07    -4.007107e-10     7.781392e-14     2.914764e+04     2.542059e+00    -1.377531e-05    -1.034268e-09     1.137767e-12    -8.736102e-17     2.923080e+04
   63. NO3                      7.113706e+07     1.180372e+08     1.000000e+03     1.221076e+00     9.393985e-03    -4.481071e-06     3.186503e-10     2.708120e-13     7.473144e+03     7.120306e+00     1.623114e-03    -4.772045e-07     6.992633e-11    -4.026014e-15     5.864481e+03
   64. H                        2.179774e+08     2.325693e+08     1.000000e+03     2.500000e+00     0.000000e+00     0.000000e+00     0.000000e+00     0.000000e+00     2.547162e+04     2.500000e+00     0.000000e+00     0.000000e+00     0.000000e+00     0.000000e+00     2.547162e+04
   65. NH                       3.565091e+08     3.774440e+08     1.000000e+03     3.339758e+00     6.265045e-04    -1.163882e-06     1.054703e-09    -3.115236e-13     4.185047e+04     2.760251e+00     6.876730e-04    -1.483971e-07     1.923198e-11    -1.003518e-15     4.207827e+04
   66. NNH                      2.450682e+08     2.746289e+08     1.000000e+03     3.501344e+00     1.026793e-03     2.390136e-07     1.230337e-10    -1.934234e-13     2.833347e+04     4.415341e+00     8.071940e-04    -5.442980e-08    -2.139961e-11     3.229582e-15     2.788030e+04
   67. OH                       3.727896e+07     5.819742e+07     1.710000e+03     3.418962e+00     1.596279e-04    -1.027642e-07     9.110187e-11    -2.003910e-14     3.452644e+03     2.853760e+00     5.149717e-04    -7.755549e-08     4.843768e-12    -6.315197e-17     3.699497e+03
   68. HO2                      1.254671e+07     4.210583e+07     1.000000e+03     4.301798e+00    -2.374560e-03     7.052763e-06    -6.069097e-09     1.858450e-12     2.948080e+02     4.017211e+00     1.119910e-03    -2.112194e-07     2.856159e-11    -2.158171e-15     1.118567e+02
   69. NH2                      1.903896e+08     2.168691e+08     1.000000e+03     3.432493e+00     1.649770e-03    -2.204533e-06     2.147737e-09    -7.144092e-13     2.177227e+04     2.961311e+00     1.466349e-03    -3.021200e-07     4.043142e-11    -2.408400e-15     2.191976e+04
   70. H2NO                     6.646160e+07     1.013618e+08     1.000000e+03     2.671410e+00     2.649115e-03     1.202123e-07    -2.103542e-10     0.000000e+00     6.960629e+03     1.496750e+00     4.447360e-03    -1.102790e-06     1.014400e-10     0.000000e+00     7.248252e+03
   71. N2H3                     1.539128e+08     1.991542e+08     1.000000e+03     3.174204e+00     2.357954e-03     4.449557e-06    -4.799213e-09     1.497513e-12     1.727270e+04     4.441841e+00     3.607136e-03    -8.318947e-07     9.801413e-11    -4.597900e-15     1.664222e+04
   72. C                        7.166736e+08     7.312761e+08     1.000000e+03     2.554240e+00    -1.607689e-04     2.445974e-07    -1.830587e-10     5.330429e-14     8.544388e+04     2.492669e+00     2.399446e-05    -2.414450e-08     9.357276e-12    -9.745558e-16     8.545130e+04
   73. CN                       4.351838e+08     4.570408e+08     1.000000e+03     3.663204e+00    -5.782645e-04     7.211363e-07     4.635520e-11    -1.642939e-13     5.128117e+04     3.720118e+00     7.591756e-05     6.624604e-08    -9.495927e-12     2.656460e-16     5.111626e+04
   74. NCO                      1.594263e+08     1.943699e+08     1.000000e+03     2.830320e+00     4.435745e-03    -2.981879e-06     1.469230e-09    -3.815468e-13     1.800543e+04     5.012046e+00     1.313387e-03    -3.694144e-07     5.234650e-11    -2.920694e-15     1.737186e+04
   75. CH                       5.941801e+08     6.154380e+08     1.000000e+03     3.200202e+00     1.036437e-03    -1.711477e-06     1.433472e-09    -3.911066e-13     7.045257e+04     2.196221e+00     1.170190e-03    -2.352734e-07     2.251896e-11    -7.710080e-16     7.086721e+04
   76. HCO                      4.351235e+07     7.283240e+07     1.000000e+03     2.898329e+00     3.099573e-03    -3.207695e-06     2.724562e-09    -9.149770e-13     4.159921e+03     3.557271e+00     1.672786e-03    -4.450020e-07     6.176430e-11    -3.427700e-15     3.916322e+03
   77. CH2                      3.869899e+08     4.146128e+08     1.000000e+03     3.762237e+00     5.799095e-04     8.298616e-08     2.200209e-10    -1.466487e-13     4.536790e+04     3.636408e+00     9.665280e-04    -5.623387e-08    -2.524747e-11     3.616510e-15     4.534133e+04
   78. CH2S                     4.247248e+08     4.518804e+08     1.000000e+03     3.971265e+00    -8.495440e-05     3.417897e-07     6.231375e-10    -3.962532e-13     4.989367e+04     3.552886e+00     1.033394e-03    -6.380387e-08    -2.761682e-11     4.042698e-15     4.984975e+04
   79. H2CN                     2.473276e+08     2.846997e+08     1.000000e+03     2.851661e+00     2.847617e-03     3.570467e-07    -4.056530e-10    -4.702216e-14     2.863782e+04     5.209702e+00     1.484646e-03    -9.518630e-08    -4.088875e-11     6.086518e-15     2.767711e+04
   80. CH3                      1.456944e+08     1.804001e+08     1.000000e+03     2.430442e+00     5.562050e-03    -5.600733e-06     4.054573e-09    -1.172990e-12     1.642378e+04     2.844057e+00     3.068987e-03    -7.434483e-07     9.462903e-11    -4.904318e-15     1.643780e+04
   81. CH2OH                   -1.717483e+07     2.917529e+07     1.000000e+03     2.862628e+00     5.007635e-03    -1.761812e-07    -1.284635e-09     4.492082e-13    -3.349678e+03     6.327519e+00     1.804135e-03    -1.067182e-07    -4.846875e-11     7.019408e-15    -4.474509e+03
   82. CH3O                     1.629806e+07     5.856137e+07     1.000000e+03     2.106204e+00     3.608298e-03     1.779491e-06    -1.844409e-09     4.151220e-13     9.786012e+02     3.770814e+00     3.935749e-03    -8.854613e-07     9.861077e-11    -4.225232e-15     1.278190e+02
   83. CH3OO                    1.798435e+07     7.289556e+07     1.385000e+03     4.261469e+00     5.043680e-03    -1.071687e-06     5.235232e-11     8.366782e-15     4.731297e+02     5.957846e+00     3.953643e-03    -8.941541e-07     1.034728e-10    -4.780147e-15    -3.781785e+02
   84. C2H                      5.661966e+08     5.996801e+08     1.000000e+03     2.889657e+00     6.704980e-03    -9.492317e-06     7.369776e-09    -2.186630e-12     6.683939e+04     3.167806e+00     2.376110e-03    -6.126236e-07     7.604756e-11    -3.544655e-15     6.712107e+04
   85. HCCO                     1.775982e+08     2.218610e+08     1.000000e+03     5.047966e+00     2.226739e-03     7.560940e-08    -3.705235e-10     4.501482e-14     1.965891e+04     6.758074e+00     1.000200e-03    -6.758690e-08    -2.602830e-11     3.930328e-15     1.901513e+04
   86. CH2CN                    2.577919e+08     3.092494e+08     1.000000e+03     2.529672e+00     9.057069e-03    -6.320192e-06     2.986146e-09    -6.508828e-13     2.959229e+04     4.605815e+00     4.724258e-03    -1.570544e-06     2.847489e-10    -2.165788e-14     2.917149e+04
   87. C2H3                     2.862496e+08     3.295290e+08     1.000000e+03     2.459276e+00     3.685738e-03     7.032907e-07    -3.304105e-10    -2.369568e-13     3.335225e+04     5.933467e+00     2.008873e-03    -1.322246e-07    -3.603168e-11     4.757286e-15     3.185435e+04
   88. CH2CHO                   1.469698e+07     7.359175e+07     1.500000e+03     2.802205e-01     1.370156e-02    -8.515610e-06     3.266697e-09    -5.500850e-13     6.682648e+02     9.710057e+00     1.927483e-03    -1.559275e-07    -3.762947e-11     5.882856e-15    -2.692483e+03
   89. CH3CO                   -2.261020e+07     3.159008e+07     1.000000e+03     3.125278e+00     4.889110e-03     1.507149e-06    -2.252365e-09     6.387434e-13    -4.108507e+03     5.612309e+00     4.224943e-03    -9.513823e-07     1.059594e-10    -4.536806e-15    -5.187884e+03
   90. C2H5                     1.172204e+08     1.732891e+08     1.000000e+03     2.690701e+00     4.359567e-03     1.473279e-06     2.334676e-10    -7.855546e-13     1.287040e+04     7.190478e+00     3.242038e-03    -2.142688e-07    -5.869698e-11     7.761754e-15     1.067455e+04
   91. C2H4OH                  -3.013711e+07     3.898303e+07     1.391000e+03     1.177147e+00     1.240578e-02    -5.009983e-06     1.197517e-09    -1.281988e-13    -4.953690e+03     7.522447e+00     5.524636e-03    -1.241922e-06     1.432068e-10    -6.601235e-15    -7.293375e+03
   92. CH3CHOH                 -4.122539e+07     2.539304e+07     1.553000e+03     1.839746e+00     9.389469e-03    -1.535148e-06    -5.327925e-10     1.887545e-13    -6.295952e+03     7.265703e+00     5.479446e-03    -1.212209e-06     1.384150e-10    -6.340246e-15    -8.643714e+03
   93. C2H5OO                  -1.896692e+07     6.395108e+07     1.388000e+03     1.779505e+00     1.524690e-02    -7.212540e-06     2.172266e-09    -3.035769e-13    -3.991020e+03     9.511155e+00     6.133845e-03    -1.407882e-06     1.646187e-10    -7.661904e-15    -6.760676e+03
   94. C2-QOOH                  3.501150e+07     1.228712e+08     1.396000e+03     8.132378e-01     1.950317e-02    -1.135480e-05     3.876656e-09    -5.681397e-13     2.507858e+03     1.162587e+01     5.041317e-03    -1.159781e-06     1.358486e-10    -6.331386e-15    -9.105683e+02
   95. C2-OOQOOH               -1.116576e+08    -1.048936e+06     1.387000e+03     5.900319e+00     1.528293e-02    -6.196865e-06     1.419679e-09    -1.405599e-13    -1.639166e+04     1.454710e+01     6.169691e-03    -1.424198e-06     1.671908e-10    -7.803934e-15    -1.963388e+04
   96. C3H3                     3.474630e+08     4.098736e+08     1.000000e+03     4.754199e+00     5.540140e-03     9.311077e-08    -1.369803e-09     3.899258e-13     3.988883e+04     8.831048e+00     2.178597e-03    -1.369689e-07    -5.921807e-11     8.753040e-15     3.847419e+04
   97. CHCHCH3                  2.709321e+08     3.436536e+08     1.000000e+03     3.161863e+00     7.590500e-03     9.075530e-07    -1.294278e-09     1.087057e-14     3.095547e+04     9.209766e+00     3.935706e-03    -2.574841e-07    -1.124339e-10     1.675454e-14     2.853967e+04
   98. CH2CHCH2                 1.650133e+08     2.413334e+08     1.000000e+03     2.276486e+00     9.927821e-03     3.746140e-07    -2.536440e-09     6.882684e-13     1.829496e+04     8.468715e+00     5.528812e-03    -1.099391e-06     8.084647e-11     0.000000e+00     1.604673e+04
   99. C2H4CHO                  7.730067e+06     8.835535e+07     1.683000e+03     3.248395e+00     1.048003e-02    -2.025553e-06    -2.883547e-10     1.255748e-13    -9.133955e+02     8.132854e+00     6.882586e-03    -1.621222e-06     1.938337e-10    -9.182344e-15    -2.920713e+03
  100. CH3COCH2                -3.039051e+07     5.382378e+07     1.391000e+03     1.803392e+00     1.507035e-02    -6.450185e-06     1.595498e-09    -1.732206e-13    -5.372333e+03     1.023037e+01     5.824708e-03    -1.336685e-06     1.563013e-10    -7.275687e-15    -8.443763e+03
  101. NC3H7                    9.454999e+07     1.820230e+08     1.000000e+03     1.922536e+00     1.239463e-02     6.034163e-07    -4.458162e-09     1.716599e-12     9.713283e+03     7.227153e+00     8.632436e-03    -1.962935e-06     1.672959e-10     0.000000e+00     7.828358e+03
  102. IC3H7                    8.029725e+07     1.679644e+08     1.000000e+03     1.713299e+00     1.271308e-02     5.269360e-07    -4.553215e-09     1.765542e-12     8.035806e+03     7.363411e+00     8.566576e-03    -1.940093e-06     1.647086e-10     0.000000e+00     6.046846e+03
  103. C4H3                     5.434749e+08     6.186611e+08     1.000000e+03     4.153881e+00     8.631435e-03    -7.964580e-08    -2.546750e-09     8.681008e-13     6.338072e+04     1.075274e+01     2.690576e-03    -1.849879e-07    -7.630665e-11     1.152348e-14     6.121420e+04
  104. C4H5                     3.602426e+08     4.513689e+08     1.000000e+03     2.995240e+00     1.144228e-02     6.584903e-07    -2.870612e-09     6.395646e-13     4.142218e+04     1.286597e+01     3.971685e-03    -2.875489e-07    -1.163909e-10     1.790226e-14     3.783552e+04
  105. IC4H7                    1.242349e+08     2.302173e+08     1.000000e+03     4.769520e+00     8.386246e-03     7.100367e-06    -6.896861e-09     1.691002e-12     1.263847e+04     6.165433e+00     1.289214e-02    -3.121738e-06     2.815463e-10     0.000000e+00     1.147137e+04
  106. CH2C3H5                  2.007864e+08     3.009089e+08     1.000000e+03     2.830482e-01     1.933885e-02    -7.024657e-06     1.068957e-09     0.000000e+00     2.252478e+04     6.649453e+00     1.131161e-02    -2.688069e-06     2.385373e-10     0.000000e+00     2.067945e+04
  107. SC4H7                    1.338372e+08     2.347697e+08     1.000000e+03    -4.425982e-01     2.110800e-02    -8.489930e-06     1.493580e-09     0.000000e+00     1.456721e+04     7.148790e+00     1.098319e-02    -2.581571e-06     2.268693e-10     0.000000e+00     1.245898e+04
  108. CYC5H5                   2.552880e+08     3.545373e+08     1.000000e+03    -3.196739e+00     2.040681e-02     2.272168e-07    -7.843648e-09     3.154446e-12     2.989291e+04     9.689966e+00     9.191310e-03    -2.088295e-06     2.348344e-10    -1.017542e-14     2.562335e+04
  109. C6H5                     3.323802e+08     4.423126e+08     1.000000e+03     1.143557e-01     1.813662e-02     3.860953e-07    -5.492410e-09     1.692711e-12     3.836054e+04     1.577589e+01     4.825554e-03    -3.143139e-07    -1.367278e-10     2.053044e-14     3.302698e+04

 -------------------------------------------------------------------------------------------------------------------------------------------------------------------------------------------------------------------------------------------------------------------------------------------


 -------------------------------------------------------------------------------------------------------------------------------------------------------------------------------------------------------------------------------------------------------------------------------------------
                             ENTROPY COEFFICIENTS                                                                     

             S/R = A*lnT + B*T + C*T^2 + D*T^3 + E*T^4 + F  [-]                                                         

    Species                 S(298K)[J/kmol/K] S(1000K)[J/kmol/K]     LT-HT            A(LT)            B(LT)            C(LT)            D(LT)            E(LT)           F(LT)             A(HT)            B(HT)            C(HT)           D(HT)             E(HT)            F(HT)      
 -------------------------------------------------------------------------------------------------------------------------------------------------------------------------------------------------------------------------------------------------------------------------------------------

    1. HE                       1.261427e+05     1.513077e+05     1.000000e+03     2.500000e+00     0.000000e+00     0.000000e+00     0.000000e+00     0.000000e+00     9.287240e-01     2.500000e+00     0.000000e+00     0.000000e+00     0.000000e+00     0.000000e+00     9.287240e-01
    2. AR                       1.547218e+05     1.798868e+05     1.000000e+03     2.500000e+00     0.000000e+00     0.000000e+00     0.000000e+00     0.000000e+00     4.366001e+00     3.125000e+00    -1.406250e-03     4.687502e-07    -5.208336e-11     0.000000e+00     1.038237e+00
    3. N2                       1.914978e+05     2.280888e+05     1.000000e+03     3.298677e+00     1.408240e-03    -1.981611e-06     1.880505e-09    -6.112135e-13     3.950372e+00     2.926638e+00     1.487977e-03    -2.842380e-07     3.365680e-11    -1.688338e-15     5.980540e+00
    4. NO                       2.106391e+05     2.484639e+05     1.000000e+03     3.376541e+00     1.253063e-03    -1.651375e-06     1.739270e-09    -6.115655e-13     5.829592e+00     3.245436e+00     1.269138e-03    -2.507945e-07     3.056428e-11    -1.568855e-15     6.417288e+00
    5. N2O                      2.198730e+05     2.767583e+05     1.000000e+03     2.543057e+00     9.492193e-03    -4.896388e-06     2.087948e-09    -4.754563e-13     9.511224e+00     4.718976e+00     2.873713e-03    -5.987480e-07     7.501837e-11    -3.938342e-15    -1.657237e+00
    6. O2                       2.050301e+05     2.435088e+05     1.000000e+03     3.212936e+00     1.127486e-03    -2.878075e-07     4.379590e-10    -2.192138e-13     6.034739e+00     3.697577e+00     6.135197e-04    -6.294210e-08     5.917603e-12    -2.841088e-16     3.189171e+00
    7. NO2                      2.399085e+05     2.938364e+05     1.000000e+03     2.670600e+00     7.838500e-03    -4.031932e-06     2.053905e-09    -5.800375e-13     1.161207e+01     4.682857e+00     2.462429e-03    -5.211295e-07     6.589673e-11    -3.479293e-15     9.886107e-01
    8. HNO                      2.205930e+05     2.696952e+05     1.000000e+03     2.784402e+00     6.609646e-03    -4.650111e-06     3.145993e-09    -9.382865e-13     9.035629e+00     3.615144e+00     3.212485e-03    -6.301685e-07     7.557657e-11    -3.840590e-15     4.810253e+00
    9. HNNO                     2.532646e+05     3.229007e+05     1.500000e+03     2.238298e+00     1.359200e-02    -5.899365e-06     1.797657e-09    -2.527148e-13     1.413679e+01     6.991219e+00     1.875970e-03    -1.062292e-07    -2.236824e-11     3.076270e-15    -1.123524e+01
   10. HNO2                     2.373997e+05     2.993659e+05     1.500000e+03     1.934838e+00     1.010036e-02    -2.482308e-06     2.900373e-10    -5.810338e-16     1.473250e+01     6.479628e+00     1.995274e-03    -8.701935e-08    -3.231957e-11     4.253700e-15    -1.067285e+01
   11. HONO                     2.493188e+05     3.192143e+05     1.000000e+03     2.290413e+00     1.409922e-02    -6.839360e-06     2.499593e-09    -4.692262e-13     1.328077e+01     5.486890e+00     4.218065e-03    -8.245715e-07     9.906257e-11    -5.052870e-15    -2.996985e+00
   12. HONO2                    2.642738e+05     3.515228e+05     1.500000e+03     7.877668e-01     2.382329e-02    -1.102982e-05     3.446827e-09    -4.932143e-13     2.108964e+01     9.756133e+00     1.900948e-03    -1.620010e-07    -1.325546e-11     2.750835e-15    -2.690012e+01
   13. H2                       1.305811e+05     1.661075e+05     1.000000e+03     3.298124e+00     8.249441e-04    -4.071507e-07    -3.158478e-11     1.033718e-13    -3.294094e+00     2.991422e+00     7.000644e-04    -2.816914e-08    -3.077193e-12     3.956880e-16    -1.355106e+00
   14. N2H2                     2.184477e+05     2.767439e+05     1.000000e+03     1.617999e+00     1.306312e-02    -8.578555e-06     5.352026e-09    -1.523409e-12     1.379467e+01     3.371190e+00     6.039968e-03    -1.151926e-06     1.354263e-10    -6.782860e-15     4.980558e+00
   15. H2O                      1.886994e+05     2.326352e+05     1.000000e+03     3.386842e+00     3.474982e-03    -3.177348e-06     2.322860e-09    -6.266470e-13     2.590232e+00     2.672146e+00     3.056293e-03    -4.365130e-07     4.003320e-11    -1.597904e-15     6.862811e+00
   16. H2O2                     2.328593e+05     2.973667e+05     1.000000e+03     3.388753e+00     6.569226e-03    -7.425060e-08    -1.541935e-09     6.178785e-13     6.785363e+00     4.573166e+00     4.336136e-03    -7.373445e-07     7.829677e-11    -3.579135e-15     5.011379e-01
   17. NH3                      1.926154e+05     2.463967e+05     1.000000e+03     2.204351e+00     1.011476e-02    -7.326325e-06     4.824117e-09    -1.332127e-12     8.127140e+00     2.461895e+00     6.059167e-03    -1.002488e-06     1.045334e-10    -4.845792e-15     7.472150e+00
   18. N2H4                     2.385999e+05     3.278801e+05     1.000000e+03     6.442606e-02     2.749730e-02    -1.449725e-05     5.817467e-09    -1.105570e-12     2.127789e+01     4.977322e+00     9.595519e-03    -1.773820e-06     2.041433e-10    -1.007449e-14    -2.963021e+00
   19. CO                       1.975348e+05     2.344522e+05     1.000000e+03     3.262451e+00     1.511941e-03    -1.940878e-06     1.860648e-09    -6.187377e-13     4.848897e+00     3.025076e+00     1.442689e-03    -2.815414e-07     3.395270e-11    -1.727738e-15     6.108225e+00
   20. CO2                      2.137193e+05     2.692702e+05     1.000000e+03     2.275724e+00     9.922072e-03    -5.204555e-06     2.288895e-09    -5.293200e-13     1.018849e+01     4.453626e+00     3.140168e-03    -6.392055e-07     7.979987e-11    -4.172582e-15    -9.554200e-01
   21. HCN                      2.017368e+05     2.536009e+05     1.000000e+03     2.490462e+00     8.611279e-03    -5.155170e-06     2.493833e-09    -5.572772e-13     7.904980e+00     3.650078e+00     3.460998e-03    -6.371395e-07     7.392183e-11    -3.692942e-15     2.393214e+00
   22. HNCO                     2.387234e+05     3.080071e+05     1.000000e+03     3.694059e+00     6.657235e-03    -2.527234e-08    -1.157804e-09     3.401422e-13     5.712739e+00     6.211864e+00     2.297137e-03    -1.108064e-07    -4.073480e-11     5.681015e-15    -8.016617e+00
   23. HCNO                     2.250696e+05     2.992252e+05     1.000000e+03     3.184858e+00     9.752316e-03    -6.401015e-07    -2.054368e-09     8.065687e-13     6.123842e+00     6.692412e+00     2.368360e-03    -1.185755e-07    -4.251677e-11     6.017843e-15    -1.245435e+01
   24. HOCN                     2.478639e+05     3.123197e+05     1.000000e+03     3.628292e+00     5.664184e-03    -5.851030e-08    -7.828793e-10     2.004101e-13     7.476823e+00     5.645608e+00     2.298206e-03    -1.081314e-07    -4.049337e-11     5.596590e-15    -3.590278e+00
   25. CH2O                     2.185926e+05     2.753937e+05     1.000000e+03     1.652731e+00     1.263144e-02    -9.440839e-06     6.833437e-09    -2.103309e-12     1.378482e+01     2.995609e+00     6.681321e-03    -1.314477e-06     1.579051e-10    -8.031293e-15     6.912561e+00
   26. CH3NO                    2.655621e+05     3.523493e+05     1.500000e+03     2.109955e+00     1.517822e-02    -3.535894e-06     5.035370e-10    -4.010510e-14     1.569702e+01     8.820555e+00     3.706233e-03    -1.447371e-07    -6.326367e-11     8.093860e-15    -2.213225e+01
   27. CH3ONO                   2.798090e+05     3.908683e+05     1.500000e+03     1.490345e+00     2.645433e-02    -1.056166e-05     3.138133e-09    -4.528013e-13     1.813766e+01     1.136127e+01     4.159349e-03    -2.072835e-07    -5.650467e-11     7.571830e-15    -3.545423e+01
   28. CH3NO2                   3.004155e+05     4.024894e+05     1.382000e+03    -3.707751e-01     2.837028e-02    -1.041698e-05     2.696602e-09    -3.263027e-13     3.064592e+01     7.504071e+00     9.521219e-03    -1.638803e-06     1.695595e-10    -7.361384e-15    -1.150888e+01
   29. CH3ONO2                  2.997175e+05     4.307769e+05     1.500000e+03     7.803354e-01     3.454204e-02    -1.411164e-05     4.107747e-09    -5.755410e-13     2.245752e+01     1.436187e+01     4.112243e-03    -2.556526e-07    -4.988120e-11     7.530390e-15    -5.131835e+01
   30. CH4                      1.860430e+05     2.474973e+05     1.000000e+03     7.787417e-01     1.747668e-02    -1.391705e-05     1.016569e-08    -3.059828e-12     1.372219e+01     1.683466e+00     1.023724e-02    -1.937564e-06     2.261862e-10    -1.125856e-14     9.623476e+00
   31. CH3OH                    2.396300e+05     3.176225e+05     1.000000e+03     2.660115e+00     7.341508e-03     3.585025e-06    -2.931065e-09     5.976425e-13     1.123263e+01     4.029078e+00     9.376593e-03    -1.525127e-06     1.452931e-10    -5.561808e-15     2.378083e+00
   32. CH3OOH                   2.824939e+05     3.921624e+05     1.000000e+03     5.868651e+00     1.079424e-02    -1.822765e-06     1.804304e-10    -7.242110e-15    -2.517623e+00     5.636950e+00     1.118148e-02    -1.847967e-06     1.357299e-10     0.000000e+00    -1.241666e+00
   33. C2H2                     2.008961e+05     2.691525e+05     1.000000e+03     2.013562e+00     1.519045e-02    -8.081596e-06     3.026331e-09    -4.781865e-13     8.805378e+00     4.436773e+00     5.376039e-03    -9.564081e-07     1.095460e-10    -5.391772e-15    -2.800357e+00
   34. CH2CO                    2.417861e+05     3.241893e+05     1.000000e+03     2.974971e+00     1.211871e-02    -1.172523e-06    -2.155562e-09     9.764122e-13     8.673553e+00     6.038853e+00     5.804840e-03    -9.604770e-07     9.314950e-11    -3.647170e-15    -7.657823e+00
   35. CH3CN                    2.426198e+05     3.320255e+05     1.000000e+03     2.519753e+00     1.356752e-02    -1.288204e-06    -1.029799e-09     3.572173e-13     1.092087e+01     2.392404e+00     1.561887e-02    -3.956025e-06     6.457444e-10    -4.652989e-14     1.114524e+01
   36. C2H4                     2.191521e+05     3.003864e+05     1.000000e+03    -8.614879e-01     2.796162e-02    -1.694338e-05     9.283840e-09    -2.434470e-12     2.421148e+01     3.528416e+00     1.148518e-02    -2.209192e-06     2.614867e-10    -1.316712e-14     2.230392e+00
   37. C2H4O                    2.427975e+05     3.405682e+05     1.000000e+03    -1.303855e+00     2.824617e-02    -8.529671e-06     1.315845e-09     0.000000e+00     2.893526e+01     3.855433e+00     1.460818e-02    -2.630608e-06     2.093718e-10     0.000000e+00     2.141569e+00
   38. CH3CHO                   2.637902e+05     3.631007e+05     1.000000e+03     2.505695e+00     1.336991e-02     2.335976e-06    -3.760467e-09     1.065892e-12     1.335089e+01     5.868691e+00     1.079424e-02    -1.822765e-06     1.804304e-10    -7.242110e-15    -6.013217e+00
   39. C2-OQOOH                 3.460465e+05     4.971210e+05     1.380000e+03     5.523825e+00     2.420683e-02    -7.644949e-06     1.672428e-09    -1.741016e-13     3.572406e+00     1.240643e+01     9.472338e-03    -1.640540e-06     1.712574e-10    -7.496820e-15    -3.394799e+01
   40. C2H6                     2.289529e+05     3.315302e+05     1.000000e+03     1.462539e+00     1.549467e-02     2.890253e-06    -4.192773e-09     1.146567e-12     1.443229e+01     4.825976e+00     1.384043e-02    -2.278629e-06     2.241656e-10    -8.995403e-15    -5.239763e+00
   41. C2H5OH                   2.821529e+05     4.056043e+05     1.000000e+03     5.765358e-01     2.894512e-02    -8.050100e-06     1.197214e-09     0.000000e+00     2.270813e+01     4.347171e+00     1.862880e-02    -3.389733e-06     2.721975e-10     0.000000e+00     3.242473e+00
   42. C2H5OOH                  3.085845e+05     4.567419e+05     1.000000e+03     2.239983e+00     3.109143e-02    -8.546685e-06     1.097933e-09     0.000000e+00     1.581743e+01     9.146119e+00     1.446114e-02    -2.275600e-06     1.585933e-10     0.000000e+00    -2.058993e+01
   43. C3H2                     2.711937e+05     3.586299e+05     1.000000e+03     3.166714e+00     2.482572e-02    -2.295818e-05     1.422673e-08    -3.705380e-12     8.869446e+00     7.670996e+00     2.748749e-03    -2.185471e-07    -2.151866e-11     4.159718e-15    -1.236899e+01
   44. PC3H4                    2.464225e+05     3.512651e+05     1.400000e+03     3.029730e+00     1.498961e-02    -6.992500e-07    -1.323206e-09     3.470543e-13     8.004594e+00     9.768102e+00     5.219151e-03    -1.876570e-07    -9.973970e-11     1.276970e-14    -3.020679e+01
   45. AC3H4                    2.424254e+05     3.476721e+05     1.400000e+03     2.539831e+00     1.633437e-02    -8.824750e-07    -1.549122e-09     4.322828e-13     9.935702e+00     9.776251e+00     5.302138e-03    -1.850559e-07    -1.008795e-10     1.272395e-14    -3.077059e+01
   46. C2H3CHO                  2.819533e+05     4.098812e+05     1.393000e+03     2.923552e-01     3.543214e-02    -1.474682e-05     4.270004e-09    -5.653603e-13     2.288783e+01     1.041846e+01     9.489633e-03    -1.646553e-06     1.720931e-10    -7.539682e-15    -3.072325e+01
   47. C3H6                     2.573717e+05     3.812668e+05     1.000000e+03     1.493307e+00     2.092517e-02     2.243397e-06    -5.563040e-09     1.789537e-12     1.614534e+01     6.732317e+00     1.490834e-02    -2.474949e-06     2.404007e-10    -9.415510e-15    -1.331377e+01
   48. C2H5CHO                  3.042933e+05     4.497339e+05     1.378000e+03     2.163084e+00     2.955013e-02    -7.622313e-06     1.165013e-09    -5.972416e-14     1.611533e+01     1.024291e+01     1.396420e-02    -2.381240e-06     2.460352e-10    -1.069399e-14    -2.853573e+01
   49. CH3COCH3                 2.932495e+05     4.344876e+05     1.374000e+03     1.307672e+00     2.920217e-02    -5.952281e-06     2.173834e-10     1.169378e-13     1.963950e+01     9.914266e+00     1.460307e-02    -2.530429e-06     2.642276e-10    -1.156849e-14    -2.861165e+01
   50. C3H8                     2.701422e+05     4.172267e+05     1.000000e+03     8.969210e-01     2.668986e-02     2.715713e-06    -7.086667e-09     2.310833e-12     1.935533e+01     7.525306e+00     1.889034e-02    -3.141962e-06     3.059791e-10    -1.203102e-14    -1.784452e+01
   51. C4H2                     2.501197e+05     3.633201e+05     1.000000e+03     4.005191e+00     1.981000e-02    -4.932938e-06    -2.211719e-09     1.519353e-12     1.845736e+00     9.031475e+00     6.047252e-03    -9.743940e-07     9.182877e-11    -3.464020e-15    -2.385113e+01
   52. C4H4                     2.785220e+05     4.086458e+05     1.000000e+03    -1.915247e+00     5.275087e-02    -3.582797e-05     1.835747e-08    -4.321555e-12     3.141998e+01     6.650803e+00     1.612943e-02    -3.596944e-06     4.993927e-10    -2.966027e-14    -9.795598e+00
   53. C4H6                     2.947430e+05     4.444935e+05     1.000000e+03     1.931624e+00     2.479030e-02     1.509036e-06    -3.848953e-09     6.466557e-13     1.701999e+01     1.254436e+01     9.596525e-03    -4.593506e-07    -1.809880e-10     2.513410e-14    -4.217449e+01
   54. NC4H8                    3.043469e+05     4.716245e+05     1.000000e+03     3.625378e+00     2.215509e-02     4.783484e-06    -5.706613e-09     1.384693e-12     9.063444e+00     2.517604e+00     3.194867e-02    -6.117831e-06     5.119174e-10     0.000000e+00     1.298957e+01
   55. IC4H8                    2.928234e+05     4.628133e+05     1.388000e+03     9.384332e-01     3.905473e-02    -1.082186e-05     1.957557e-09    -1.536089e-13     1.914430e+01     1.122583e+01     1.817958e-02    -3.101743e-06     3.204815e-10    -1.392720e-14    -3.733067e+01
   56. CYC5H6                   2.696742e+05     4.261698e+05     1.000000e+03    -3.196739e+00     4.081361e-02     3.408252e-07    -1.045820e-08     3.943058e-12     3.869938e+01     9.689966e+00     1.838262e-02    -3.132442e-06     3.131126e-10    -1.271927e-14    -3.123010e+01
   57. C6H6                     2.692855e+05     4.495610e+05     1.000000e+03    -3.138012e+00     4.723103e-02    -1.481104e-06    -1.087606e-08     4.296728e-12     3.657573e+01     1.291091e+01     1.723296e-02    -2.512105e-06     1.964499e-10    -4.868803e-15    -5.002812e+01
   58. CYC6H8                   2.908132e+05     4.987925e+05     1.384000e+03    -7.195723e+00     7.806768e-02    -3.100011e-05     8.443695e-09    -1.059212e-12     5.524512e+01     1.677972e+01     2.007483e-02    -3.553663e-06     3.764180e-10    -1.664569e-14    -7.291207e+01
   59. INDENE                   3.368581e+05     5.981449e+05     1.000000e+03    -5.656509e+00     8.359930e-02    -2.709329e-05     4.390439e-09     0.000000e+00     5.011755e+01     1.299421e+01     3.450360e-02    -5.973667e-06     4.590173e-10     0.000000e+00    -4.680955e+01
   60. C10H8                    3.363369e+05     6.220239e+05     1.401000e+03    -8.836460e+00     1.093006e-01    -4.776005e-05     1.405492e-08    -1.849629e-12     6.210648e+01     2.340232e+01     2.424344e-02    -4.181410e-06     4.354004e-10    -1.902884e-14    -1.074332e+02
   61. N                        1.531796e+05     1.783446e+05     1.000000e+03     2.503071e+00    -2.180018e-05     2.710265e-08    -1.882520e-11     5.249760e-15     4.167566e+00     2.450268e+00     1.066146e-04    -3.732669e-08     6.265507e-12    -2.564960e-16     4.448748e+00
   62. O                        1.609351e+05     1.866810e+05     1.000000e+03     2.946428e+00    -1.638166e-03     1.210515e-06    -5.342810e-10     9.726740e-14     2.963995e+00     2.542059e+00    -2.755061e-05    -1.551401e-09     1.517022e-12    -1.092013e-16     4.920309e+00
   63. NO3                      2.525473e+05     3.298074e+05     1.000000e+03     1.221076e+00     1.878797e-02    -6.721606e-06     4.248671e-10     3.385150e-13     1.840202e+01     7.120306e+00     3.246228e-03    -7.158067e-07     9.323510e-11    -5.032517e-15    -1.213729e+01
   64. H                        1.145952e+05     1.397602e+05     1.000000e+03     2.500000e+00     0.000000e+00     0.000000e+00     0.000000e+00     0.000000e+00    -4.601176e-01     2.500000e+00     0.000000e+00     0.000000e+00     0.000000e+00     0.000000e+00    -4.601176e-01
   65. NH                       1.811441e+05     2.170199e+05     1.000000e+03     3.339758e+00     1.253009e-03    -1.745822e-06     1.406271e-09    -3.894045e-13     2.507180e+00     2.760251e+00     1.375346e-03    -2.225957e-07     2.564264e-11    -1.254398e-15     5.857186e+00
   66. NNH                      2.243707e+05     2.736512e+05     1.000000e+03     3.501344e+00     2.053586e-03     3.585205e-07     1.640449e-10    -2.417793e-13     6.391838e+00     4.415341e+00     1.614388e-03    -8.164470e-08    -2.853282e-11     4.036978e-15     9.042971e-01
   67. OH                       1.838076e+05     2.196951e+05     1.710000e+03     3.418962e+00     3.192558e-04    -1.541464e-07     1.214692e-10    -2.504887e-14     2.544334e+00     2.853760e+00     1.029943e-03    -1.163332e-07     6.458357e-12    -7.893996e-17     5.787568e+00
   68. HO2                      2.290871e+05     2.784798e+05     1.000000e+03     4.301798e+00    -4.749121e-03     1.057914e-05    -8.092130e-09     2.323063e-12     3.716662e+00     4.017211e+00     2.239820e-03    -3.168291e-07     3.808212e-11    -2.697713e-15     3.785102e+00
   69. NH2                      1.945893e+05     2.391600e+05     1.000000e+03     3.432493e+00     3.299540e-03    -3.306800e-06     2.863649e-09    -8.930115e-13     3.090110e+00     2.961311e+00     2.932699e-03    -4.531800e-07     5.390857e-11    -3.010500e-15     5.777881e+00
   70. H2NO                     2.366020e+05     2.935128e+05     1.000000e+03     2.671410e+00     5.298230e-03     1.803185e-07    -2.804723e-10     0.000000e+00     1.164991e+01     1.496750e+00     8.894720e-03    -1.654185e-06     1.352533e-10     0.000000e+00     1.758646e+01
   71. N2H3                     2.285185e+05     3.022064e+05     1.000000e+03     3.174204e+00     4.715907e-03     6.674335e-06    -6.398950e-09     1.871891e-12     7.557224e+00     4.441841e+00     7.214271e-03    -1.247842e-06     1.306855e-10    -5.747375e-15    -4.274863e-01
   72. C                        1.580904e+05     1.832782e+05     1.000000e+03     2.554240e+00    -3.215377e-04     3.668961e-07    -2.440783e-10     6.663036e-14     4.531308e+00     2.492669e+00     4.798893e-05    -3.621675e-08     1.247637e-11    -1.218195e-15     4.801504e+00
   73. CN                       2.025410e+05     2.396659e+05     1.000000e+03     3.663204e+00    -1.156529e-03     1.081704e-06     6.180693e-11    -2.053674e-13     3.739015e+00     3.720118e+00     1.518351e-04     9.936905e-08    -1.266124e-11     3.320575e-16     2.888610e+00
   74. NCO                      2.321235e+05     2.904303e+05     1.000000e+03     2.830320e+00     8.871490e-03    -4.472818e-06     1.958973e-09    -4.769335e-13     9.498832e+00     5.012046e+00     2.626773e-03    -5.541216e-07     6.979533e-11    -3.650867e-15    -1.830079e+00
   75. CH                       1.829175e+05     2.192183e+05     1.000000e+03     3.200202e+00     2.072875e-03    -2.567215e-06     1.911297e-09    -4.888832e-13     3.331587e+00     2.196221e+00     2.340381e-03    -3.529101e-07     3.002527e-11    -9.637600e-16     9.178381e+00
   76. HCO                      2.245144e+05     2.733898e+05     1.000000e+03     2.898329e+00     6.199146e-03    -4.811542e-06     3.632750e-09    -1.143721e-12     8.983615e+00     3.557271e+00     3.345572e-03    -6.675030e-07     8.235240e-11    -4.284625e-15     5.552300e+00
   77. CH2                      1.954682e+05     2.419140e+05     1.000000e+03     3.762237e+00     1.159819e-03     1.244792e-07     2.933612e-10    -1.833109e-13     1.712577e+00     3.636408e+00     1.933056e-03    -8.435080e-08    -3.366330e-11     4.520638e-15     2.156562e+00
   78. CH2S                     1.886984e+05     2.342051e+05     1.000000e+03     3.971265e+00    -1.699088e-04     5.126845e-07     8.308500e-10    -4.953165e-13     5.753208e-02     3.552886e+00     2.066788e-03    -9.570580e-08    -3.682243e-11     5.053372e-15     1.686585e+00
   79. H2CN                     2.242321e+05     2.853733e+05     1.000000e+03     2.851661e+00     5.695233e-03     5.355700e-07    -5.408707e-10    -5.877770e-14     8.992749e+00     5.209702e+00     2.969291e-03    -1.427795e-07    -5.451833e-11     7.608147e-15    -4.444465e+00
   80. CH3                      1.940322e+05     2.514425e+05     1.000000e+03     2.430442e+00     1.112410e-02    -8.401100e-06     5.406097e-09    -1.466238e-12     6.789794e+00     2.844057e+00     6.137974e-03    -1.115172e-06     1.261720e-10    -6.130398e-15     5.452657e+00
   81. CH2OH                    2.463310e+05     3.223682e+05     1.000000e+03     2.862628e+00     1.001527e-02    -2.642718e-07    -1.712846e-09     5.615103e-13     1.039794e+01     6.327519e+00     3.608270e-03    -1.600774e-07    -6.462500e-11     8.774260e-15    -8.329360e+00
   82. CH3O                     2.284652e+05     2.963847e+05     1.000000e+03     2.106204e+00     7.216595e-03     2.669236e-06    -2.459212e-09     5.189025e-13     1.315218e+01     3.770814e+00     7.871497e-03    -1.328192e-06     1.314810e-10    -5.281540e-15     2.929475e+00
   83. CH3OO                    2.784449e+05     3.686909e+05     1.385000e+03     4.261469e+00     1.008736e-02    -1.607531e-06     6.980309e-11     1.045848e-14     6.345991e+00     5.957846e+00     7.907286e-03    -1.341231e-06     1.379638e-10    -5.975183e-15    -3.536711e+00
   84. C2H                      2.133147e+05     2.697928e+05     1.000000e+03     2.889657e+00     1.340996e-02    -1.423847e-05     9.826368e-09    -2.733288e-12     6.222964e+00     3.167806e+00     4.752219e-03    -9.189354e-07     1.013967e-10    -4.430819e-15     6.635898e+00
   85. HCCO                     2.541331e+05     3.282644e+05     1.000000e+03     5.047966e+00     4.453478e-03     1.134141e-07    -4.940313e-10     5.626852e-14     4.818439e-01     6.758074e+00     2.000400e-03    -1.013803e-07    -3.470440e-11     4.912910e-15    -9.071265e+00
   86. CH2CN                    2.499355e+05     3.348202e+05     1.000000e+03     2.529672e+00     1.811414e-02    -9.480288e-06     3.981528e-09    -8.136036e-13     1.099344e+01     4.605815e+00     9.448516e-03    -2.355816e-06     3.796652e-10    -2.707236e-14     1.008439e+00
   87. C2H3                     2.315025e+05     3.012661e+05     1.000000e+03     2.459276e+00     7.371476e-03     1.054936e-06    -4.405473e-10    -2.961960e-13     1.155620e+01     5.933467e+00     4.017745e-03    -1.983369e-07    -4.804223e-11     5.946608e-15    -8.530305e+00
   88. CH2CHO                   2.588743e+05     3.544517e+05     1.500000e+03     2.802205e-01     2.740311e-02    -1.277341e-05     4.355597e-09    -6.876062e-13     2.239731e+01     9.710057e+00     3.854966e-03    -2.338912e-07    -5.017263e-11     7.353570e-15    -2.810564e+01
   89. CH3CO                    2.666896e+05     3.546266e+05     1.000000e+03     3.125278e+00     9.778220e-03     2.260724e-06    -3.003154e-09     7.984293e-13     1.122885e+01     5.612309e+00     8.449886e-03    -1.427073e-06     1.412792e-10    -5.671008e-15    -3.275152e+00
   90. C2H5                     2.516161e+05     3.407545e+05     1.000000e+03     2.690701e+00     8.719133e-03     2.209919e-06     3.112901e-10    -9.819433e-13     1.213820e+01     7.190478e+00     6.484077e-03    -3.214032e-07    -7.826264e-11     9.702192e-15    -1.478088e+01
   91. C2H4OH                   2.950137e+05     4.063502e+05     1.391000e+03     1.177147e+00     2.481157e-02    -7.514975e-06     1.596689e-09    -1.602486e-13     2.200816e+01     7.522447e+00     1.104927e-02    -1.862882e-06     1.909425e-10    -8.251544e-15    -1.249607e+01
   92. CH3CHOH                  2.993253e+05     4.062027e+05     1.553000e+03     1.839746e+00     1.877894e-02    -2.302721e-06    -7.103900e-10     2.359432e-13     2.014461e+01     7.265703e+00     1.095889e-02    -1.818314e-06     1.845533e-10    -7.925308e-15    -1.068229e+01
   93. C2H5OO                   3.128737e+05     4.471209e+05     1.388000e+03     1.779505e+00     3.049381e-02    -1.081881e-05     2.896354e-09    -3.794712e-13     1.929195e+01     9.511155e+00     1.226769e-02    -2.111822e-06     2.194917e-10    -9.577380e-15    -2.234271e+01
   94. C2-QOOH                  3.312825e+05     4.740824e+05     1.396000e+03     8.132378e-01     3.900634e-02    -1.703219e-05     5.168874e-09    -7.101746e-13     2.496845e+01     1.162587e+01     1.008263e-02    -1.739672e-06     1.811314e-10    -7.914232e-15    -3.185229e+01
   95. C2-OOQOOH                4.013982e+05     5.826469e+05     1.387000e+03     5.900319e+00     3.056585e-02    -9.295298e-06     1.892905e-09    -1.756999e-13     6.330510e+00     1.454710e+01     1.233938e-02    -2.136297e-06     2.229211e-10    -9.754918e-15    -4.087842e+01
   96. C3H3                     2.572532e+05     3.600769e+05     1.000000e+03     4.754199e+00     1.108028e-02     1.396662e-07    -1.826404e-09     4.874072e-13     5.854547e-01     8.831048e+00     4.357194e-03    -2.054533e-07    -7.895743e-11     1.094130e-14    -2.177919e+01
   97. CHCHCH3                  2.876178e+05     4.045100e+05     1.000000e+03     3.161863e+00     1.518100e-02     1.361330e-06    -1.725704e-09     1.358822e-14     1.197973e+01     9.209766e+00     7.871412e-03    -3.862261e-07    -1.499119e-10     2.094318e-14    -2.232371e+01
   98. CH2CHCH2                 2.708745e+05     3.936615e+05     1.000000e+03     2.276486e+00     1.985564e-02     5.619210e-07    -3.381920e-09     8.603355e-13     1.372515e+01     8.468715e+00     1.105762e-02    -1.649087e-06     1.077953e-10     0.000000e+00    -2.066961e+01
   99. C2H4CHO                  3.228755e+05     4.530767e+05     1.683000e+03     3.248395e+00     2.096005e-02    -3.038329e-06    -3.844730e-10     1.569685e-13     1.435919e+01     8.132854e+00     1.376517e-02    -2.431834e-06     2.584450e-10    -1.147793e-14    -1.324649e+01
  100. CH3COCH2                 3.014499e+05     4.376594e+05     1.391000e+03     1.803392e+00     3.014071e-02    -9.675278e-06     2.127330e-09    -2.165258e-13     1.780464e+01     1.023037e+01     1.164942e-02    -2.005028e-06     2.084017e-10    -9.094609e-15    -2.791950e+01
  101. NC3H7                    2.891173e+05     4.296008e+05     1.000000e+03     1.922536e+00     2.478927e-02     9.051245e-07    -5.944216e-09     2.145749e-12     1.649271e+01     7.227153e+00     1.726487e-02    -2.944402e-06     2.230612e-10     0.000000e+00    -1.279789e+01
  102. IC3H7                    2.788987e+05     4.196031e+05     1.000000e+03     1.713299e+00     2.542616e-02     7.904040e-07    -6.070954e-09     2.206928e-12     1.627901e+01     7.363411e+00     1.713315e-02    -2.910140e-06     2.196114e-10     0.000000e+00    -1.484067e+01
  103. C4H3                     2.889610e+05     4.120932e+05     1.000000e+03     4.153881e+00     1.726287e-02    -1.194687e-07    -3.395667e-09     1.085126e-12     6.036506e+00     1.075274e+01     5.381153e-03    -2.774819e-07    -1.017422e-10     1.440435e-14    -2.973025e+01
  104. C4H5                     3.057317e+05     4.525500e+05     1.000000e+03     2.995240e+00     2.288456e-02     9.877354e-07    -3.827483e-09     7.994558e-13     1.289454e+01     1.286597e+01     7.943369e-03    -4.313233e-07    -1.551878e-10     2.237783e-14    -4.182504e+01
  105. IC4H7                    3.068275e+05     4.764255e+05     1.000000e+03     4.769520e+00     1.677249e-02     1.065055e-05    -9.195814e-09     2.113753e-12     4.013093e+00     6.165433e+00     2.578428e-02    -4.682606e-06     3.753950e-10     0.000000e+00    -6.765615e+00
  106. CH2C3H5                  3.134301e+05     4.737392e+05     1.000000e+03     2.830482e-01     3.867770e-02    -1.053699e-05     1.425276e-09     0.000000e+00     2.545644e+01     6.649453e+00     2.262321e-02    -4.032103e-06     3.180497e-10     0.000000e+00    -7.864291e+00
  107. SC4H7                    3.042206e+05     4.658087e+05     1.000000e+03    -4.425982e-01     4.221601e-02    -1.273490e-05     1.991440e-09     0.000000e+00     2.760865e+01     7.148790e+00     2.196639e-02    -3.872356e-06     3.024925e-10     0.000000e+00    -1.175477e+01
  108. CYC5H5                   2.696742e+05     4.261698e+05     1.000000e+03    -3.196739e+00     4.081361e-02     3.408252e-07    -1.045820e-08     3.943058e-12     3.869938e+01     9.689966e+00     1.838262e-02    -3.132442e-06     3.131126e-10    -1.271927e-14    -3.123010e+01
  109. C6H5                     2.921407e+05     4.675741e+05     1.000000e+03     1.143557e-01     3.627324e-02     5.791430e-07    -7.323213e-09     2.115889e-12     2.380117e+01     1.577589e+01     9.651109e-03    -4.714708e-07    -1.823037e-10     2.566305e-14    -6.176281e+01

 -------------------------------------------------------------------------------------------------------------------------------------------------------------------------------------------------------------------------------------------------------------------------------------------


