------------------------------
  Elements     Atomic Weight  
------------------------------
  1.	C         12.01099968
  2.	H          1.00800002
  3.	CL        35.45300000
  4.	O         15.99899960
  5.	N         14.00699997
  6.	AR        39.94800186
  7.	HE         4.00299978
------------------------------


----------------------------------------------------------------------------------------------------------------------------------
                                                Molecular        Temperature        Elements
  Species                  Phase  Charge         weight         Low      High       C       H      CL       O       N      AR      HE
----------------------------------------------------------------------------------------------------------------------------------
    1. HE                    G      0            4.003000    300.00   5000.00       0       0       0       0       0       0       1
    2. AR                    G      0           39.948002    300.00   5000.00       0       0       0       0       0       1       0
    3. N2                    G      0           28.014000    300.00   5000.00       0       0       0       0       2       0       0
    4. NO                    G      0           30.006000    300.00   5000.00       0       0       0       1       1       0       0
    5. N2O                   G      0           44.013000    300.00   5000.00       0       0       0       1       2       0       0
    6. O2                    G      0           31.997999    300.00   5000.00       0       0       0       2       0       0       0
    7. NO2                   G      0           46.004999    300.00   5000.00       0       0       0       2       1       0       0
    8. HNO                   G      0           31.014000    300.00   5000.00       0       1       0       1       1       0       0
    9. HNNO                  G      0           45.021000    300.00   5000.00       0       1       0       1       2       0       0
   10. HONO                  G      0           47.012999    300.00   5000.00       0       1       0       2       1       0       0
   11. HNO2                  G      0           47.012999    300.00   5000.00       0       1       0       2       1       0       0
   12. HONO2                 G      0           63.011999    300.00   5000.00       0       1       0       3       1       0       0
   13. H2                    G      0            2.016000    300.00   5000.00       0       2       0       0       0       0       0
   14. N2H2                  G      0           30.030000    300.00   5000.00       0       2       0       0       2       0       0
   15. H2O                   G      0           18.015000    300.00   5000.00       0       2       0       1       0       0       0
   16. H2O2                  G      0           34.013999    300.00   5000.00       0       2       0       2       0       0       0
   17. NH3                   G      0           17.031000    300.00   5000.00       0       3       0       0       1       0       0
   18. N2H4                  G      0           32.046000    300.00   5000.00       0       4       0       0       2       0       0
   19. CO                    G      0           28.009999    300.00   5000.00       1       0       0       1       0       0       0
   20. CO2                   G      0           44.008999    300.00   5000.00       1       0       0       2       0       0       0
   21. N                     G      0           14.007000    300.00   5000.00       0       0       0       0       1       0       0
   22. O                     G      0           15.999000    300.00   5000.00       0       0       0       1       0       0       0
   23. NO3                   G      0           62.003999    300.00   5000.00       0       0       0       3       1       0       0
   24. H                     G      0            1.008000    300.00   5000.00       0       1       0       0       0       0       0
   25. NH                    G      0           15.015000    300.00   5000.00       0       1       0       0       1       0       0
   26. NNH                   G      0           29.022000    300.00   5000.00       0       1       0       0       2       0       0
   27. OH                    G      0           17.007000    300.00   5000.00       0       1       0       1       0       0       0
   28. HO2                   G      0           33.005999    300.00   5000.00       0       1       0       2       0       0       0
   29. NH2                   G      0           16.023000    300.00   5000.00       0       2       0       0       1       0       0
   30. H2NO                  G      0           32.022000    300.00   5000.00       0       2       0       1       1       0       0
   31. N2H3                  G      0           31.038000    300.00   5000.00       0       3       0       0       2       0       0
   32. HCO                   G      0           29.017999    300.00   5000.00       1       1       0       1       0       0       0
----------------------------------------------------------------------------------------------------------------------------------

------------------------------------------------------------------------------------------------------------------
  Species                  Shape       eps/kb          sigma             mu           alfa        zRot298         
------------------------------------------------------------------------------------------------------------------
    1. HE                    0        10.2000         2.5760         0.0000         0.0000         0.0000
    2. AR                    0       136.5000         3.3300         0.0000         0.0000         0.0000
    3. N2                    1        97.5300         3.6210         0.0000         1.7600         4.0000
    4. NO                    1        97.5000         3.6210         0.0000         1.7600         4.0000
    5. N2O                   1       232.4000         3.8280         0.0000         0.0000         1.0000
    6. O2                    1       107.4000         3.4580         0.0000         1.6000         3.8000
    7. NO2                   2       200.0000         3.5000         0.0000         0.0000         1.0000
    8. HNO                   2       116.7000         3.4920         0.0000         0.0000         1.0000
    9. HNNO                  2       232.4000         3.8280         0.0000         0.0000         1.0000
   10. HONO                  2       200.0000         3.5000         0.0000         0.0000         1.0000
   11. HNO2                  2       200.0000         3.5000         0.0000         0.0000         1.0000
   12. HONO2                 2       300.0000         3.5000         0.0000         0.0000         1.0000
   13. H2                    1        38.0000         2.9200         0.0000         0.7900       280.0000
   14. N2H2                  2        71.4000         3.7980         0.0000         0.0000         1.0000
   15. H2O                   2       572.4000         2.6050         1.8440         0.0000         4.0000
   16. H2O2                  2       107.4000         3.4580         0.0000         0.0000         3.8000
   17. NH3                   2       481.0000         2.9200         1.4700         0.0000        10.0000
   18. N2H4                  2       205.0000         4.2300         0.0000         4.2600         1.5000
   19. CO                    1        98.1000         3.6500         0.0000         1.9500         1.8000
   20. CO2                   1       244.0000         3.7630         0.0000         2.6500         2.1000
   21. N                     0        71.4000         3.2980         0.0000         0.0000         0.0000
   22. O                     0        80.0000         2.7500         0.0000         0.0000         0.0000
   23. NO3                   2       300.0000         3.5000         0.0000         0.0000         1.0000
   24. H                     0       145.0000         2.0500         0.0000         0.0000         0.0000
   25. NH                    1        80.0000         2.6500         0.0000         0.0000         4.0000
   26. NNH                   2        71.4000         3.7980         0.0000         0.0000         1.0000
   27. OH                    1        80.0000         2.7500         0.0000         0.0000         0.0000
   28. HO2                   2       107.4000         3.4580         0.0000         0.0000         1.0000
   29. NH2                   2        80.0000         2.6500         0.0000         2.2600         4.0000
   30. H2NO                  2       116.7000         3.4920         0.0000         0.0000         1.0000
   31. N2H3                  2       200.0000         3.9000         0.0000         0.0000         1.0000
   32. HCO                   2       498.0000         3.5900         0.0000         0.0000         0.0000
------------------------------------------------------------------------


-----------------------------------------------------------------
                        CHEMICAL REACTIONS                       
-----------------------------------------------------------------

  Number of Reactions:                                  178
  Number of Reversible Reactions:                       161
  Number of Irreversible Reactions:                     17
  Number of Explicit Reverse Rate Reactions:            0
  Number of Fall-Off Reactions:                         6
  Number of Chemically-Activated Bimolecular Reactions: 0
  Number of Landau-Teller Reactions:                    0
  Number of Janev-Langer Reactions:                     0
  Number of Power-Series Reactions:                     0
  Number of Chebichev Polynomial Expansion Reactions:   0
  Number of Duplicate Reactions:                        6
  Number of Global Reactions:                           0
  Number of Bimolecular Coll. Reaction:                 0

  Fall-Off Reactions
    Number of Lindemann Reactions:      3
    Number of Troe Reactions:           3
    Number of SRI Reactions:            0

-----------------------------------------------------------------


      1. H+O2=OH+O
         k:       2.210000e+11	    0.00      16650.00


      2. O+H2=OH+H
         k:       4.330000e+10	    0.00      10000.00


      3. H+O2+M=HO2+M
         Fall-Off Reaction
         k0:      7.000000e+11	   -0.80          0.00
         kInf:    4.650000e+09	    0.40          0.00
         Troe Parameters
         a	5.00e-01
         b	1.00e-30
         c	1.00e+30
         d	0.00e+00
         H2O                 	enhanced by	  18.000
         H2                  	enhanced by	   2.500
         N2                  	enhanced by	   1.260
         AR                  	enhanced by	   0.800
         HE                  	enhanced by	   0.800
         O2                  	enhanced by	   0.000
         CO                  	enhanced by	   1.200
         CO2                 	enhanced by	   2.400


      4. H+2O2=HO2+O2
         k:       8.900000e+08	    0.00      -2822.00


      5. OH+HO2=H2O+O2
         k:       5.000000e+10	    0.00       1000.00


      6. H+HO2=2OH
         k:       2.500000e+11	    0.00       1900.00


      7. O+HO2=O2+OH
         k:       3.250000e+10	    0.00          0.00


      8. 2OH=O+H2O
         k:       3.570000e+01	    2.40      -2110.00


      9. H2+M=2H+M
         k:       2.230000e+11	    0.00      96081.00
         H2                  	enhanced by	   2.500
         H2O                 	enhanced by	  12.000
         AR                  	enhanced by	   0.500
         HE                  	enhanced by	   0.500
         CO                  	enhanced by	   1.900
         CO2                 	enhanced by	   3.800


     10. O2+M=2O+M
         k:       1.550000e+11	    0.00     115120.00
         H2                  	enhanced by	   2.500
         H2O                 	enhanced by	  12.000
         AR                  	enhanced by	   0.200
         HE                  	enhanced by	   0.200
         CO                  	enhanced by	   1.900
         CO2                 	enhanced by	   3.800


     11. H+OH+M=H2O+M
         k:       4.500000e+16	   -2.00          0.00
         H2O                 	enhanced by	  16.000
         H2                  	enhanced by	   2.000
         CO2                 	enhanced by	   1.900


     12. H+HO2=H2+O2
         k:       2.500000e+10	    0.00        700.00


     13. 2HO2=H2O2+O2
         k:       2.110000e+09	    0.00          0.00


     14. 2OH+M=H2O2+M
         Fall-Off Reaction
         k0:      2.300000e+12	   -0.90      -1700.00
         kInf:    7.400000e+10	   -0.37          0.00
         Troe Parameters
         a	7.35e-01
         b	9.40e+01
         c	1.76e+03
         d	5.18e+03
         H2                  	enhanced by	   2.000
         H2O                 	enhanced by	   6.000
         CO                  	enhanced by	   1.500
         CO2                 	enhanced by	   2.000
         AR                  	enhanced by	   0.700
         HE                  	enhanced by	   0.700


     15. O+OH+M=HO2+M
         k:       1.000000e+10	    0.00          0.00


     16. O2+CO=CO2+O
         k:       2.530000e+09	    0.00      47700.00


     17. O2+HCO=HO2+CO
         k:       1.000000e+09	    0.00          0.00


     18. CO+O+M=CO2+M
         Fall-Off Reaction
         k0:      2.070000e+20	   -3.34       7610.00
         kInf:    9.640000e+07	    0.00       3800.00
         H2O                 	enhanced by	  12.000
         H2                  	enhanced by	   2.000
         CO                  	enhanced by	   1.500
         CO2                 	enhanced by	   2.000
         AR                  	enhanced by	   0.500


     19. CO+OH=CO2+H
         k:       9.600000e+08	    0.14       7352.00
         Duplicate:     20


     20. CO+OH=CO2+H
         k:       7.320000e+07	    0.03        -16.00
         Duplicate:     19


     21. CO+HO2=CO2+OH
         k:       3.000000e+10	    0.00      23000.00


     22. CO+H2O=CO2+H2
         k:       2.000000e+08	    0.00      38000.00


     23. HCO+M=CO+H+M
         k:       1.200000e+14	   -1.00      17000.00
         H2O                 	enhanced by	   5.000
         CO2                 	enhanced by	   3.000
         H2                  	enhanced by	   1.900
         CO                  	enhanced by	   1.900


     24. HCO+O=CO2+H
         k:       3.000000e+10	    0.00          0.00


     25. HCO+H=H2+CO
         k:       1.000000e+11	    0.00          0.00


     26. HCO+OH=H2O+CO
         k:       5.000000e+10	    0.00          0.00


     27. HCO+HO2=H2O2+CO
         k:       4.000000e+08	    0.00          0.00


     28. HCO+HO2=>H+OH+CO2
         k:       3.000000e+10	    0.00          0.00


     29. H+H2O=H2+OH
         k:       4.000000e+07	    1.00      19000.00


     30. H2O2+H=H2O+OH
         k:       2.410000e+10	    0.00       3970.00


     31. H2O2+H=H2+HO2
         k:       6.025000e+10	    0.00       7950.00


     32. NH3+M=NH2+H+M
         k:       2.200000e+13	    0.00      93470.00


     33. NH2+H=NH+H2
         k:       4.000000e+10	    0.00       3650.00


     34. NH2+O=HNO+H
         k:       6.600000e+11	   -0.50          0.00


     35. NH2+O=NH+OH
         k:       6.800000e+09	    0.00          0.00


     36. NH2+O=NO+H2
         k:       1.300000e+05	    1.02       -627.00


     37. NH2+O2=HNO+OH
         k:       4.500000e+09	    0.00      25000.00


     38. NH2+OH=NH+H2O
         k:       4.000000e+03	    2.00       1000.00


     39. NH2+HO2=H2NO+OH
         k:       5.000000e+10	    0.00          0.00


     40. H2NO+O=NH2+O2
         k:       2.000000e+11	    0.00          0.00


     41. NH2+N=N2+2H
         k:       7.000000e+10	    0.00          0.00


     42. NH2+NH=N2H2+H
         k:       5.000000e+10	    0.00          0.00


     43. 2NH2=N2H2+H2
         k:       8.500000e+08	    0.00          0.00


     44. 2NH2=NH3+NH
         k:       5.000000e+10	    0.00      10000.00


     45. 2NH2+M=N2H4+M
         Fall-Off Reaction
         k0:      1.000000e+12	    0.00          0.00
         kInf:    1.500000e+10	    0.00          0.00
         N2                  	enhanced by	   2.500
         H2O                 	enhanced by	   5.000
         NH3                 	enhanced by	  10.000


     46. NH2+NO=NNH+OH
         k:       8.900000e+09	   -0.35          0.00


     47. NH2+NO=N2+H2O
         k:       1.720000e+16	   -2.29       1058.00


     48. NH2+NO2=N2O+H2O
         k:       3.200000e+15	   -2.20          0.00


     49. NH2+NO2=H2NO+NO
         k:       3.500000e+09	    0.00          0.00


     50. NH+H=N+H2
         k:       3.000000e+10	    0.00          0.00


     51. NH+O=NO+H
         k:       9.200000e+10	    0.00          0.00


     52. NH+OH=HNO+H
         k:       2.000000e+10	    0.00          0.00


     53. NH+OH=N+H2O
         k:       5.000000e+08	    0.50       2000.00


     54. NH+OH=NO+H2
         k:       2.000000e+10	    0.00          0.00


     55. NH+O2=HNO+O
         k:       4.600000e+02	    2.00       6500.00


     56. NH+O2=NO+OH
         k:       1.300000e+03	    1.50        100.00


     57. 2NH=N2+2H
         k:       2.500000e+10	    0.00          0.00


     58. NH+N=N2+H
         k:       3.000000e+10	    0.00          0.00


     59. NH+NO=N2+OH
         k:       2.200000e+10	   -0.23          0.00


     60. NH+NO2=N2O+OH
         k:       1.000000e+10	    0.00          0.00


     61. N+OH=NO+H
         k:       3.800000e+10	    0.00          0.00


     62. N+O2=NO+O
         k:       6.400000e+06	    1.00       6280.00


     63. N+NO=O+N2
         k:       3.300000e+09	    0.30          0.00


     64. N2H4+H=N2H3+H2
         k:       1.300000e+10	    0.00       2500.00


     65. N2H4+O=N2H2+H2O
         k:       8.500000e+10	    0.00       1200.00


     66. N2H4+OH=N2H3+H2O
         k:       4.000000e+10	    0.00          0.00


     67. N2H4+NH2=N2H3+NH3
         k:       3.900000e+09	    0.00       1500.00


     68. N2H3+M=N2H2+H+M
         k:       3.500000e+13	    0.00      46000.00


     69. N2H3+H=2NH2
         k:       1.600000e+09	    0.00          0.00


     70. N2H3+O=N2H2+OH
         k:       5.000000e+09	    0.00       5000.00


     71. N2H3+O=NH2+HNO
         k:       1.000000e+10	    0.00          0.00


     72. N2H3+OH=N2H2+H2O
         k:       1.000000e+10	    0.00       1000.00


     73. N2H3+OH=NH3+HNO
         k:       1.000000e+09	    0.00      15000.00


     74. N2H3+NH=N2H2+NH2
         k:       2.000000e+10	    0.00          0.00


     75. N2H2+M=NNH+H+M
         k:       5.000000e+13	    0.00      50000.00
         N2                  	enhanced by	   2.000
         H2                  	enhanced by	   2.000
         O2                  	enhanced by	   2.000
         H2O                 	enhanced by	  15.000


     76. N2H2+H=NNH+H2
         k:       5.000000e+10	    0.00       1000.00


     77. N2H2+O=NH2+NO
         k:       1.000000e+10	    0.00       1000.00


     78. N2H2+O=NNH+OH
         k:       2.000000e+10	    0.00       1000.00


     79. N2H2+OH=NNH+H2O
         k:       1.000000e+10	    0.00       1000.00


     80. N2H2+NO=N2O+NH2
         k:       4.000000e+09	    0.00      11922.00


     81. N2H2+NH=NNH+NH2
         k:       1.000000e+10	    0.00       1000.00


     82. N2H2+NH2=NNH+NH3
         k:       1.000000e+10	    0.00       1000.00


     83. NNH=N2+H
         k:       1.000000e+07	    0.00          0.00


     84. NNH+H=N2+H2
         k:       1.000000e+11	    0.00          0.00


     85. NNH+O=N2O+H
         k:       1.000000e+11	    0.00          0.00


     86. NNH+O=NH+NO
         k:       5.000000e+10	    0.00          0.00


     87. NNH+OH=N2+H2O
         k:       5.000000e+10	    0.00          0.00


     88. NNH+O2=N2+HO2
         k:       6.670000e+10	    0.00          0.00


     89. NNH+O2=N2+H+O2
         k:       5.000000e+10	    0.00          0.00


     90. NNH+NH=N2+NH2
         k:       5.000000e+10	    0.00          0.00


     91. NNH+NH2=N2+NH3
         k:       5.000000e+10	    0.00          0.00


     92. NNH+NO=N2+HNO
         k:       5.000000e+10	    0.00          0.00


     93. HNNO+M=N2O+H+M
         k:       2.200000e+12	    0.00      21600.00


     94. HNNO+M=N2+OH+M
         k:       1.000000e+12	    0.00      25600.00


     95. HNNO+H=N2O+H2
         k:       2.000000e+10	    0.00          0.00


     96. HNNO+H=NNH+OH
         k:       1.000000e+10	    0.00          0.00


     97. HNNO+O=N2O+OH
         k:       2.000000e+10	    0.00          0.00


     98. HNNO+O=NNH+O2
         k:       1.000000e+10	    0.00          0.00


     99. HNNO+OH=N2O+H2O
         k:       2.000000e+10	    0.00          0.00


    100. HNNO+OH=NNH+HO2
         k:       1.000000e+10	    0.00          0.00


    101. HNNO+NO=N2O+HNO
         k:       1.000000e+09	    0.00          0.00


    102. HNNO+NO=NNH+NO2
         k:       3.200000e+09	    0.00        270.00


    103. HNNO+NO2=NNH+NO3
         k:       1.000000e+10	    0.00          0.00


    104. HNNO+NO2=N2O+HONO
         k:       1.000000e+09	    0.00          0.00


    105. NO+HO2=NO2+OH
         k:       2.100000e+09	    0.00       -480.00


    106. NO+O+M=NO2+M
         k:       7.500000e+13	   -1.41          0.00
         N2                  	enhanced by	   1.700
         O2                  	enhanced by	   1.500
         H2O                 	enhanced by	  10.000


    107. NO+OH+M=HONO+M
         Fall-Off Reaction
         k0:      2.330000e+17	   -2.40          0.00
         kInf:    2.000000e+10	    0.00          0.00


    108. HCO+NO=CO+HNO
         k:       7.200000e+09	    0.00          0.00


    109. H+NO+M=HNO+M
         k:       4.000000e+14	   -1.75          0.00
         N2                  	enhanced by	   1.000
         H2O                 	enhanced by	   4.100
         H2                  	enhanced by	   1.250


    110. HNO+H=NO+H2
         k:       4.400000e+08	    0.72        650.00


    111. HNO+O=NO+OH
         k:       1.000000e+10	    0.00          0.00


    112. HNO+OH=NO+H2O
         k:       3.600000e+10	    0.00          0.00


    113. HNO+O2=NO+HO2
         k:       1.000000e+10	    0.00      25000.00


    114. HNO+NH2=NO+NH3
         k:       2.000000e+10	    0.00       1000.00


    115. HNO+NO=N2O+OH
         k:       2.000000e+09	    0.00      26000.00


    116. HNO+NO2=HONO+NO
         k:       6.000000e+08	    0.00       2000.00


    117. 2HNO=N2O+H2O
         k:       9.000000e+05	    0.00       3100.00


    118. NO2+H2=HONO+H
         k:       3.000000e+10	    0.00      29000.00


    119. HONO+O=NO2+OH
         k:       1.200000e+10	    0.00       6000.00


    120. HONO+OH=NO2+H2O
         k:       4.000000e+09	    0.00          0.00


    121. HONO+NH=NH2+NO2
         k:       1.000000e+10	    0.00          0.00


    122. HONO+NH2=NH3+NO2
         k:       5.000000e+09	    0.00          0.00


    123. 2HONO=NO+NO2+H2O
         k:       1.020000e+10	    0.00       8540.00


    124. H2NO+M=HNO+H+M
         k:       1.000000e+13	    0.00      50000.00


    125. H2NO+H=HNO+H2
         k:       3.000000e+04	    2.00       2000.00


    126. H2NO+H=NH2+OH
         k:       5.000000e+10	    0.00          0.00


    127. H2NO+O=HNO+OH
         k:       3.000000e+04	    2.00       2000.00


    128. H2NO+OH=HNO+H2O
         k:       2.000000e+04	    2.00       1000.00


    129. H2NO+NO=2HNO
         k:       2.000000e+01	    2.00      13000.00


    130. H2NO+NH2=HNO+NH3
         k:       3.000000e+09	    0.00       1000.00


    131. H2NO+NO2=HONO+HNO
         k:       6.000000e+08	    0.00       2000.00


    132. NO3+H=NO2+OH
         k:       6.000000e+10	    0.00          0.00


    133. NO3+O=NO2+O2
         k:       1.000000e+10	    0.00          0.00


    134. NO3+OH=NO2+HO2
         k:       1.400000e+10	    0.00          0.00


    135. NO3+HO2=NO2+O2+OH
         k:       1.500000e+09	    0.00          0.00


    136. NO3+NO2=NO+NO2+O2
         k:       5.000000e+07	    0.00       2940.00


    137. NO3=NO+O2
         k:       2.500000e+06	    0.00      12000.00


    138. 2NO3=2NO2+O2
         k:       5.100000e+08	    0.00       6750.00


    139. HCO+NO2=H+CO2+NO
         k:       8.400000e+12	   -0.75       1930.00


    140. NO2+H=NO+OH
         k:       1.320000e+11	    0.00        360.00


    141. NO2+O=NO+O2
         k:       3.900000e+09	    0.00       -238.00


    142. NO2+O+M=NO3+M
         k:       2.940000e+15	   -2.00          0.00


    143. NO2+HO2=HONO+O2
         k:       6.310000e+05	    1.25       5000.00


    144. 2NO2=2NO+O2
         k:       1.600000e+09	    0.00      26123.00


    145. 2NO2=NO3+NO
         k:       9.600000e+06	    0.73      20923.00
         Duplicate:    146


    146. 2NO2=NO3+NO
         k:       1.600000e+09	    0.00      26123.00
         Duplicate:    145


    147. CO+NO2=CO2+NO
         k:       9.040000e+10	    0.00      33800.00


    148. HCO+NO2=CO+HONO
         k:       1.200000e+20	   -3.29       2355.00


    149. CO2+N=NO+CO
         k:       1.900000e+08	    0.00       3400.00


    150. N2O+M=N2+O+M
         k:       4.000000e+11	    0.00      56100.00
         N2                  	enhanced by	   1.700
         O2                  	enhanced by	   1.400
         H2O                 	enhanced by	  12.000
         CO                  	enhanced by	   1.500
         CO2                 	enhanced by	   3.000


    151. N2O+H=N2+OH
         k:       3.300000e+07	    0.00       4729.00
         Duplicate:    152


    152. N2O+H=N2+OH
         k:       4.400000e+11	    0.00      19254.00
         Duplicate:    151


    153. NH+NO=N2O+H
         k:       3.190000e+11	   -0.46          0.00


    154. N2O+O=2NO
         k:       2.900000e+10	    0.00      23150.00


    155. N2O+O=N2+O2
         k:       1.400000e+09	    0.00      10800.00


    156. N2O+OH=N2+HO2
         k:       2.000000e+09	    0.00      40000.00


    157. HNO2+H=NO2+H2
         k:       2.400000e+05	    1.50       5087.00


    158. HNO2+O=NO2+OH
         k:       1.700000e+05	    1.50       3020.00


    159. HNO2+OH=NO2+H2O
         k:       1.200000e+03	    2.00       -596.00


    160. HNO2=HONO
         k:       1.300000e+29	   -5.47      52814.00


    161. OH+NO2+M=HONO2+M
         Fall-Off Reaction
         k0:      6.420000e+26	   -5.49       2351.00
         kInf:    2.400000e+10	    0.00          0.00
         Troe Parameters
         a	5.25e-01
         b	1.00e-15
         c	1.00e-15
         d	1.00e+15
         H2O                 	enhanced by	   5.000


    162. HONO2+OH=NO3+H2O
         k:       1.030000e+07	    0.00      -1240.00


    163. H+H2=>H2+H
         k:       3.369000e+04	    2.00       7658.60


    164. NH2+H2=>NH3+H
         k:       1.576000e+02	    2.00       3954.86


    165. OH+H2O=>H2O+OH
         k:       3.994000e+03	    2.00       2223.39


    166. HO2+H2O=>H2O2+OH
         k:       5.388000e+02	    2.00      28780.05


    167. NH2+H2O=>NH3+OH
         k:       1.126000e+02	    2.00       8169.13


    168. NO2+H2O2=>HONO+HO2
         k:       6.831000e+02	    2.00      14711.89


    169. OH+H2O2=>H2O+HO2
         k:       3.195000e+02	    2.00      -4169.95


    170. O+H2O2=>OH+HO2
         k:       1.083000e+03	    2.00      -1657.32


    171. HO2+H2O2=>H2O2+HO2
         k:       4.310000e+01	    2.00       5529.49


    172. NH2+H2O2=>NH3+HO2
         k:       9.005000e+00	    2.00      -1507.20


    173. O2+NH3=>HO2+NH2
         k:       5.111000e+04	    2.00      60086.33


    174. H+NH3=>H2+NH2
         k:       7.220000e+04	    2.00      15302.86


    175. OH+NH3=>H2O+NH2
         k:       1.198000e+04	    2.00       4067.13


    176. O+NH3=>OH+NH2
         k:       4.060000e+04	    2.00      13586.66


    177. HO2+NH3=>H2O2+NH2
         k:       1.616000e+03	    2.00      27340.80


    178. NH2+NH3=>NH3+NH2
         k:       3.377000e+02	    2.00      10012.87


