 ----------------------------------------------------------------------------------------------------------------------------------------------------------------------------------------------------------------------------------------------------------
                     SPECIFIC HEAT COEFFICIENTS                                                                     

             Cp = A + B*T + C*T^2 + D*T^3 + E*T^4  [J/kg/K]                                                         

    Species                      Cp(298K)         Cp(1000K)          LT-HT            A(LT)            B(LT)            C(LT)            D(LT)            E(LT)             A(HT)           B(HT)            C(HT)            D(HT)           E(HT)      
 ----------------------------------------------------------------------------------------------------------------------------------------------------------------------------------------------------------------------------------------------------------

    1. HE                       5.192651e+03     5.192651e+03     1.000000e+03     5.192651e+03     0.000000e+00     0.000000e+00     0.000000e+00     0.000000e+00     5.192651e+03     0.000000e+00     0.000000e+00     0.000000e+00     0.000000e+00
    2. AR                       5.203309e+02     5.203309e+02     1.000000e+03     5.203309e+02     0.000000e+00     0.000000e+00     0.000000e+00     0.000000e+00     5.203309e+02     0.000000e+00     0.000000e+00     0.000000e+00     0.000000e+00
    3. N2                       1.037720e+03     1.169486e+03     1.000000e+03     9.790376e+02     4.179614e-01    -1.176272e-03     1.674385e-06    -7.256254e-10     9.790376e+02     4.179614e-01    -1.176272e-03     1.674385e-06    -7.256254e-10
    4. NO                       9.907336e+02     1.135641e+03     1.000000e+03     9.356181e+02     3.472158e-01    -9.151711e-04     1.445822e-06    -6.778437e-10     9.356181e+02     3.472158e-01    -9.151711e-04     1.445822e-06    -6.778437e-10
    5. N2O                      8.789691e+02     1.247651e+03     1.000000e+03     4.804075e+02     1.793165e+00    -1.849948e-03     1.183299e-06    -3.592728e-10     4.804075e+02     1.793165e+00    -1.849948e-03     1.183299e-06    -3.592728e-10
    6. O2                       9.161211e+02     1.091818e+03     1.000000e+03     8.348605e+02     2.929699e-01    -1.495698e-04     3.414024e-07    -2.278452e-10     8.348605e+02     2.929699e-01    -1.495698e-04     3.414024e-07    -2.278452e-10
    7. NO2                      8.015606e+02     1.136212e+03     1.000000e+03     4.826569e+02     1.416650e+00    -1.457380e-03     1.113605e-06    -4.193201e-10     4.826569e+02     1.416650e+00    -1.457380e-03     1.113605e-06    -4.193201e-10
    8. HNO                      1.112120e+03     1.549188e+03     1.000000e+03     7.464640e+02     1.771965e+00    -2.493275e-03     2.530207e-06    -1.006172e-09     7.464640e+02     1.771965e+00    -2.493275e-03     2.530207e-06    -1.006172e-09
    9. HNNO                     9.927808e+02     1.553837e+03     1.500000e+03     4.133686e+02     2.510169e+00    -2.178988e-03     9.959732e-07    -1.866853e-10     4.133686e+02     2.510169e+00    -2.178988e-03     9.959732e-07    -1.866853e-10
   10. HONO                     9.657859e+02     1.473693e+03     1.000000e+03     4.050704e+02     2.493514e+00    -2.419147e-03     1.326195e-06    -3.319396e-10     4.050704e+02     2.493514e+00    -2.419147e-03     1.326195e-06    -3.319396e-10
   11. HNO2                     8.005994e+02     1.403938e+03     1.500000e+03     3.421853e+02     1.786297e+00    -8.780159e-04     1.538834e-07    -4.110343e-13     3.421853e+02     1.786297e+00    -8.780159e-04     1.538834e-07    -4.110343e-13
   12. HONO2                    8.162744e+02     1.440774e+03     1.500000e+03     1.039463e+02     3.143498e+00    -2.910783e-03     1.364433e-06    -2.603197e-10     1.039463e+02     3.143498e+00    -2.910783e-03     1.364433e-06    -2.603197e-10
   13. H2                       1.432101e+04     1.496069e+04     1.000000e+03     1.360226e+04     3.402269e+00    -3.358376e-03    -3.907898e-07     1.705321e-09     1.360226e+04     3.402269e+00    -3.358376e-03    -3.907898e-07     1.705321e-09
   14. N2H2                     1.208280e+03     2.072791e+03     1.000000e+03     4.479791e+02     3.616815e+00    -4.750327e-03     4.445482e-06    -1.687159e-09     4.479791e+02     3.616815e+00    -4.750327e-03     4.445482e-06    -1.687159e-09
   15. H2O                      1.856604e+03     2.293401e+03     1.000000e+03     1.563131e+03     1.603810e+00    -2.932886e-03     3.216213e-06    -1.156867e-09     1.563131e+03     1.603810e+00    -2.932886e-03     3.216213e-06    -1.156867e-09
   16. H2O2                     1.278501e+03     1.871254e+03     1.000000e+03     8.283558e+02     1.605799e+00    -3.630003e-05    -1.130744e-06     6.041435e-10     8.283558e+02     1.605799e+00    -3.630003e-05    -1.130744e-06     6.041435e-10
   17. NH3                      2.078889e+03     3.324765e+03     1.000000e+03     1.076156e+03     4.937989e+00    -7.153370e-03     7.065349e-06    -2.601359e-09     1.076156e+03     4.937989e+00    -7.153370e-03     7.065349e-06    -2.601359e-09
   18. N2H4                     1.585466e+03     3.008978e+03     1.000000e+03     1.671562e+01     7.134292e+00    -7.522750e-03     4.528100e-06    -1.147380e-09     1.671562e+01     7.134292e+00    -7.522750e-03     4.528100e-06    -1.147380e-09
   19. CO                       1.037897e+03     1.187248e+03     1.000000e+03     9.684241e+02     4.488037e-01    -1.152258e-03     1.656941e-06    -7.346630e-10     9.684241e+02     4.488037e-01    -1.152258e-03     1.656941e-06    -7.346630e-10
   20. CO2                      8.450974e+02     1.235220e+03     1.000000e+03     4.299449e+02     1.874544e+00    -1.966558e-03     1.297300e-06    -4.000106e-10     4.299449e+02     1.874544e+00    -1.966558e-03     1.297300e-06    -4.000106e-10
   21. N                        1.484020e+03     1.483985e+03     1.000000e+03     1.485808e+03    -1.294046e-02     3.217594e-05    -3.352358e-08     1.246491e-11     1.485808e+03    -1.294046e-02     3.217594e-05    -3.352358e-08     1.246491e-11
   22. O                        1.368805e+03     1.307283e+03     1.000000e+03     1.531220e+03    -8.513336e-01     1.258178e-03    -8.329767e-07     2.021944e-10     1.531220e+03    -8.513336e-01     1.258178e-03    -8.329767e-07     2.021944e-10
   23. NO3                      7.603885e+02     1.232943e+03     1.000000e+03     1.637411e+02     2.519387e+00    -1.802677e-03     1.709186e-07     1.815737e-10     1.637411e+02     2.519387e+00    -1.802677e-03     1.709186e-07     1.815737e-10
   24. H                        2.062121e+04     2.062121e+04     1.000000e+03     2.062121e+04     0.000000e+00     0.000000e+00     0.000000e+00     0.000000e+00     2.062121e+04     0.000000e+00     0.000000e+00     0.000000e+00     0.000000e+00
   25. NH                       1.939459e+03     2.083361e+03     1.000000e+03     1.849372e+03     6.938467e-01    -1.933479e-03     2.336144e-06    -8.625222e-10     1.849372e+03     6.938467e-01    -1.933479e-03     2.336144e-06    -8.625222e-10
   26. NNH                      1.198206e+03     1.660771e+03     1.000000e+03     1.003095e+03     5.883290e-01     2.054240e-04     1.409910e-07    -2.770680e-10     1.003095e+03     5.883290e-01     2.054240e-04     1.409910e-07    -2.770680e-10
   27. OH                       1.708936e+03     1.806009e+03     1.710000e+03     1.671480e+03     1.560795e-01    -1.507198e-04     1.781535e-07    -4.898410e-11     1.671480e+03     1.560795e-01    -1.507198e-04     1.781535e-07    -4.898410e-11
   28. HO2                      1.057091e+03     1.442633e+03     1.000000e+03     1.083657e+03    -1.196341e+00     5.329940e-03    -6.115414e-06     2.340792e-09     1.083657e+03    -1.196341e+00     5.329940e-03    -6.115414e-06     2.340792e-09
   29. NH2                      2.089966e+03     2.665806e+03     1.000000e+03     1.781150e+03     1.712160e+00    -3.431854e-03     4.457916e-06    -1.853565e-09     1.781150e+03     1.712160e+00    -3.431854e-03     4.457916e-06    -1.853565e-09
   30. H2NO                     1.106114e+03     1.944473e+03     1.000000e+03     6.936283e+02     1.375679e+00     9.363895e-05    -2.184729e-07     0.000000e+00     6.936283e+02     1.375679e+00     9.363895e-05    -2.184729e-07     0.000000e+00
   31. N2H3                     1.424050e+03     2.552765e+03     1.000000e+03     8.503071e+02     1.263299e+00     3.575847e-03    -5.142460e-06     2.005772e-09     8.503071e+02     1.263299e+00     3.575847e-03    -5.142460e-06     2.005772e-09
   32. HCO                      1.187210e+03     1.661220e+03     1.000000e+03     8.304527e+02     1.776230e+00    -2.757284e-03     3.122655e-06    -1.310833e-09     8.304527e+02     1.776230e+00    -2.757284e-03     3.122655e-06    -1.310833e-09

 ----------------------------------------------------------------------------------------------------------------------------------------------------------------------------------------------------------------------------------------------------------


 -------------------------------------------------------------------------------------------------------------------------------------------------------------------------------------------------------------------------------------------------------------------------------------------
                           ENTHALPY COEFFICIENTS                                                                     

             H/(RT) = A + B*T + C*T^2 + D*T^3 + E*T^4 + F/T  [-]                                                         

    Species                   H(298K)[J/kmol]  H(1000K)[J/kmol]      LT-HT            A(LT)            B(LT)            C(LT)            D(LT)            E(LT)           F(LT)             A(HT)            B(HT)            C(HT)           D(HT)             E(HT)            F(HT)      
 -------------------------------------------------------------------------------------------------------------------------------------------------------------------------------------------------------------------------------------------------------------------------------------------

    1. HE                      -3.117927e+03     1.458878e+07     1.000000e+03     2.500000e+00     0.000000e+00     0.000000e+00     0.000000e+00     0.000000e+00    -7.453750e+02     2.500000e+00     0.000000e+00     0.000000e+00     0.000000e+00     0.000000e+00    -7.453750e+02
    2. AR                      -3.118759e+03     1.458878e+07     1.000000e+03     2.500000e+00     0.000000e+00     0.000000e+00     0.000000e+00     0.000000e+00    -7.453751e+02     3.125000e+00    -7.031252e-04     3.125002e-07    -3.906252e-11     0.000000e+00    -9.406876e+02
    3. N2                      -2.931732e+03     2.146989e+07     1.000000e+03     3.298677e+00     7.041200e-04    -1.321074e-06     1.410379e-09    -4.889708e-13    -1.020900e+03     2.926638e+00     7.439885e-04    -1.894920e-07     2.524260e-11    -1.350670e-15    -9.227954e+02
    4. NO                       9.029360e+07     1.125390e+08     1.000000e+03     3.376541e+00     6.265315e-04    -1.100917e-06     1.304453e-09    -4.892524e-13     9.817961e+03     3.245436e+00     6.345690e-04    -1.671963e-07     2.292321e-11    -1.255084e-15     9.800840e+03
    5. N2O                      8.205949e+07     1.161997e+08     1.000000e+03     2.543057e+00     4.746097e-03    -3.264258e-06     1.565961e-09    -3.803650e-13     8.765102e+03     4.718976e+00     1.436856e-03    -3.991653e-07     5.626378e-11    -3.150674e-15     8.165813e+03
    6. O2                      -5.244973e+03     2.272060e+07     1.000000e+03     3.212936e+00     5.637431e-04    -1.918717e-07     3.284693e-10    -1.753711e-13    -1.005249e+03     3.697577e+00     3.067598e-04    -4.196140e-08     4.438203e-12    -2.272870e-16    -1.233930e+03
    7. NO2                      3.309242e+07     6.547301e+07     1.000000e+03     2.670600e+00     3.919250e-03    -2.687955e-06     1.540428e-09    -4.640300e-13     2.896290e+03     4.682857e+00     1.231214e-03    -3.474197e-07     4.942255e-11    -2.783434e-15     2.261293e+03
    8. HNO                      9.958092e+07     1.290140e+08     1.000000e+03     2.784402e+00     3.304823e-03    -3.100074e-06     2.359495e-09    -7.506292e-13     1.091878e+04     3.615144e+00     1.606243e-03    -4.201123e-07     5.668243e-11    -3.072472e-15     1.066191e+04
    9. HNNO                     2.309693e+08     2.731308e+08     1.500000e+03     2.238298e+00     6.796000e-03    -3.932910e-06     1.348243e-09    -2.021718e-13     2.660259e+04     6.991219e+00     9.379850e-04    -7.081947e-08    -1.677618e-11     2.461016e-15     2.497566e+04
   10. HONO                    -7.674369e+07    -3.452324e+07     1.000000e+03     2.290413e+00     7.049610e-03    -4.559573e-06     1.874695e-09    -3.753810e-13    -1.043195e+04     5.486890e+00     2.109033e-03    -5.497143e-07     7.429692e-11    -4.042296e-15    -1.126865e+04
   11. HNO2                    -5.921987e+07    -2.127070e+07     1.500000e+03     1.934838e+00     5.050180e-03    -1.654872e-06     2.175280e-10    -4.648270e-16    -8.105484e+03     6.479628e+00     9.976370e-04    -5.801290e-08    -2.423968e-11     3.402960e-15    -9.999269e+03
   12. HONO2                   -1.262719e+08    -7.289857e+07     1.500000e+03     7.877668e-01     1.191165e-02    -7.353213e-06     2.585120e-09    -3.945714e-13    -1.630442e+04     9.756133e+00     9.504740e-04    -1.080007e-07    -9.941597e-12     2.200668e-15    -1.942242e+04
   13. H2                      -1.882894e+03     2.066687e+07     1.000000e+03     3.298124e+00     4.124721e-04    -2.714338e-07    -2.368859e-11     8.269744e-14    -1.012521e+03     2.991422e+00     3.500322e-04    -1.877943e-08    -2.307895e-12     3.165504e-16    -8.350335e+02
   14. N2H2                     2.129744e+08     2.486117e+08     1.000000e+03     1.617999e+00     6.531561e-03    -5.719037e-06     4.014020e-09    -1.218728e-12     2.467526e+04     3.371190e+00     3.019984e-03    -7.679510e-07     1.015697e-10    -5.426288e-15     2.418171e+04
   15. H2O                     -2.418516e+08    -2.158535e+08     1.000000e+03     3.386842e+00     1.737491e-03    -2.118232e-06     1.742145e-09    -5.013176e-13    -3.020811e+04     2.672146e+00     1.528146e-03    -2.910087e-07     3.002490e-11    -1.278324e-15    -2.989921e+04
   16. H2O2                    -1.361152e+08    -9.729116e+07     1.000000e+03     3.388753e+00     3.284613e-03    -4.950040e-08    -1.156451e-09     4.943028e-13    -1.766314e+04     4.573166e+00     2.168068e-03    -4.915630e-07     5.872257e-11    -2.863308e-15    -1.800695e+04
   17. NH3                     -4.591836e+07    -1.326648e+07     1.000000e+03     2.204351e+00     5.057380e-03    -4.884217e-06     3.618087e-09    -1.065702e-12    -6.525489e+03     2.461895e+00     3.029583e-03    -6.683254e-07     7.840008e-11    -3.876634e-15    -6.493265e+03
   18. N2H4                     9.535550e+07     1.503157e+08     1.000000e+03     6.442606e-02     1.374865e-02    -9.664837e-06     4.363100e-09    -8.844564e-13     1.045192e+04     4.977322e+00     4.797760e-03    -1.182546e-06     1.531075e-10    -8.059590e-15     9.341220e+03
   19. CO                      -1.105459e+08    -8.884463e+07     1.000000e+03     3.262451e+00     7.559705e-04    -1.293918e-06     1.395486e-09    -4.949902e-13    -1.431054e+04     3.025076e+00     7.213445e-04    -1.876942e-07     2.546452e-11    -1.382190e-15    -1.426835e+04
   20. CO2                     -3.935547e+08    -3.601236e+08     1.000000e+03     2.275724e+00     4.961036e-03    -3.469703e-06     1.716671e-09    -4.234560e-13    -4.837314e+04     4.453626e+00     1.570084e-03    -4.261370e-07     5.984990e-11    -3.338066e-15    -4.896695e+04
   21. N                        4.726296e+08     4.872215e+08     1.000000e+03     2.503071e+00    -1.090009e-05     1.806843e-08    -1.411890e-11     4.199808e-15     5.609889e+04     2.450268e+00     5.330730e-05    -2.488446e-08     4.699130e-12    -2.051968e-16     5.611603e+04
   22. O                        2.491957e+08     2.640601e+08     1.000000e+03     2.946428e+00    -8.190830e-04     8.070103e-07    -4.007107e-10     7.781392e-14     2.914764e+04     2.542059e+00    -1.377531e-05    -1.034268e-09     1.137767e-12    -8.736102e-17     2.923080e+04
   23. NO3                      7.113706e+07     1.180372e+08     1.000000e+03     1.221076e+00     9.393985e-03    -4.481071e-06     3.186503e-10     2.708120e-13     7.473144e+03     7.120306e+00     1.623114e-03    -4.772045e-07     6.992633e-11    -4.026014e-15     5.864481e+03
   24. H                        2.179774e+08     2.325693e+08     1.000000e+03     2.500000e+00     0.000000e+00     0.000000e+00     0.000000e+00     0.000000e+00     2.547162e+04     2.500000e+00     0.000000e+00     0.000000e+00     0.000000e+00     0.000000e+00     2.547162e+04
   25. NH                       3.565091e+08     3.774440e+08     1.000000e+03     3.339758e+00     6.265045e-04    -1.163882e-06     1.054703e-09    -3.115236e-13     4.185047e+04     2.760251e+00     6.876730e-04    -1.483971e-07     1.923198e-11    -1.003518e-15     4.207827e+04
   26. NNH                      2.450682e+08     2.746289e+08     1.000000e+03     3.501344e+00     1.026793e-03     2.390136e-07     1.230337e-10    -1.934234e-13     2.833347e+04     4.415341e+00     8.071940e-04    -5.442980e-08    -2.139961e-11     3.229582e-15     2.788030e+04
   27. OH                       3.727896e+07     5.819742e+07     1.710000e+03     3.418962e+00     1.596279e-04    -1.027642e-07     9.110187e-11    -2.003910e-14     3.452644e+03     2.853760e+00     5.149717e-04    -7.755549e-08     4.843768e-12    -6.315197e-17     3.699497e+03
   28. HO2                      1.254671e+07     4.210583e+07     1.000000e+03     4.301798e+00    -2.374560e-03     7.052763e-06    -6.069097e-09     1.858450e-12     2.948080e+02     4.017211e+00     1.119910e-03    -2.112194e-07     2.856159e-11    -2.158171e-15     1.118567e+02
   29. NH2                      1.903896e+08     2.168691e+08     1.000000e+03     3.432493e+00     1.649770e-03    -2.204533e-06     2.147737e-09    -7.144092e-13     2.177227e+04     2.961311e+00     1.466349e-03    -3.021200e-07     4.043142e-11    -2.408400e-15     2.191976e+04
   30. H2NO                     6.646160e+07     1.013618e+08     1.000000e+03     2.671410e+00     2.649115e-03     1.202123e-07    -2.103542e-10     0.000000e+00     6.960629e+03     1.496750e+00     4.447360e-03    -1.102790e-06     1.014400e-10     0.000000e+00     7.248252e+03
   31. N2H3                     1.539128e+08     1.991542e+08     1.000000e+03     3.174204e+00     2.357954e-03     4.449557e-06    -4.799213e-09     1.497513e-12     1.727270e+04     4.441841e+00     3.607136e-03    -8.318947e-07     9.801413e-11    -4.597900e-15     1.664222e+04
   32. HCO                      4.351235e+07     7.283240e+07     1.000000e+03     2.898329e+00     3.099573e-03    -3.207695e-06     2.724562e-09    -9.149770e-13     4.159921e+03     3.557271e+00     1.672786e-03    -4.450020e-07     6.176430e-11    -3.427700e-15     3.916322e+03

 -------------------------------------------------------------------------------------------------------------------------------------------------------------------------------------------------------------------------------------------------------------------------------------------


 -------------------------------------------------------------------------------------------------------------------------------------------------------------------------------------------------------------------------------------------------------------------------------------------
                             ENTROPY COEFFICIENTS                                                                     

             S/R = A*lnT + B*T + C*T^2 + D*T^3 + E*T^4 + F  [-]                                                         

    Species                 S(298K)[J/kmol/K] S(1000K)[J/kmol/K]     LT-HT            A(LT)            B(LT)            C(LT)            D(LT)            E(LT)           F(LT)             A(HT)            B(HT)            C(HT)           D(HT)             E(HT)            F(HT)      
 -------------------------------------------------------------------------------------------------------------------------------------------------------------------------------------------------------------------------------------------------------------------------------------------

    1. HE                       1.261427e+05     1.513077e+05     1.000000e+03     2.500000e+00     0.000000e+00     0.000000e+00     0.000000e+00     0.000000e+00     9.287240e-01     2.500000e+00     0.000000e+00     0.000000e+00     0.000000e+00     0.000000e+00     9.287240e-01
    2. AR                       1.547218e+05     1.798868e+05     1.000000e+03     2.500000e+00     0.000000e+00     0.000000e+00     0.000000e+00     0.000000e+00     4.366001e+00     3.125000e+00    -1.406250e-03     4.687502e-07    -5.208336e-11     0.000000e+00     1.038237e+00
    3. N2                       1.914978e+05     2.280888e+05     1.000000e+03     3.298677e+00     1.408240e-03    -1.981611e-06     1.880505e-09    -6.112135e-13     3.950372e+00     2.926638e+00     1.487977e-03    -2.842380e-07     3.365680e-11    -1.688338e-15     5.980540e+00
    4. NO                       2.106391e+05     2.484639e+05     1.000000e+03     3.376541e+00     1.253063e-03    -1.651375e-06     1.739270e-09    -6.115655e-13     5.829592e+00     3.245436e+00     1.269138e-03    -2.507945e-07     3.056428e-11    -1.568855e-15     6.417288e+00
    5. N2O                      2.198730e+05     2.767583e+05     1.000000e+03     2.543057e+00     9.492193e-03    -4.896388e-06     2.087948e-09    -4.754563e-13     9.511224e+00     4.718976e+00     2.873713e-03    -5.987480e-07     7.501837e-11    -3.938342e-15    -1.657237e+00
    6. O2                       2.050301e+05     2.435088e+05     1.000000e+03     3.212936e+00     1.127486e-03    -2.878075e-07     4.379590e-10    -2.192138e-13     6.034739e+00     3.697577e+00     6.135197e-04    -6.294210e-08     5.917603e-12    -2.841088e-16     3.189171e+00
    7. NO2                      2.399085e+05     2.938364e+05     1.000000e+03     2.670600e+00     7.838500e-03    -4.031932e-06     2.053905e-09    -5.800375e-13     1.161207e+01     4.682857e+00     2.462429e-03    -5.211295e-07     6.589673e-11    -3.479293e-15     9.886107e-01
    8. HNO                      2.205930e+05     2.696952e+05     1.000000e+03     2.784402e+00     6.609646e-03    -4.650111e-06     3.145993e-09    -9.382865e-13     9.035629e+00     3.615144e+00     3.212485e-03    -6.301685e-07     7.557657e-11    -3.840590e-15     4.810253e+00
    9. HNNO                     2.532646e+05     3.229007e+05     1.500000e+03     2.238298e+00     1.359200e-02    -5.899365e-06     1.797657e-09    -2.527148e-13     1.413679e+01     6.991219e+00     1.875970e-03    -1.062292e-07    -2.236824e-11     3.076270e-15    -1.123524e+01
   10. HONO                     2.493188e+05     3.192143e+05     1.000000e+03     2.290413e+00     1.409922e-02    -6.839360e-06     2.499593e-09    -4.692262e-13     1.328077e+01     5.486890e+00     4.218065e-03    -8.245715e-07     9.906257e-11    -5.052870e-15    -2.996985e+00
   11. HNO2                     2.373997e+05     2.993659e+05     1.500000e+03     1.934838e+00     1.010036e-02    -2.482308e-06     2.900373e-10    -5.810338e-16     1.473250e+01     6.479628e+00     1.995274e-03    -8.701935e-08    -3.231957e-11     4.253700e-15    -1.067285e+01
   12. HONO2                    2.642738e+05     3.515228e+05     1.500000e+03     7.877668e-01     2.382329e-02    -1.102982e-05     3.446827e-09    -4.932143e-13     2.108964e+01     9.756133e+00     1.900948e-03    -1.620010e-07    -1.325546e-11     2.750835e-15    -2.690012e+01
   13. H2                       1.305811e+05     1.661075e+05     1.000000e+03     3.298124e+00     8.249441e-04    -4.071507e-07    -3.158478e-11     1.033718e-13    -3.294094e+00     2.991422e+00     7.000644e-04    -2.816914e-08    -3.077193e-12     3.956880e-16    -1.355106e+00
   14. N2H2                     2.184477e+05     2.767439e+05     1.000000e+03     1.617999e+00     1.306312e-02    -8.578555e-06     5.352026e-09    -1.523409e-12     1.379467e+01     3.371190e+00     6.039968e-03    -1.151926e-06     1.354263e-10    -6.782860e-15     4.980558e+00
   15. H2O                      1.886994e+05     2.326352e+05     1.000000e+03     3.386842e+00     3.474982e-03    -3.177348e-06     2.322860e-09    -6.266470e-13     2.590232e+00     2.672146e+00     3.056293e-03    -4.365130e-07     4.003320e-11    -1.597904e-15     6.862811e+00
   16. H2O2                     2.328593e+05     2.973667e+05     1.000000e+03     3.388753e+00     6.569226e-03    -7.425060e-08    -1.541935e-09     6.178785e-13     6.785363e+00     4.573166e+00     4.336136e-03    -7.373445e-07     7.829677e-11    -3.579135e-15     5.011379e-01
   17. NH3                      1.926154e+05     2.463967e+05     1.000000e+03     2.204351e+00     1.011476e-02    -7.326325e-06     4.824117e-09    -1.332127e-12     8.127140e+00     2.461895e+00     6.059167e-03    -1.002488e-06     1.045334e-10    -4.845792e-15     7.472150e+00
   18. N2H4                     2.385999e+05     3.278801e+05     1.000000e+03     6.442606e-02     2.749730e-02    -1.449725e-05     5.817467e-09    -1.105570e-12     2.127789e+01     4.977322e+00     9.595519e-03    -1.773820e-06     2.041433e-10    -1.007449e-14    -2.963021e+00
   19. CO                       1.975348e+05     2.344522e+05     1.000000e+03     3.262451e+00     1.511941e-03    -1.940878e-06     1.860648e-09    -6.187377e-13     4.848897e+00     3.025076e+00     1.442689e-03    -2.815414e-07     3.395270e-11    -1.727738e-15     6.108225e+00
   20. CO2                      2.137193e+05     2.692702e+05     1.000000e+03     2.275724e+00     9.922072e-03    -5.204555e-06     2.288895e-09    -5.293200e-13     1.018849e+01     4.453626e+00     3.140168e-03    -6.392055e-07     7.979987e-11    -4.172582e-15    -9.554200e-01
   21. N                        1.531796e+05     1.783446e+05     1.000000e+03     2.503071e+00    -2.180018e-05     2.710265e-08    -1.882520e-11     5.249760e-15     4.167566e+00     2.450268e+00     1.066146e-04    -3.732669e-08     6.265507e-12    -2.564960e-16     4.448748e+00
   22. O                        1.609351e+05     1.866810e+05     1.000000e+03     2.946428e+00    -1.638166e-03     1.210515e-06    -5.342810e-10     9.726740e-14     2.963995e+00     2.542059e+00    -2.755061e-05    -1.551401e-09     1.517022e-12    -1.092013e-16     4.920309e+00
   23. NO3                      2.525473e+05     3.298074e+05     1.000000e+03     1.221076e+00     1.878797e-02    -6.721606e-06     4.248671e-10     3.385150e-13     1.840202e+01     7.120306e+00     3.246228e-03    -7.158067e-07     9.323510e-11    -5.032517e-15    -1.213729e+01
   24. H                        1.145952e+05     1.397602e+05     1.000000e+03     2.500000e+00     0.000000e+00     0.000000e+00     0.000000e+00     0.000000e+00    -4.601176e-01     2.500000e+00     0.000000e+00     0.000000e+00     0.000000e+00     0.000000e+00    -4.601176e-01
   25. NH                       1.811441e+05     2.170199e+05     1.000000e+03     3.339758e+00     1.253009e-03    -1.745822e-06     1.406271e-09    -3.894045e-13     2.507180e+00     2.760251e+00     1.375346e-03    -2.225957e-07     2.564264e-11    -1.254398e-15     5.857186e+00
   26. NNH                      2.243707e+05     2.736512e+05     1.000000e+03     3.501344e+00     2.053586e-03     3.585205e-07     1.640449e-10    -2.417793e-13     6.391838e+00     4.415341e+00     1.614388e-03    -8.164470e-08    -2.853282e-11     4.036978e-15     9.042971e-01
   27. OH                       1.838076e+05     2.196951e+05     1.710000e+03     3.418962e+00     3.192558e-04    -1.541464e-07     1.214692e-10    -2.504887e-14     2.544334e+00     2.853760e+00     1.029943e-03    -1.163332e-07     6.458357e-12    -7.893996e-17     5.787568e+00
   28. HO2                      2.290871e+05     2.784798e+05     1.000000e+03     4.301798e+00    -4.749121e-03     1.057914e-05    -8.092130e-09     2.323063e-12     3.716662e+00     4.017211e+00     2.239820e-03    -3.168291e-07     3.808212e-11    -2.697713e-15     3.785102e+00
   29. NH2                      1.945893e+05     2.391600e+05     1.000000e+03     3.432493e+00     3.299540e-03    -3.306800e-06     2.863649e-09    -8.930115e-13     3.090110e+00     2.961311e+00     2.932699e-03    -4.531800e-07     5.390857e-11    -3.010500e-15     5.777881e+00
   30. H2NO                     2.366020e+05     2.935128e+05     1.000000e+03     2.671410e+00     5.298230e-03     1.803185e-07    -2.804723e-10     0.000000e+00     1.164991e+01     1.496750e+00     8.894720e-03    -1.654185e-06     1.352533e-10     0.000000e+00     1.758646e+01
   31. N2H3                     2.285185e+05     3.022064e+05     1.000000e+03     3.174204e+00     4.715907e-03     6.674335e-06    -6.398950e-09     1.871891e-12     7.557224e+00     4.441841e+00     7.214271e-03    -1.247842e-06     1.306855e-10    -5.747375e-15    -4.274863e-01
   32. HCO                      2.245144e+05     2.733898e+05     1.000000e+03     2.898329e+00     6.199146e-03    -4.811542e-06     3.632750e-09    -1.143721e-12     8.983615e+00     3.557271e+00     3.345572e-03    -6.675030e-07     8.235240e-11    -4.284625e-15     5.552300e+00

 -------------------------------------------------------------------------------------------------------------------------------------------------------------------------------------------------------------------------------------------------------------------------------------------


